<?xml version="1.0" encoding="UTF-8"?>
<coverage generated="1566815633695" clover="3.2.0">
  <project timestamp="1566815633695" name="All files">
    <metrics statements="6274" coveredstatements="73" conditionals="3002" coveredconditionals="22" methods="1433" coveredmethods="20" elements="10709" coveredelements="115" complexity="0" loc="6274" ncloc="6274" packages="14" files="60" classes="60">
      <package name="src">
        <metrics statements="30" coveredstatements="1" conditionals="0" coveredconditionals="0" methods="0" coveredmethods="0"/>
        <file name="App.vue" path="/Users/jesper/Projects/JNSystems/kaa-infoportal/homepage/src/App.vue">
          <metrics statements="1" coveredstatements="0" conditionals="0" coveredconditionals="0" methods="0" coveredmethods="0"/>
          <line num="10" count="0" type="stmt"/>
        </file>
        <file name="devMode.js" path="/Users/jesper/Projects/JNSystems/kaa-infoportal/homepage/src/devMode.js">
          <metrics statements="1" coveredstatements="1" conditionals="0" coveredconditionals="0" methods="0" coveredmethods="0"/>
          <line num="1" count="3" type="stmt"/>
        </file>
        <file name="global.js" path="/Users/jesper/Projects/JNSystems/kaa-infoportal/homepage/src/global.js">
          <metrics statements="28" coveredstatements="0" conditionals="0" coveredconditionals="0" methods="0" coveredmethods="0"/>
          <line num="4" count="0" type="stmt"/>
          <line num="5" count="0" type="stmt"/>
          <line num="6" count="0" type="stmt"/>
          <line num="7" count="0" type="stmt"/>
          <line num="8" count="0" type="stmt"/>
          <line num="9" count="0" type="stmt"/>
          <line num="10" count="0" type="stmt"/>
          <line num="11" count="0" type="stmt"/>
          <line num="12" count="0" type="stmt"/>
          <line num="13" count="0" type="stmt"/>
          <line num="15" count="0" type="stmt"/>
          <line num="16" count="0" type="stmt"/>
          <line num="17" count="0" type="stmt"/>
          <line num="19" count="0" type="stmt"/>
          <line num="22" count="0" type="stmt"/>
          <line num="23" count="0" type="stmt"/>
          <line num="24" count="0" type="stmt"/>
          <line num="25" count="0" type="stmt"/>
          <line num="26" count="0" type="stmt"/>
          <line num="27" count="0" type="stmt"/>
          <line num="28" count="0" type="stmt"/>
          <line num="29" count="0" type="stmt"/>
          <line num="30" count="0" type="stmt"/>
          <line num="31" count="0" type="stmt"/>
          <line num="32" count="0" type="stmt"/>
          <line num="34" count="0" type="stmt"/>
          <line num="35" count="0" type="stmt"/>
          <line num="38" count="0" type="stmt"/>
        </file>
      </package>
      <package name="src.components">
        <metrics statements="41" coveredstatements="0" conditionals="10" coveredconditionals="0" methods="13" coveredmethods="0"/>
        <file name="NavigationBar.vue" path="/Users/jesper/Projects/JNSystems/kaa-infoportal/homepage/src/components/NavigationBar.vue">
          <metrics statements="40" coveredstatements="0" conditionals="10" coveredconditionals="0" methods="12" coveredmethods="0"/>
          <line num="105" count="0" type="stmt"/>
          <line num="106" count="0" type="stmt"/>
          <line num="107" count="0" type="stmt"/>
          <line num="109" count="0" type="stmt"/>
          <line num="114" count="0" type="stmt"/>
          <line num="154" count="0" type="stmt"/>
          <line num="155" count="0" type="stmt"/>
          <line num="157" count="0" type="stmt"/>
          <line num="158" count="0" type="stmt"/>
          <line num="159" count="0" type="stmt"/>
          <line num="163" count="0" type="stmt"/>
          <line num="166" count="0" type="stmt"/>
          <line num="171" count="0" type="stmt"/>
          <line num="173" count="0" type="cond" truecount="0" falsecount="2"/>
          <line num="174" count="0" type="stmt"/>
          <line num="175" count="0" type="stmt"/>
          <line num="178" count="0" type="cond" truecount="0" falsecount="2"/>
          <line num="179" count="0" type="stmt"/>
          <line num="181" count="0" type="stmt"/>
          <line num="184" count="0" type="stmt"/>
          <line num="185" count="0" type="stmt"/>
          <line num="187" count="0" type="stmt"/>
          <line num="193" count="0" type="stmt"/>
          <line num="195" count="0" type="cond" truecount="0" falsecount="2"/>
          <line num="196" count="0" type="stmt"/>
          <line num="198" count="0" type="stmt"/>
          <line num="202" count="0" type="stmt"/>
          <line num="203" count="0" type="stmt"/>
          <line num="205" count="0" type="cond" truecount="0" falsecount="2"/>
          <line num="206" count="0" type="stmt"/>
          <line num="208" count="0" type="stmt"/>
          <line num="211" count="0" type="stmt"/>
          <line num="212" count="0" type="cond" truecount="0" falsecount="2"/>
          <line num="213" count="0" type="stmt"/>
          <line num="216" count="0" type="stmt"/>
          <line num="217" count="0" type="stmt"/>
          <line num="218" count="0" type="stmt"/>
          <line num="222" count="0" type="stmt"/>
          <line num="225" count="0" type="stmt"/>
          <line num="228" count="0" type="stmt"/>
        </file>
        <file name="test.vue" path="/Users/jesper/Projects/JNSystems/kaa-infoportal/homepage/src/components/test.vue">
          <metrics statements="1" coveredstatements="0" conditionals="0" coveredconditionals="0" methods="1" coveredmethods="0"/>
          <line num="22" count="0" type="stmt"/>
        </file>
      </package>
      <package name="src.components.adminPage">
        <metrics statements="64" coveredstatements="0" conditionals="19" coveredconditionals="0" methods="22" coveredmethods="0"/>
        <file name="AdminPage.vue" path="/Users/jesper/Projects/JNSystems/kaa-infoportal/homepage/src/components/adminPage/AdminPage.vue">
          <metrics statements="64" coveredstatements="0" conditionals="19" coveredconditionals="0" methods="22" coveredmethods="0"/>
          <line num="108" count="0" type="stmt"/>
          <line num="110" count="0" type="stmt"/>
          <line num="112" count="0" type="stmt"/>
          <line num="127" count="0" type="stmt"/>
          <line num="138" count="0" type="stmt"/>
          <line num="139" count="0" type="stmt"/>
          <line num="142" count="0" type="stmt"/>
          <line num="146" count="0" type="cond" truecount="0" falsecount="2"/>
          <line num="147" count="0" type="stmt"/>
          <line num="148" count="0" type="cond" truecount="0" falsecount="2"/>
          <line num="149" count="0" type="stmt"/>
          <line num="153" count="0" type="stmt"/>
          <line num="155" count="0" type="stmt"/>
          <line num="156" count="0" type="stmt"/>
          <line num="158" count="0" type="stmt"/>
          <line num="159" count="0" type="stmt"/>
          <line num="162" count="0" type="stmt"/>
          <line num="163" count="0" type="stmt"/>
          <line num="165" count="0" type="stmt"/>
          <line num="166" count="0" type="stmt"/>
          <line num="168" count="0" type="stmt"/>
          <line num="169" count="0" type="stmt"/>
          <line num="175" count="0" type="stmt"/>
          <line num="179" count="0" type="stmt"/>
          <line num="186" count="0" type="stmt"/>
          <line num="187" count="0" type="stmt"/>
          <line num="190" count="0" type="cond" truecount="0" falsecount="2"/>
          <line num="191" count="0" type="stmt"/>
          <line num="192" count="0" type="cond" truecount="0" falsecount="2"/>
          <line num="193" count="0" type="stmt"/>
          <line num="197" count="0" type="cond" truecount="0" falsecount="2"/>
          <line num="198" count="0" type="stmt"/>
          <line num="199" count="0" type="stmt"/>
          <line num="200" count="0" type="stmt"/>
          <line num="203" count="0" type="stmt"/>
          <line num="205" count="0" type="stmt"/>
          <line num="206" count="0" type="stmt"/>
          <line num="207" count="0" type="stmt"/>
          <line num="209" count="0" type="stmt"/>
          <line num="210" count="0" type="stmt"/>
          <line num="212" count="0" type="stmt"/>
          <line num="213" count="0" type="stmt"/>
          <line num="214" count="0" type="stmt"/>
          <line num="217" count="0" type="stmt"/>
          <line num="218" count="0" type="stmt"/>
          <line num="219" count="0" type="stmt"/>
          <line num="221" count="0" type="stmt"/>
          <line num="222" count="0" type="stmt"/>
          <line num="224" count="0" type="stmt"/>
          <line num="225" count="0" type="stmt"/>
          <line num="226" count="0" type="stmt"/>
          <line num="229" count="0" type="stmt"/>
          <line num="230" count="0" type="stmt"/>
          <line num="231" count="0" type="stmt"/>
          <line num="233" count="0" type="stmt"/>
          <line num="234" count="0" type="stmt"/>
          <line num="236" count="0" type="stmt"/>
          <line num="237" count="0" type="stmt"/>
          <line num="238" count="0" type="stmt"/>
          <line num="242" count="0" type="stmt"/>
          <line num="243" count="0" type="cond" truecount="0" falsecount="2"/>
          <line num="244" count="0" type="cond" truecount="0" falsecount="2"/>
          <line num="245" count="0" type="stmt"/>
          <line num="247" count="0" type="stmt"/>
        </file>
      </package>
      <package name="src.components.deviationsPage">
        <metrics statements="85" coveredstatements="0" conditionals="33" coveredconditionals="0" methods="22" coveredmethods="0"/>
        <file name="DeviationsPage.vue" path="/Users/jesper/Projects/JNSystems/kaa-infoportal/homepage/src/components/deviationsPage/DeviationsPage.vue">
          <metrics statements="85" coveredstatements="0" conditionals="33" coveredconditionals="0" methods="22" coveredmethods="0"/>
          <line num="8" count="0" type="stmt"/>
          <line num="14" count="0" type="stmt"/>
          <line num="36" count="0" type="stmt"/>
          <line num="38" count="0" type="cond" truecount="0" falsecount="2"/>
          <line num="39" count="0" type="stmt"/>
          <line num="41" count="0" type="stmt"/>
          <line num="46" count="0" type="stmt"/>
          <line num="47" count="0" type="stmt"/>
          <line num="48" count="0" type="stmt"/>
          <line num="50" count="0" type="cond" truecount="0" falsecount="2"/>
          <line num="51" count="0" type="cond" truecount="0" falsecount="2"/>
          <line num="53" count="0" type="stmt"/>
          <line num="56" count="0" type="stmt"/>
          <line num="57" count="0" type="stmt"/>
          <line num="59" count="0" type="stmt"/>
          <line num="60" count="0" type="stmt"/>
          <line num="62" count="0" type="stmt"/>
          <line num="63" count="0" type="stmt"/>
          <line num="64" count="0" type="stmt"/>
          <line num="65" count="0" type="stmt"/>
          <line num="67" count="0" type="stmt"/>
          <line num="68" count="0" type="cond" truecount="0" falsecount="4"/>
          <line num="72" count="0" type="stmt"/>
          <line num="73" count="0" type="stmt"/>
          <line num="78" count="0" type="stmt"/>
          <line num="79" count="0" type="stmt"/>
          <line num="80" count="0" type="stmt"/>
          <line num="81" count="0" type="stmt"/>
          <line num="82" count="0" type="stmt"/>
          <line num="85" count="0" type="stmt"/>
          <line num="86" count="0" type="stmt"/>
          <line num="88" count="0" type="stmt"/>
          <line num="89" count="0" type="stmt"/>
          <line num="91" count="0" type="stmt"/>
          <line num="94" count="0" type="stmt"/>
          <line num="97" count="0" type="cond" truecount="0" falsecount="5"/>
          <line num="102" count="0" type="stmt"/>
          <line num="105" count="0" type="stmt"/>
          <line num="107" count="0" type="cond" truecount="0" falsecount="5"/>
          <line num="108" count="0" type="stmt"/>
          <line num="115" count="0" type="stmt"/>
          <line num="117" count="0" type="cond" truecount="0" falsecount="5"/>
          <line num="118" count="0" type="stmt"/>
          <line num="143" count="0" type="stmt"/>
          <line num="145" count="0" type="stmt"/>
          <line num="146" count="0" type="stmt"/>
          <line num="147" count="0" type="stmt"/>
          <line num="152" count="0" type="stmt"/>
          <line num="153" count="0" type="cond" truecount="0" falsecount="2"/>
          <line num="154" count="0" type="stmt"/>
          <line num="158" count="0" type="stmt"/>
          <line num="160" count="0" type="cond" truecount="0" falsecount="3"/>
          <line num="161" count="0" type="stmt"/>
          <line num="166" count="0" type="stmt"/>
          <line num="168" count="0" type="stmt"/>
          <line num="169" count="0" type="stmt"/>
          <line num="170" count="0" type="stmt"/>
          <line num="172" count="0" type="stmt"/>
          <line num="174" count="0" type="stmt"/>
          <line num="177" count="0" type="stmt"/>
          <line num="180" count="0" type="cond" truecount="0" falsecount="3"/>
          <line num="181" count="0" type="stmt"/>
          <line num="187" count="0" type="stmt"/>
          <line num="189" count="0" type="stmt"/>
          <line num="190" count="0" type="stmt"/>
          <line num="191" count="0" type="stmt"/>
          <line num="193" count="0" type="stmt"/>
          <line num="195" count="0" type="stmt"/>
          <line num="198" count="0" type="stmt"/>
          <line num="201" count="0" type="stmt"/>
          <line num="202" count="0" type="stmt"/>
          <line num="203" count="0" type="stmt"/>
          <line num="204" count="0" type="stmt"/>
          <line num="205" count="0" type="stmt"/>
          <line num="213" count="0" type="stmt"/>
          <line num="215" count="0" type="stmt"/>
          <line num="217" count="0" type="stmt"/>
          <line num="220" count="0" type="stmt"/>
          <line num="221" count="0" type="stmt"/>
          <line num="222" count="0" type="stmt"/>
          <line num="227" count="0" type="stmt"/>
          <line num="235" count="0" type="stmt"/>
          <line num="236" count="0" type="stmt"/>
          <line num="237" count="0" type="stmt"/>
          <line num="238" count="0" type="stmt"/>
        </file>
      </package>
      <package name="src.components.elElements">
        <metrics statements="265" coveredstatements="0" conditionals="122" coveredconditionals="0" methods="104" coveredmethods="0"/>
        <file name="ElButton.vue" path="/Users/jesper/Projects/JNSystems/kaa-infoportal/homepage/src/components/elElements/ElButton.vue">
          <metrics statements="7" coveredstatements="0" conditionals="6" coveredconditionals="0" methods="2" coveredmethods="0"/>
          <line num="28" count="0" type="stmt"/>
          <line num="68" count="0" type="stmt"/>
          <line num="69" count="0" type="cond" truecount="0" falsecount="2"/>
          <line num="71" count="0" type="stmt"/>
          <line num="73" count="0" type="stmt"/>
          <line num="74" count="0" type="cond" truecount="0" falsecount="4"/>
          <line num="75" count="0" type="stmt"/>
        </file>
        <file name="ElCheckbox.vue" path="/Users/jesper/Projects/JNSystems/kaa-infoportal/homepage/src/components/elElements/ElCheckbox.vue">
          <metrics statements="8" coveredstatements="0" conditionals="0" coveredconditionals="0" methods="7" coveredmethods="0"/>
          <line num="61" count="0" type="stmt"/>
          <line num="68" count="0" type="stmt"/>
          <line num="72" count="0" type="stmt"/>
          <line num="84" count="0" type="stmt"/>
          <line num="88" count="0" type="stmt"/>
          <line num="92" count="0" type="stmt"/>
          <line num="94" count="0" type="stmt"/>
          <line num="95" count="0" type="stmt"/>
        </file>
        <file name="ElCollapseHeader.vue" path="/Users/jesper/Projects/JNSystems/kaa-infoportal/homepage/src/components/elElements/ElCollapseHeader.vue">
          <metrics statements="3" coveredstatements="0" conditionals="2" coveredconditionals="0" methods="2" coveredmethods="0"/>
          <line num="30" count="0" type="stmt"/>
          <line num="55" count="0" type="stmt"/>
          <line num="60" count="0" type="cond" truecount="0" falsecount="2"/>
        </file>
        <file name="ElCollapseToggle.vue" path="/Users/jesper/Projects/JNSystems/kaa-infoportal/homepage/src/components/elElements/ElCollapseToggle.vue">
          <metrics statements="8" coveredstatements="0" conditionals="6" coveredconditionals="0" methods="4" coveredmethods="0"/>
          <line num="17" count="0" type="stmt"/>
          <line num="23" count="0" type="cond" truecount="0" falsecount="2"/>
          <line num="37" count="0" type="cond" truecount="0" falsecount="2"/>
          <line num="39" count="0" type="cond" truecount="0" falsecount="2"/>
          <line num="40" count="0" type="stmt"/>
          <line num="41" count="0" type="stmt"/>
          <line num="46" count="0" type="stmt"/>
          <line num="47" count="0" type="stmt"/>
        </file>
        <file name="ElDropdown.vue" path="/Users/jesper/Projects/JNSystems/kaa-infoportal/homepage/src/components/elElements/ElDropdown.vue">
          <metrics statements="2" coveredstatements="0" conditionals="0" coveredconditionals="0" methods="2" coveredmethods="0"/>
          <line num="64" count="0" type="stmt"/>
          <line num="81" count="0" type="stmt"/>
        </file>
        <file name="ElHeader.vue" path="/Users/jesper/Projects/JNSystems/kaa-infoportal/homepage/src/components/elElements/ElHeader.vue">
          <metrics statements="13" coveredstatements="0" conditionals="15" coveredconditionals="0" methods="4" coveredmethods="0"/>
          <line num="24" count="0" type="stmt"/>
          <line num="51" count="0" type="stmt"/>
          <line num="56" count="0" type="cond" truecount="0" falsecount="4"/>
          <line num="57" count="0" type="stmt"/>
          <line num="62" count="0" type="cond" truecount="0" falsecount="2"/>
          <line num="64" count="0" type="cond" truecount="0" falsecount="2"/>
          <line num="65" count="0" type="stmt"/>
          <line num="66" count="0" type="cond" truecount="0" falsecount="2"/>
          <line num="67" count="0" type="stmt"/>
          <line num="68" count="0" type="cond" truecount="0" falsecount="2"/>
          <line num="69" count="0" type="stmt"/>
          <line num="72" count="0" type="stmt"/>
          <line num="75" count="0" type="cond" truecount="0" falsecount="3"/>
        </file>
        <file name="ElInfoButton.vue" path="/Users/jesper/Projects/JNSystems/kaa-infoportal/homepage/src/components/elElements/ElInfoButton.vue">
          <metrics statements="2" coveredstatements="0" conditionals="0" coveredconditionals="0" methods="2" coveredmethods="0"/>
          <line num="21" count="0" type="stmt"/>
          <line num="27" count="0" type="stmt"/>
        </file>
        <file name="ElInput.vue" path="/Users/jesper/Projects/JNSystems/kaa-infoportal/homepage/src/components/elElements/ElInput.vue">
          <metrics statements="7" coveredstatements="0" conditionals="2" coveredconditionals="0" methods="2" coveredmethods="0"/>
          <line num="46" count="0" type="stmt"/>
          <line num="49" count="0" type="cond" truecount="0" falsecount="2"/>
          <line num="50" count="0" type="stmt"/>
          <line num="52" count="0" type="stmt"/>
          <line num="54" count="0" type="stmt"/>
          <line num="55" count="0" type="stmt"/>
          <line num="58" count="0" type="stmt"/>
        </file>
        <file name="ElInputButton.vue" path="/Users/jesper/Projects/JNSystems/kaa-infoportal/homepage/src/components/elElements/ElInputButton.vue">
          <metrics statements="13" coveredstatements="0" conditionals="8" coveredconditionals="0" methods="6" coveredmethods="0"/>
          <line num="27" count="0" type="stmt"/>
          <line num="28" count="0" type="stmt"/>
          <line num="35" count="0" type="stmt"/>
          <line num="40" count="0" type="cond" truecount="0" falsecount="4"/>
          <line num="41" count="0" type="stmt"/>
          <line num="46" count="0" type="cond" truecount="0" falsecount="4"/>
          <line num="47" count="0" type="stmt"/>
          <line num="53" count="0" type="stmt"/>
          <line num="54" count="0" type="stmt"/>
          <line num="57" count="0" type="stmt"/>
          <line num="58" count="0" type="stmt"/>
          <line num="61" count="0" type="stmt"/>
          <line num="62" count="0" type="stmt"/>
        </file>
        <file name="ElMenu.vue" path="/Users/jesper/Projects/JNSystems/kaa-infoportal/homepage/src/components/elElements/ElMenu.vue">
          <metrics statements="5" coveredstatements="0" conditionals="0" coveredconditionals="0" methods="4" coveredmethods="0"/>
          <line num="68" count="0" type="stmt"/>
          <line num="77" count="0" type="stmt"/>
          <line num="80" count="0" type="stmt"/>
          <line num="83" count="0" type="stmt"/>
          <line num="84" count="0" type="stmt"/>
        </file>
        <file name="ElMenuItem.vue" path="/Users/jesper/Projects/JNSystems/kaa-infoportal/homepage/src/components/elElements/ElMenuItem.vue">
          <metrics statements="5" coveredstatements="0" conditionals="0" coveredconditionals="0" methods="3" coveredmethods="0"/>
          <line num="15" count="0" type="stmt"/>
          <line num="21" count="0" type="stmt"/>
          <line num="33" count="0" type="stmt"/>
          <line num="37" count="0" type="stmt"/>
          <line num="38" count="0" type="stmt"/>
        </file>
        <file name="ElMultiSwitch.vue" path="/Users/jesper/Projects/JNSystems/kaa-infoportal/homepage/src/components/elElements/ElMultiSwitch.vue">
          <metrics statements="11" coveredstatements="0" conditionals="8" coveredconditionals="0" methods="6" coveredmethods="0"/>
          <line num="37" count="0" type="stmt"/>
          <line num="49" count="0" type="stmt"/>
          <line num="53" count="0" type="stmt"/>
          <line num="54" count="0" type="cond" truecount="0" falsecount="2"/>
          <line num="55" count="0" type="stmt"/>
          <line num="58" count="0" type="stmt"/>
          <line num="59" count="0" type="cond" truecount="0" falsecount="2"/>
          <line num="60" count="0" type="stmt"/>
          <line num="66" count="0" type="cond" truecount="0" falsecount="2"/>
          <line num="73" count="0" type="stmt"/>
          <line num="74" count="0" type="stmt"/>
        </file>
        <file name="ElPopup.vue" path="/Users/jesper/Projects/JNSystems/kaa-infoportal/homepage/src/components/elElements/ElPopup.vue">
          <metrics statements="16" coveredstatements="0" conditionals="6" coveredconditionals="0" methods="6" coveredmethods="0"/>
          <line num="63" count="0" type="stmt"/>
          <line num="78" count="0" type="stmt"/>
          <line num="89" count="0" type="stmt"/>
          <line num="92" count="0" type="stmt"/>
          <line num="93" count="0" type="stmt"/>
          <line num="95" count="0" type="stmt"/>
          <line num="96" count="0" type="stmt"/>
          <line num="99" count="0" type="cond" truecount="0" falsecount="4"/>
          <line num="100" count="0" type="stmt"/>
          <line num="103" count="0" type="cond" truecount="0" falsecount="2"/>
          <line num="104" count="0" type="stmt"/>
          <line num="106" count="0" type="stmt"/>
          <line num="107" count="0" type="stmt"/>
          <line num="113" count="0" type="stmt"/>
          <line num="114" count="0" type="stmt"/>
          <line num="116" count="0" type="stmt"/>
        </file>
        <file name="ElRadioButton.vue" path="/Users/jesper/Projects/JNSystems/kaa-infoportal/homepage/src/components/elElements/ElRadioButton.vue">
          <metrics statements="6" coveredstatements="0" conditionals="0" coveredconditionals="0" methods="5" coveredmethods="0"/>
          <line num="62" count="0" type="stmt"/>
          <line num="73" count="0" type="stmt"/>
          <line num="85" count="0" type="stmt"/>
          <line num="89" count="0" type="stmt"/>
          <line num="94" count="0" type="stmt"/>
          <line num="95" count="0" type="stmt"/>
        </file>
        <file name="ElSection.vue" path="/Users/jesper/Projects/JNSystems/kaa-infoportal/homepage/src/components/elElements/ElSection.vue">
          <metrics statements="3" coveredstatements="0" conditionals="2" coveredconditionals="0" methods="1" coveredmethods="0"/>
          <line num="23" count="0" type="cond" truecount="0" falsecount="2"/>
          <line num="24" count="0" type="stmt"/>
          <line num="27" count="0" type="stmt"/>
        </file>
        <file name="ElSelect.vue" path="/Users/jesper/Projects/JNSystems/kaa-infoportal/homepage/src/components/elElements/ElSelect.vue">
          <metrics statements="65" coveredstatements="0" conditionals="29" coveredconditionals="0" methods="18" coveredmethods="0"/>
          <line num="57" count="0" type="stmt"/>
          <line num="68" count="0" type="stmt"/>
          <line num="69" count="0" type="cond" truecount="0" falsecount="4"/>
          <line num="70" count="0" type="stmt"/>
          <line num="71" count="0" type="stmt"/>
          <line num="72" count="0" type="stmt"/>
          <line num="76" count="0" type="cond" truecount="0" falsecount="2"/>
          <line num="77" count="0" type="stmt"/>
          <line num="80" count="0" type="cond" truecount="0" falsecount="2"/>
          <line num="82" count="0" type="stmt"/>
          <line num="85" count="0" type="stmt"/>
          <line num="86" count="0" type="stmt"/>
          <line num="87" count="0" type="stmt"/>
          <line num="89" count="0" type="cond" truecount="0" falsecount="4"/>
          <line num="90" count="0" type="stmt"/>
          <line num="91" count="0" type="stmt"/>
          <line num="92" count="0" type="stmt"/>
          <line num="99" count="0" type="stmt"/>
          <line num="102" count="0" type="cond" truecount="0" falsecount="2"/>
          <line num="103" count="0" type="stmt"/>
          <line num="104" count="0" type="stmt"/>
          <line num="106" count="0" type="stmt"/>
          <line num="107" count="0" type="stmt"/>
          <line num="112" count="0" type="stmt"/>
          <line num="113" count="0" type="stmt"/>
          <line num="116" count="0" type="stmt"/>
          <line num="118" count="0" type="stmt"/>
          <line num="120" count="0" type="stmt"/>
          <line num="121" count="0" type="stmt"/>
          <line num="123" count="0" type="stmt"/>
          <line num="124" count="0" type="stmt"/>
          <line num="125" count="0" type="stmt"/>
          <line num="127" count="0" type="cond" truecount="0" falsecount="4"/>
          <line num="130" count="0" type="stmt"/>
          <line num="133" count="0" type="stmt"/>
          <line num="136" count="0" type="stmt"/>
          <line num="139" count="0" type="stmt"/>
          <line num="147" count="0" type="stmt"/>
          <line num="149" count="0" type="stmt"/>
          <line num="150" count="0" type="stmt"/>
          <line num="151" count="0" type="stmt"/>
          <line num="153" count="0" type="stmt"/>
          <line num="154" count="0" type="stmt"/>
          <line num="156" count="0" type="stmt"/>
          <line num="157" count="0" type="stmt"/>
          <line num="159" count="0" type="stmt"/>
          <line num="160" count="0" type="stmt"/>
          <line num="162" count="0" type="stmt"/>
          <line num="163" count="0" type="stmt"/>
          <line num="167" count="0" type="stmt"/>
          <line num="170" count="0" type="stmt"/>
          <line num="172" count="0" type="cond" truecount="0" falsecount="2"/>
          <line num="175" count="0" type="stmt"/>
          <line num="177" count="0" type="cond" truecount="0" falsecount="2"/>
          <line num="180" count="0" type="stmt"/>
          <line num="181" count="0" type="cond" truecount="0" falsecount="2"/>
          <line num="182" count="0" type="stmt"/>
          <line num="183" count="0" type="stmt"/>
          <line num="184" count="0" type="stmt"/>
          <line num="187" count="0" type="stmt"/>
          <line num="190" count="0" type="stmt"/>
          <line num="191" count="0" type="stmt"/>
          <line num="192" count="0" type="stmt"/>
          <line num="195" count="0" type="stmt"/>
          <line num="196" count="0" type="stmt"/>
        </file>
        <file name="ElSlider.vue" path="/Users/jesper/Projects/JNSystems/kaa-infoportal/homepage/src/components/elElements/ElSlider.vue">
          <metrics statements="3" coveredstatements="0" conditionals="0" coveredconditionals="0" methods="2" coveredmethods="0"/>
          <line num="10" count="0" type="stmt"/>
          <line num="21" count="0" type="stmt"/>
          <line num="38" count="0" type="stmt"/>
        </file>
        <file name="ElStickyFooter.vue" path="/Users/jesper/Projects/JNSystems/kaa-infoportal/homepage/src/components/elElements/ElStickyFooter.vue">
          <metrics statements="29" coveredstatements="0" conditionals="13" coveredconditionals="0" methods="8" coveredmethods="0"/>
          <line num="30" count="0" type="stmt"/>
          <line num="36" count="0" type="stmt"/>
          <line num="39" count="0" type="stmt"/>
          <line num="42" count="0" type="stmt"/>
          <line num="45" count="0" type="stmt"/>
          <line num="46" count="0" type="stmt"/>
          <line num="47" count="0" type="stmt"/>
          <line num="49" count="0" type="stmt"/>
          <line num="50" count="0" type="stmt"/>
          <line num="52" count="0" type="stmt"/>
          <line num="53" count="0" type="stmt"/>
          <line num="55" count="0" type="stmt"/>
          <line num="56" count="0" type="stmt"/>
          <line num="61" count="0" type="stmt"/>
          <line num="62" count="0" type="stmt"/>
          <line num="64" count="0" type="stmt"/>
          <line num="65" count="0" type="stmt"/>
          <line num="68" count="0" type="stmt"/>
          <line num="69" count="0" type="stmt"/>
          <line num="70" count="0" type="stmt"/>
          <line num="71" count="0" type="stmt"/>
          <line num="72" count="0" type="stmt"/>
          <line num="73" count="0" type="stmt"/>
          <line num="75" count="0" type="cond" truecount="0" falsecount="5"/>
          <line num="78" count="0" type="stmt"/>
          <line num="79" count="0" type="cond" truecount="0" falsecount="4"/>
          <line num="80" count="0" type="stmt"/>
          <line num="81" count="0" type="cond" truecount="0" falsecount="4"/>
          <line num="82" count="0" type="stmt"/>
        </file>
        <file name="ElStickySection.vue" path="/Users/jesper/Projects/JNSystems/kaa-infoportal/homepage/src/components/elElements/ElStickySection.vue">
          <metrics statements="27" coveredstatements="0" conditionals="13" coveredconditionals="0" methods="7" coveredmethods="0"/>
          <line num="18" count="0" type="stmt"/>
          <line num="24" count="0" type="stmt"/>
          <line num="27" count="0" type="stmt"/>
          <line num="30" count="0" type="stmt"/>
          <line num="34" count="0" type="stmt"/>
          <line num="35" count="0" type="stmt"/>
          <line num="37" count="0" type="stmt"/>
          <line num="38" count="0" type="stmt"/>
          <line num="40" count="0" type="stmt"/>
          <line num="41" count="0" type="stmt"/>
          <line num="43" count="0" type="stmt"/>
          <line num="47" count="0" type="stmt"/>
          <line num="48" count="0" type="stmt"/>
          <line num="50" count="0" type="stmt"/>
          <line num="51" count="0" type="stmt"/>
          <line num="54" count="0" type="stmt"/>
          <line num="55" count="0" type="stmt"/>
          <line num="56" count="0" type="stmt"/>
          <line num="57" count="0" type="stmt"/>
          <line num="58" count="0" type="stmt"/>
          <line num="59" count="0" type="stmt"/>
          <line num="61" count="0" type="cond" truecount="0" falsecount="5"/>
          <line num="64" count="0" type="stmt"/>
          <line num="65" count="0" type="cond" truecount="0" falsecount="4"/>
          <line num="66" count="0" type="stmt"/>
          <line num="67" count="0" type="cond" truecount="0" falsecount="4"/>
          <line num="68" count="0" type="stmt"/>
        </file>
        <file name="ElSwitch.vue" path="/Users/jesper/Projects/JNSystems/kaa-infoportal/homepage/src/components/elElements/ElSwitch.vue">
          <metrics statements="1" coveredstatements="0" conditionals="0" coveredconditionals="0" methods="1" coveredmethods="0"/>
          <line num="64" count="0" type="stmt"/>
        </file>
        <file name="ElSwitchButton.vue" path="/Users/jesper/Projects/JNSystems/kaa-infoportal/homepage/src/components/elElements/ElSwitchButton.vue">
          <metrics statements="5" coveredstatements="0" conditionals="0" coveredconditionals="0" methods="4" coveredmethods="0"/>
          <line num="21" count="0" type="stmt"/>
          <line num="28" count="0" type="stmt"/>
          <line num="36" count="0" type="stmt"/>
          <line num="37" count="0" type="stmt"/>
          <line num="42" count="0" type="stmt"/>
        </file>
        <file name="ElToggleButton.vue" path="/Users/jesper/Projects/JNSystems/kaa-infoportal/homepage/src/components/elElements/ElToggleButton.vue">
          <metrics statements="4" coveredstatements="0" conditionals="2" coveredconditionals="0" methods="1" coveredmethods="0"/>
          <line num="31" count="0" type="cond" truecount="0" falsecount="2"/>
          <line num="32" count="0" type="stmt"/>
          <line num="34" count="0" type="stmt"/>
          <line num="37" count="0" type="stmt"/>
        </file>
        <file name="ElTooltip.vue" path="/Users/jesper/Projects/JNSystems/kaa-infoportal/homepage/src/components/elElements/ElTooltip.vue">
          <metrics statements="22" coveredstatements="0" conditionals="10" coveredconditionals="0" methods="7" coveredmethods="0"/>
          <line num="22" count="0" type="stmt"/>
          <line num="29" count="0" type="stmt"/>
          <line num="31" count="0" type="cond" truecount="0" falsecount="2"/>
          <line num="33" count="0" type="stmt"/>
          <line num="34" count="0" type="stmt"/>
          <line num="37" count="0" type="stmt"/>
          <line num="39" count="0" type="cond" truecount="0" falsecount="2"/>
          <line num="41" count="0" type="stmt"/>
          <line num="42" count="0" type="stmt"/>
          <line num="45" count="0" type="stmt"/>
          <line num="46" count="0" type="stmt"/>
          <line num="48" count="0" type="cond" truecount="0" falsecount="2"/>
          <line num="49" count="0" type="stmt"/>
          <line num="51" count="0" type="stmt"/>
          <line num="52" count="0" type="cond" truecount="0" falsecount="2"/>
          <line num="53" count="0" type="stmt"/>
          <line num="54" count="0" type="stmt"/>
          <line num="60" count="0" type="stmt"/>
          <line num="61" count="0" type="stmt"/>
          <line num="64" count="0" type="stmt"/>
          <line num="66" count="0" type="cond" truecount="0" falsecount="2"/>
          <line num="67" count="0" type="stmt"/>
        </file>
      </package>
      <package name="src.components.elements">
        <metrics statements="157" coveredstatements="56" conditionals="64" coveredconditionals="16" methods="50" coveredmethods="15"/>
        <file name="ArrowStatus.vue" path="/Users/jesper/Projects/JNSystems/kaa-infoportal/homepage/src/components/elements/ArrowStatus.vue">
          <metrics statements="12" coveredstatements="8" conditionals="12" coveredconditionals="3" methods="6" coveredmethods="5"/>
          <line num="89" count="6" type="stmt"/>
          <line num="95" count="6" type="stmt"/>
          <line num="97" count="12" type="cond" truecount="1" falsecount="1"/>
          <line num="100" count="6" type="stmt"/>
          <line num="103" count="6" type="cond" truecount="1" falsecount="1"/>
          <line num="104" count="6" type="stmt"/>
          <line num="107" count="0" type="cond" truecount="0" falsecount="2"/>
          <line num="108" count="0" type="cond" truecount="0" falsecount="2"/>
          <line num="112" count="0" type="cond" truecount="0" falsecount="2"/>
          <line num="119" count="6" type="stmt"/>
          <line num="123" count="0" type="stmt"/>
          <line num="128" count="6" type="cond" truecount="1" falsecount="1"/>
        </file>
        <file name="DeviationSteps.vue" path="/Users/jesper/Projects/JNSystems/kaa-infoportal/homepage/src/components/elements/DeviationSteps.vue">
          <metrics statements="1" coveredstatements="0" conditionals="0" coveredconditionals="0" methods="0" coveredmethods="0"/>
          <line num="50" count="0" type="stmt"/>
        </file>
        <file name="HorizontalBars.vue" path="/Users/jesper/Projects/JNSystems/kaa-infoportal/homepage/src/components/elements/HorizontalBars.vue">
          <metrics statements="34" coveredstatements="0" conditionals="13" coveredconditionals="0" methods="13" coveredmethods="0"/>
          <line num="53" count="0" type="stmt"/>
          <line num="76" count="0" type="stmt"/>
          <line num="84" count="0" type="stmt"/>
          <line num="90" count="0" type="cond" truecount="0" falsecount="4"/>
          <line num="91" count="0" type="stmt"/>
          <line num="92" count="0" type="stmt"/>
          <line num="97" count="0" type="stmt"/>
          <line num="98" count="0" type="stmt"/>
          <line num="99" count="0" type="stmt"/>
          <line num="102" count="0" type="stmt"/>
          <line num="105" count="0" type="stmt"/>
          <line num="106" count="0" type="stmt"/>
          <line num="107" count="0" type="stmt"/>
          <line num="110" count="0" type="stmt"/>
          <line num="113" count="0" type="stmt"/>
          <line num="114" count="0" type="stmt"/>
          <line num="115" count="0" type="cond" truecount="0" falsecount="2"/>
          <line num="116" count="0" type="stmt"/>
          <line num="119" count="0" type="stmt"/>
          <line num="122" count="0" type="stmt"/>
          <line num="123" count="0" type="stmt"/>
          <line num="124" count="0" type="cond" truecount="0" falsecount="2"/>
          <line num="125" count="0" type="stmt"/>
          <line num="128" count="0" type="stmt"/>
          <line num="133" count="0" type="stmt"/>
          <line num="137" count="0" type="stmt"/>
          <line num="141" count="0" type="stmt"/>
          <line num="143" count="0" type="cond" truecount="0" falsecount="5"/>
          <line num="146" count="0" type="stmt"/>
          <line num="147" count="0" type="stmt"/>
          <line num="150" count="0" type="stmt"/>
          <line num="151" count="0" type="stmt"/>
          <line num="152" count="0" type="stmt"/>
          <line num="154" count="0" type="stmt"/>
        </file>
        <file name="HorizontalSplittedBars.vue" path="/Users/jesper/Projects/JNSystems/kaa-infoportal/homepage/src/components/elements/HorizontalSplittedBars.vue">
          <metrics statements="34" coveredstatements="0" conditionals="13" coveredconditionals="0" methods="13" coveredmethods="0"/>
          <line num="90" count="0" type="stmt"/>
          <line num="113" count="0" type="stmt"/>
          <line num="121" count="0" type="stmt"/>
          <line num="127" count="0" type="cond" truecount="0" falsecount="4"/>
          <line num="128" count="0" type="stmt"/>
          <line num="129" count="0" type="stmt"/>
          <line num="134" count="0" type="stmt"/>
          <line num="135" count="0" type="stmt"/>
          <line num="136" count="0" type="stmt"/>
          <line num="139" count="0" type="stmt"/>
          <line num="142" count="0" type="stmt"/>
          <line num="143" count="0" type="stmt"/>
          <line num="144" count="0" type="stmt"/>
          <line num="147" count="0" type="stmt"/>
          <line num="150" count="0" type="stmt"/>
          <line num="151" count="0" type="stmt"/>
          <line num="152" count="0" type="cond" truecount="0" falsecount="2"/>
          <line num="153" count="0" type="stmt"/>
          <line num="156" count="0" type="stmt"/>
          <line num="159" count="0" type="stmt"/>
          <line num="160" count="0" type="stmt"/>
          <line num="161" count="0" type="cond" truecount="0" falsecount="2"/>
          <line num="162" count="0" type="stmt"/>
          <line num="165" count="0" type="stmt"/>
          <line num="170" count="0" type="stmt"/>
          <line num="174" count="0" type="stmt"/>
          <line num="178" count="0" type="stmt"/>
          <line num="180" count="0" type="cond" truecount="0" falsecount="5"/>
          <line num="183" count="0" type="stmt"/>
          <line num="184" count="0" type="stmt"/>
          <line num="187" count="0" type="stmt"/>
          <line num="188" count="0" type="stmt"/>
          <line num="189" count="0" type="stmt"/>
          <line num="191" count="0" type="stmt"/>
        </file>
        <file name="ProgressBar.vue" path="/Users/jesper/Projects/JNSystems/kaa-infoportal/homepage/src/components/elements/ProgressBar.vue">
          <metrics statements="75" coveredstatements="48" conditionals="26" coveredconditionals="13" methods="17" coveredmethods="10"/>
          <line num="20" count="1" type="stmt"/>
          <line num="44" count="6" type="stmt"/>
          <line num="47" count="5" type="stmt"/>
          <line num="50" count="0" type="stmt"/>
          <line num="53" count="0" type="stmt"/>
          <line num="57" count="4" type="stmt"/>
          <line num="80" count="4" type="stmt"/>
          <line num="82" count="4" type="stmt"/>
          <line num="83" count="4" type="stmt"/>
          <line num="85" count="4" type="stmt"/>
          <line num="88" count="0" type="stmt"/>
          <line num="92" count="2" type="stmt"/>
          <line num="93" count="2" type="stmt"/>
          <line num="98" count="6" type="stmt"/>
          <line num="99" count="6" type="stmt"/>
          <line num="100" count="6" type="stmt"/>
          <line num="101" count="6" type="stmt"/>
          <line num="102" count="6" type="stmt"/>
          <line num="103" count="6" type="stmt"/>
          <line num="104" count="6" type="stmt"/>
          <line num="110" count="6" type="stmt"/>
          <line num="118" count="6" type="cond" truecount="2" falsecount="0"/>
          <line num="119" count="2" type="cond" truecount="1" falsecount="1"/>
          <line num="121" count="2" type="stmt"/>
          <line num="122" count="0" type="cond" truecount="0" falsecount="2"/>
          <line num="124" count="0" type="stmt"/>
          <line num="127" count="0" type="stmt"/>
          <line num="131" count="6" type="stmt"/>
          <line num="152" count="48" type="stmt"/>
          <line num="153" count="12" type="stmt"/>
          <line num="154" count="12" type="cond" truecount="1" falsecount="1"/>
          <line num="155" count="12" type="cond" truecount="1" falsecount="1"/>
          <line num="157" count="12" type="stmt"/>
          <line num="174" count="12" type="stmt"/>
          <line num="176" count="2" type="stmt"/>
          <line num="177" count="2" type="cond" truecount="1" falsecount="1"/>
          <line num="178" count="0" type="stmt"/>
          <line num="179" count="0" type="stmt"/>
          <line num="180" count="0" type="stmt"/>
          <line num="183" count="2" type="cond" truecount="1" falsecount="1"/>
          <line num="184" count="0" type="stmt"/>
          <line num="185" count="0" type="stmt"/>
          <line num="186" count="0" type="stmt"/>
          <line num="187" count="0" type="stmt"/>
          <line num="190" count="2" type="stmt"/>
          <line num="192" count="2" type="cond" truecount="1" falsecount="1"/>
          <line num="193" count="2" type="stmt"/>
          <line num="195" count="0" type="stmt"/>
          <line num="198" count="2" type="cond" truecount="1" falsecount="1"/>
          <line num="199" count="0" type="stmt"/>
          <line num="200" count="2" type="cond" truecount="1" falsecount="1"/>
          <line num="201" count="0" type="stmt"/>
          <line num="204" count="2" type="stmt"/>
          <line num="205" count="2" type="stmt"/>
          <line num="207" count="2" type="cond" truecount="2" falsecount="2"/>
          <line num="210" count="2" type="cond" truecount="1" falsecount="1"/>
          <line num="211" count="2" type="stmt"/>
          <line num="212" count="0" type="stmt"/>
          <line num="213" count="0" type="stmt"/>
          <line num="214" count="0" type="stmt"/>
          <line num="218" count="0" type="stmt"/>
          <line num="219" count="0" type="stmt"/>
          <line num="220" count="0" type="stmt"/>
          <line num="224" count="0" type="stmt"/>
          <line num="228" count="4" type="stmt"/>
          <line num="229" count="4" type="stmt"/>
          <line num="230" count="4" type="stmt"/>
          <line num="231" count="4" type="stmt"/>
          <line num="232" count="4" type="stmt"/>
          <line num="234" count="4" type="stmt"/>
          <line num="235" count="4" type="stmt"/>
          <line num="236" count="0" type="stmt"/>
          <line num="237" count="0" type="stmt"/>
          <line num="238" count="0" type="stmt"/>
          <line num="240" count="0" type="stmt"/>
        </file>
        <file name="TrafficTable.vue" path="/Users/jesper/Projects/JNSystems/kaa-infoportal/homepage/src/components/elements/TrafficTable.vue">
          <metrics statements="1" coveredstatements="0" conditionals="0" coveredconditionals="0" methods="1" coveredmethods="0"/>
          <line num="33" count="0" type="stmt"/>
        </file>
      </package>
      <package name="src.components.fikaRoom">
        <metrics statements="59" coveredstatements="0" conditionals="14" coveredconditionals="0" methods="16" coveredmethods="0"/>
        <file name="FikaRoom.vue" path="/Users/jesper/Projects/JNSystems/kaa-infoportal/homepage/src/components/fikaRoom/FikaRoom.vue">
          <metrics statements="59" coveredstatements="0" conditionals="14" coveredconditionals="0" methods="16" coveredmethods="0"/>
          <line num="87" count="0" type="stmt"/>
          <line num="88" count="0" type="stmt"/>
          <line num="89" count="0" type="stmt"/>
          <line num="90" count="0" type="stmt"/>
          <line num="92" count="0" type="stmt"/>
          <line num="93" count="0" type="stmt"/>
          <line num="94" count="0" type="stmt"/>
          <line num="96" count="0" type="stmt"/>
          <line num="97" count="0" type="stmt"/>
          <line num="103" count="0" type="stmt"/>
          <line num="116" count="0" type="stmt"/>
          <line num="117" count="0" type="stmt"/>
          <line num="118" count="0" type="stmt"/>
          <line num="119" count="0" type="stmt"/>
          <line num="120" count="0" type="stmt"/>
          <line num="121" count="0" type="stmt"/>
          <line num="122" count="0" type="stmt"/>
          <line num="124" count="0" type="stmt"/>
          <line num="125" count="0" type="stmt"/>
          <line num="130" count="0" type="stmt"/>
          <line num="131" count="0" type="cond" truecount="0" falsecount="2"/>
          <line num="132" count="0" type="stmt"/>
          <line num="135" count="0" type="cond" truecount="0" falsecount="2"/>
          <line num="137" count="0" type="cond" truecount="0" falsecount="2"/>
          <line num="138" count="0" type="cond" truecount="0" falsecount="2"/>
          <line num="139" count="0" type="stmt"/>
          <line num="141" count="0" type="cond" truecount="0" falsecount="4"/>
          <line num="142" count="0" type="stmt"/>
          <line num="145" count="0" type="stmt"/>
          <line num="146" count="0" type="stmt"/>
          <line num="148" count="0" type="stmt"/>
          <line num="149" count="0" type="stmt"/>
          <line num="151" count="0" type="stmt"/>
          <line num="153" count="0" type="stmt"/>
          <line num="154" count="0" type="stmt"/>
          <line num="158" count="0" type="stmt"/>
          <line num="165" count="0" type="stmt"/>
          <line num="168" count="0" type="stmt"/>
          <line num="169" count="0" type="stmt"/>
          <line num="170" count="0" type="stmt"/>
          <line num="171" count="0" type="stmt"/>
          <line num="173" count="0" type="stmt"/>
          <line num="174" count="0" type="stmt"/>
          <line num="175" count="0" type="stmt"/>
          <line num="176" count="0" type="stmt"/>
          <line num="179" count="0" type="stmt"/>
          <line num="267" count="0" type="stmt"/>
          <line num="269" count="0" type="stmt"/>
          <line num="271" count="0" type="stmt"/>
          <line num="272" count="0" type="stmt"/>
          <line num="275" count="0" type="stmt"/>
          <line num="278" count="0" type="stmt"/>
          <line num="279" count="0" type="stmt"/>
          <line num="282" count="0" type="stmt"/>
          <line num="283" count="0" type="stmt"/>
          <line num="286" count="0" type="stmt"/>
          <line num="289" count="0" type="cond" truecount="0" falsecount="2"/>
          <line num="291" count="0" type="stmt"/>
          <line num="293" count="0" type="stmt"/>
        </file>
      </package>
      <package name="src.components.maintenance">
        <metrics statements="11" coveredstatements="0" conditionals="5" coveredconditionals="0" methods="4" coveredmethods="0"/>
        <file name="MaintenancePage.vue" path="/Users/jesper/Projects/JNSystems/kaa-infoportal/homepage/src/components/maintenance/MaintenancePage.vue">
          <metrics statements="11" coveredstatements="0" conditionals="5" coveredconditionals="0" methods="4" coveredmethods="0"/>
          <line num="10" count="0" type="stmt"/>
          <line num="11" count="0" type="stmt"/>
          <line num="12" count="0" type="stmt"/>
          <line num="13" count="0" type="stmt"/>
          <line num="19" count="0" type="stmt"/>
          <line num="26" count="0" type="stmt"/>
          <line num="32" count="0" type="stmt"/>
          <line num="35" count="0" type="cond" truecount="0" falsecount="5"/>
          <line num="37" count="0" type="stmt"/>
          <line num="38" count="0" type="stmt"/>
          <line num="40" count="0" type="stmt"/>
        </file>
      </package>
      <package name="src.components.oljehall">
        <metrics statements="48" coveredstatements="0" conditionals="26" coveredconditionals="0" methods="15" coveredmethods="0"/>
        <file name="OljehallPage.vue" path="/Users/jesper/Projects/JNSystems/kaa-infoportal/homepage/src/components/oljehall/OljehallPage.vue">
          <metrics statements="48" coveredstatements="0" conditionals="26" coveredconditionals="0" methods="15" coveredmethods="0"/>
          <line num="148" count="0" type="stmt"/>
          <line num="149" count="0" type="stmt"/>
          <line num="150" count="0" type="stmt"/>
          <line num="151" count="0" type="stmt"/>
          <line num="157" count="0" type="stmt"/>
          <line num="216" count="0" type="stmt"/>
          <line num="222" count="0" type="stmt"/>
          <line num="223" count="0" type="stmt"/>
          <line num="224" count="0" type="stmt"/>
          <line num="225" count="0" type="stmt"/>
          <line num="226" count="0" type="stmt"/>
          <line num="230" count="0" type="cond" truecount="0" falsecount="2"/>
          <line num="231" count="0" type="cond" truecount="0" falsecount="2"/>
          <line num="232" count="0" type="cond" truecount="0" falsecount="3"/>
          <line num="233" count="0" type="cond" truecount="0" falsecount="3"/>
          <line num="235" count="0" type="cond" truecount="0" falsecount="2"/>
          <line num="236" count="0" type="cond" truecount="0" falsecount="2"/>
          <line num="237" count="0" type="cond" truecount="0" falsecount="3"/>
          <line num="239" count="0" type="cond" truecount="0" falsecount="3"/>
          <line num="240" count="0" type="cond" truecount="0" falsecount="2"/>
          <line num="243" count="0" type="stmt"/>
          <line num="245" count="0" type="stmt"/>
          <line num="246" count="0" type="stmt"/>
          <line num="248" count="0" type="stmt"/>
          <line num="249" count="0" type="stmt"/>
          <line num="251" count="0" type="stmt"/>
          <line num="254" count="0" type="stmt"/>
          <line num="255" count="0" type="stmt"/>
          <line num="257" count="0" type="stmt"/>
          <line num="258" count="0" type="stmt"/>
          <line num="259" count="0" type="stmt"/>
          <line num="260" count="0" type="stmt"/>
          <line num="261" count="0" type="stmt"/>
          <line num="262" count="0" type="stmt"/>
          <line num="263" count="0" type="stmt"/>
          <line num="265" count="0" type="cond" truecount="0" falsecount="2"/>
          <line num="266" count="0" type="stmt"/>
          <line num="267" count="0" type="stmt"/>
          <line num="268" count="0" type="stmt"/>
          <line num="272" count="0" type="stmt"/>
          <line num="273" count="0" type="cond" truecount="0" falsecount="2"/>
          <line num="274" count="0" type="stmt"/>
          <line num="287" count="0" type="stmt"/>
          <line num="288" count="0" type="stmt"/>
          <line num="290" count="0" type="stmt"/>
          <line num="291" count="0" type="stmt"/>
          <line num="292" count="0" type="stmt"/>
          <line num="294" count="0" type="stmt"/>
        </file>
      </package>
      <package name="src.components.profilePage">
        <metrics statements="258" coveredstatements="0" conditionals="40" coveredconditionals="0" methods="93" coveredmethods="0"/>
        <file name="ProfilePage.vue" path="/Users/jesper/Projects/JNSystems/kaa-infoportal/homepage/src/components/profilePage/ProfilePage.vue">
          <metrics statements="258" coveredstatements="0" conditionals="40" coveredconditionals="0" methods="93" coveredmethods="0"/>
          <line num="465" count="0" type="stmt"/>
          <line num="466" count="0" type="stmt"/>
          <line num="467" count="0" type="stmt"/>
          <line num="468" count="0" type="stmt"/>
          <line num="469" count="0" type="stmt"/>
          <line num="471" count="0" type="stmt"/>
          <line num="472" count="0" type="stmt"/>
          <line num="473" count="0" type="stmt"/>
          <line num="475" count="0" type="stmt"/>
          <line num="476" count="0" type="stmt"/>
          <line num="507" count="0" type="stmt"/>
          <line num="633" count="0" type="stmt"/>
          <line num="634" count="0" type="cond" truecount="0" falsecount="2"/>
          <line num="635" count="0" type="stmt"/>
          <line num="638" count="0" type="stmt"/>
          <line num="639" count="0" type="stmt"/>
          <line num="640" count="0" type="stmt"/>
          <line num="643" count="0" type="stmt"/>
          <line num="645" count="0" type="stmt"/>
          <line num="646" count="0" type="cond" truecount="0" falsecount="2"/>
          <line num="647" count="0" type="stmt"/>
          <line num="650" count="0" type="stmt"/>
          <line num="651" count="0" type="stmt"/>
          <line num="652" count="0" type="stmt"/>
          <line num="655" count="0" type="stmt"/>
          <line num="658" count="0" type="stmt"/>
          <line num="661" count="0" type="stmt"/>
          <line num="664" count="0" type="stmt"/>
          <line num="668" count="0" type="stmt"/>
          <line num="669" count="0" type="stmt"/>
          <line num="670" count="0" type="stmt"/>
          <line num="671" count="0" type="stmt"/>
          <line num="672" count="0" type="stmt"/>
          <line num="673" count="0" type="stmt"/>
          <line num="674" count="0" type="stmt"/>
          <line num="675" count="0" type="stmt"/>
          <line num="676" count="0" type="stmt"/>
          <line num="678" count="0" type="cond" truecount="0" falsecount="2"/>
          <line num="679" count="0" type="stmt"/>
          <line num="680" count="0" type="stmt"/>
          <line num="682" count="0" type="cond" truecount="0" falsecount="2"/>
          <line num="683" count="0" type="stmt"/>
          <line num="684" count="0" type="stmt"/>
          <line num="685" count="0" type="stmt"/>
          <line num="687" count="0" type="cond" truecount="0" falsecount="2"/>
          <line num="688" count="0" type="stmt"/>
          <line num="689" count="0" type="stmt"/>
          <line num="690" count="0" type="stmt"/>
          <line num="692" count="0" type="cond" truecount="0" falsecount="2"/>
          <line num="693" count="0" type="stmt"/>
          <line num="694" count="0" type="stmt"/>
          <line num="696" count="0" type="cond" truecount="0" falsecount="2"/>
          <line num="697" count="0" type="stmt"/>
          <line num="698" count="0" type="stmt"/>
          <line num="700" count="0" type="cond" truecount="0" falsecount="2"/>
          <line num="701" count="0" type="stmt"/>
          <line num="702" count="0" type="stmt"/>
          <line num="703" count="0" type="stmt"/>
          <line num="708" count="0" type="stmt"/>
          <line num="712" count="0" type="cond" truecount="0" falsecount="4"/>
          <line num="716" count="0" type="stmt"/>
          <line num="718" count="0" type="stmt"/>
          <line num="723" count="0" type="stmt"/>
          <line num="724" count="0" type="stmt"/>
          <line num="726" count="0" type="stmt"/>
          <line num="727" count="0" type="stmt"/>
          <line num="730" count="0" type="stmt"/>
          <line num="733" count="0" type="stmt"/>
          <line num="736" count="0" type="stmt"/>
          <line num="737" count="0" type="stmt"/>
          <line num="738" count="0" type="stmt"/>
          <line num="741" count="0" type="stmt"/>
          <line num="744" count="0" type="stmt"/>
          <line num="748" count="0" type="cond" truecount="0" falsecount="2"/>
          <line num="749" count="0" type="stmt"/>
          <line num="751" count="0" type="stmt"/>
          <line num="755" count="0" type="stmt"/>
          <line num="756" count="0" type="stmt"/>
          <line num="757" count="0" type="stmt"/>
          <line num="759" count="0" type="stmt"/>
          <line num="760" count="0" type="stmt"/>
          <line num="769" count="0" type="stmt"/>
          <line num="770" count="0" type="stmt"/>
          <line num="773" count="0" type="stmt"/>
          <line num="774" count="0" type="stmt"/>
          <line num="777" count="0" type="stmt"/>
          <line num="778" count="0" type="stmt"/>
          <line num="783" count="0" type="stmt"/>
          <line num="784" count="0" type="stmt"/>
          <line num="787" count="0" type="stmt"/>
          <line num="788" count="0" type="stmt"/>
          <line num="789" count="0" type="stmt"/>
          <line num="790" count="0" type="stmt"/>
          <line num="791" count="0" type="stmt"/>
          <line num="792" count="0" type="stmt"/>
          <line num="793" count="0" type="stmt"/>
          <line num="794" count="0" type="stmt"/>
          <line num="797" count="0" type="stmt"/>
          <line num="800" count="0" type="stmt"/>
          <line num="801" count="0" type="stmt"/>
          <line num="804" count="0" type="stmt"/>
          <line num="810" count="0" type="stmt"/>
          <line num="813" count="0" type="stmt"/>
          <line num="814" count="0" type="stmt"/>
          <line num="817" count="0" type="stmt"/>
          <line num="823" count="0" type="stmt"/>
          <line num="826" count="0" type="stmt"/>
          <line num="827" count="0" type="stmt"/>
          <line num="830" count="0" type="stmt"/>
          <line num="833" count="0" type="stmt"/>
          <line num="836" count="0" type="stmt"/>
          <line num="837" count="0" type="stmt"/>
          <line num="840" count="0" type="stmt"/>
          <line num="843" count="0" type="stmt"/>
          <line num="846" count="0" type="stmt"/>
          <line num="847" count="0" type="stmt"/>
          <line num="850" count="0" type="stmt"/>
          <line num="853" count="0" type="stmt"/>
          <line num="856" count="0" type="stmt"/>
          <line num="857" count="0" type="stmt"/>
          <line num="860" count="0" type="stmt"/>
          <line num="863" count="0" type="stmt"/>
          <line num="866" count="0" type="stmt"/>
          <line num="867" count="0" type="stmt"/>
          <line num="868" count="0" type="stmt"/>
          <line num="871" count="0" type="stmt"/>
          <line num="874" count="0" type="stmt"/>
          <line num="875" count="0" type="stmt"/>
          <line num="879" count="0" type="stmt"/>
          <line num="881" count="0" type="stmt"/>
          <line num="882" count="0" type="stmt"/>
          <line num="885" count="0" type="stmt"/>
          <line num="886" count="0" type="stmt"/>
          <line num="887" count="0" type="stmt"/>
          <line num="889" count="0" type="stmt"/>
          <line num="892" count="0" type="stmt"/>
          <line num="894" count="0" type="stmt"/>
          <line num="895" count="0" type="stmt"/>
          <line num="901" count="0" type="stmt"/>
          <line num="902" count="0" type="stmt"/>
          <line num="905" count="0" type="stmt"/>
          <line num="906" count="0" type="stmt"/>
          <line num="907" count="0" type="stmt"/>
          <line num="911" count="0" type="stmt"/>
          <line num="912" count="0" type="stmt"/>
          <line num="913" count="0" type="stmt"/>
          <line num="915" count="0" type="stmt"/>
          <line num="916" count="0" type="stmt"/>
          <line num="918" count="0" type="stmt"/>
          <line num="921" count="0" type="stmt"/>
          <line num="923" count="0" type="stmt"/>
          <line num="924" count="0" type="stmt"/>
          <line num="929" count="0" type="stmt"/>
          <line num="930" count="0" type="stmt"/>
          <line num="931" count="0" type="stmt"/>
          <line num="935" count="0" type="stmt"/>
          <line num="936" count="0" type="stmt"/>
          <line num="937" count="0" type="stmt"/>
          <line num="938" count="0" type="stmt"/>
          <line num="939" count="0" type="stmt"/>
          <line num="942" count="0" type="stmt"/>
          <line num="943" count="0" type="stmt"/>
          <line num="944" count="0" type="stmt"/>
          <line num="952" count="0" type="stmt"/>
          <line num="953" count="0" type="stmt"/>
          <line num="954" count="0" type="stmt"/>
          <line num="961" count="0" type="stmt"/>
          <line num="962" count="0" type="stmt"/>
          <line num="963" count="0" type="stmt"/>
          <line num="967" count="0" type="stmt"/>
          <line num="968" count="0" type="stmt"/>
          <line num="969" count="0" type="stmt"/>
          <line num="970" count="0" type="stmt"/>
          <line num="971" count="0" type="stmt"/>
          <line num="977" count="0" type="stmt"/>
          <line num="978" count="0" type="stmt"/>
          <line num="979" count="0" type="stmt"/>
          <line num="980" count="0" type="stmt"/>
          <line num="981" count="0" type="stmt"/>
          <line num="982" count="0" type="stmt"/>
          <line num="983" count="0" type="stmt"/>
          <line num="984" count="0" type="stmt"/>
          <line num="987" count="0" type="stmt"/>
          <line num="988" count="0" type="stmt"/>
          <line num="989" count="0" type="stmt"/>
          <line num="990" count="0" type="stmt"/>
          <line num="991" count="0" type="stmt"/>
          <line num="992" count="0" type="stmt"/>
          <line num="993" count="0" type="stmt"/>
          <line num="994" count="0" type="stmt"/>
          <line num="1001" count="0" type="stmt"/>
          <line num="1003" count="0" type="stmt"/>
          <line num="1004" count="0" type="stmt"/>
          <line num="1007" count="0" type="stmt"/>
          <line num="1008" count="0" type="stmt"/>
          <line num="1009" count="0" type="stmt"/>
          <line num="1010" count="0" type="stmt"/>
          <line num="1011" count="0" type="stmt"/>
          <line num="1013" count="0" type="stmt"/>
          <line num="1014" count="0" type="stmt"/>
          <line num="1022" count="0" type="stmt"/>
          <line num="1024" count="0" type="stmt"/>
          <line num="1025" count="0" type="stmt"/>
          <line num="1028" count="0" type="stmt"/>
          <line num="1029" count="0" type="cond" truecount="0" falsecount="2"/>
          <line num="1031" count="0" type="stmt"/>
          <line num="1036" count="0" type="stmt"/>
          <line num="1037" count="0" type="stmt"/>
          <line num="1038" count="0" type="stmt"/>
          <line num="1041" count="0" type="stmt"/>
          <line num="1042" count="0" type="stmt"/>
          <line num="1043" count="0" type="stmt"/>
          <line num="1044" count="0" type="stmt"/>
          <line num="1045" count="0" type="stmt"/>
          <line num="1046" count="0" type="stmt"/>
          <line num="1047" count="0" type="stmt"/>
          <line num="1051" count="0" type="stmt"/>
          <line num="1052" count="0" type="stmt"/>
          <line num="1053" count="0" type="stmt"/>
          <line num="1054" count="0" type="stmt"/>
          <line num="1055" count="0" type="stmt"/>
          <line num="1059" count="0" type="stmt"/>
          <line num="1069" count="0" type="stmt"/>
          <line num="1070" count="0" type="stmt"/>
          <line num="1071" count="0" type="stmt"/>
          <line num="1074" count="0" type="stmt"/>
          <line num="1075" count="0" type="stmt"/>
          <line num="1078" count="0" type="stmt"/>
          <line num="1079" count="0" type="stmt"/>
          <line num="1082" count="0" type="stmt"/>
          <line num="1083" count="0" type="stmt"/>
          <line num="1084" count="0" type="stmt"/>
          <line num="1087" count="0" type="stmt"/>
          <line num="1090" count="0" type="stmt"/>
          <line num="1091" count="0" type="stmt"/>
          <line num="1095" count="0" type="stmt"/>
          <line num="1098" count="0" type="stmt"/>
          <line num="1099" count="0" type="cond" truecount="0" falsecount="2"/>
          <line num="1100" count="0" type="cond" truecount="0" falsecount="2"/>
          <line num="1101" count="0" type="stmt"/>
          <line num="1103" count="0" type="stmt"/>
          <line num="1108" count="0" type="stmt"/>
          <line num="1109" count="0" type="stmt"/>
          <line num="1110" count="0" type="cond" truecount="0" falsecount="2"/>
          <line num="1111" count="0" type="stmt"/>
          <line num="1113" count="0" type="stmt"/>
          <line num="1124" count="0" type="stmt"/>
          <line num="1126" count="0" type="stmt"/>
          <line num="1127" count="0" type="stmt"/>
          <line num="1130" count="0" type="stmt"/>
          <line num="1136" count="0" type="stmt"/>
          <line num="1137" count="0" type="stmt"/>
          <line num="1139" count="0" type="cond" truecount="0" falsecount="2"/>
          <line num="1143" count="0" type="cond" truecount="0" falsecount="2"/>
          <line num="1144" count="0" type="cond" truecount="0" falsecount="2"/>
          <line num="1145" count="0" type="stmt"/>
          <line num="1148" count="0" type="stmt"/>
          <line num="1151" count="0" type="stmt"/>
        </file>
      </package>
      <package name="src.components.reportPage">
        <metrics statements="156" coveredstatements="0" conditionals="59" coveredconditionals="0" methods="38" coveredmethods="0"/>
        <file name="EconomyHighlight.vue" path="/Users/jesper/Projects/JNSystems/kaa-infoportal/homepage/src/components/reportPage/EconomyHighlight.vue">
          <metrics statements="4" coveredstatements="0" conditionals="0" coveredconditionals="0" methods="1" coveredmethods="0"/>
          <line num="71" count="0" type="stmt"/>
          <line num="72" count="0" type="stmt"/>
          <line num="73" count="0" type="stmt"/>
          <line num="81" count="0" type="stmt"/>
        </file>
        <file name="FuelHighlight.vue" path="/Users/jesper/Projects/JNSystems/kaa-infoportal/homepage/src/components/reportPage/FuelHighlight.vue">
          <metrics statements="4" coveredstatements="0" conditionals="0" coveredconditionals="0" methods="1" coveredmethods="0"/>
          <line num="57" count="0" type="stmt"/>
          <line num="58" count="0" type="stmt"/>
          <line num="59" count="0" type="stmt"/>
          <line num="67" count="0" type="stmt"/>
        </file>
        <file name="ReportHorisontalBar.vue" path="/Users/jesper/Projects/JNSystems/kaa-infoportal/homepage/src/components/reportPage/ReportHorisontalBar.vue">
          <metrics statements="8" coveredstatements="0" conditionals="2" coveredconditionals="0" methods="4" coveredmethods="0"/>
          <line num="27" count="0" type="stmt"/>
          <line num="28" count="0" type="stmt"/>
          <line num="36" count="0" type="stmt"/>
          <line num="45" count="0" type="stmt"/>
          <line num="50" count="0" type="stmt"/>
          <line num="54" count="0" type="stmt"/>
          <line num="55" count="0" type="cond" truecount="0" falsecount="2"/>
          <line num="56" count="0" type="stmt"/>
        </file>
        <file name="ReportPage.vue" path="/Users/jesper/Projects/JNSystems/kaa-infoportal/homepage/src/components/reportPage/ReportPage.vue">
          <metrics statements="129" coveredstatements="0" conditionals="57" coveredconditionals="0" methods="29" coveredmethods="0"/>
          <line num="155" count="0" type="stmt"/>
          <line num="156" count="0" type="stmt"/>
          <line num="157" count="0" type="stmt"/>
          <line num="158" count="0" type="stmt"/>
          <line num="159" count="0" type="stmt"/>
          <line num="160" count="0" type="stmt"/>
          <line num="161" count="0" type="stmt"/>
          <line num="162" count="0" type="stmt"/>
          <line num="164" count="0" type="stmt"/>
          <line num="170" count="0" type="stmt"/>
          <line num="209" count="0" type="cond" truecount="0" falsecount="2"/>
          <line num="210" count="0" type="stmt"/>
          <line num="211" count="0" type="stmt"/>
          <line num="213" count="0" type="stmt"/>
          <line num="215" count="0" type="cond" truecount="0" falsecount="2"/>
          <line num="216" count="0" type="stmt"/>
          <line num="218" count="0" type="stmt"/>
          <line num="223" count="0" type="stmt"/>
          <line num="225" count="0" type="cond" truecount="0" falsecount="2"/>
          <line num="226" count="0" type="stmt"/>
          <line num="228" count="0" type="stmt"/>
          <line num="233" count="0" type="cond" truecount="0" falsecount="2"/>
          <line num="234" count="0" type="stmt"/>
          <line num="236" count="0" type="stmt"/>
          <line num="239" count="0" type="stmt"/>
          <line num="245" count="0" type="stmt"/>
          <line num="246" count="0" type="stmt"/>
          <line num="247" count="0" type="stmt"/>
          <line num="249" count="0" type="cond" truecount="0" falsecount="2"/>
          <line num="250" count="0" type="cond" truecount="0" falsecount="2"/>
          <line num="252" count="0" type="stmt"/>
          <line num="255" count="0" type="stmt"/>
          <line num="256" count="0" type="stmt"/>
          <line num="258" count="0" type="stmt"/>
          <line num="259" count="0" type="stmt"/>
          <line num="260" count="0" type="stmt"/>
          <line num="262" count="0" type="stmt"/>
          <line num="263" count="0" type="stmt"/>
          <line num="264" count="0" type="stmt"/>
          <line num="265" count="0" type="stmt"/>
          <line num="267" count="0" type="stmt"/>
          <line num="268" count="0" type="cond" truecount="0" falsecount="4"/>
          <line num="272" count="0" type="stmt"/>
          <line num="273" count="0" type="stmt"/>
          <line num="278" count="0" type="stmt"/>
          <line num="279" count="0" type="stmt"/>
          <line num="280" count="0" type="stmt"/>
          <line num="281" count="0" type="stmt"/>
          <line num="282" count="0" type="stmt"/>
          <line num="283" count="0" type="stmt"/>
          <line num="286" count="0" type="stmt"/>
          <line num="287" count="0" type="stmt"/>
          <line num="289" count="0" type="stmt"/>
          <line num="290" count="0" type="stmt"/>
          <line num="292" count="0" type="stmt"/>
          <line num="295" count="0" type="stmt"/>
          <line num="298" count="0" type="cond" truecount="0" falsecount="4"/>
          <line num="302" count="0" type="stmt"/>
          <line num="305" count="0" type="cond" truecount="0" falsecount="5"/>
          <line num="306" count="0" type="stmt"/>
          <line num="309" count="0" type="stmt"/>
          <line num="311" count="0" type="cond" truecount="0" falsecount="5"/>
          <line num="312" count="0" type="stmt"/>
          <line num="317" count="0" type="stmt"/>
          <line num="319" count="0" type="cond" truecount="0" falsecount="5"/>
          <line num="320" count="0" type="stmt"/>
          <line num="325" count="0" type="stmt"/>
          <line num="326" count="0" type="stmt"/>
          <line num="327" count="0" type="cond" truecount="0" falsecount="2"/>
          <line num="328" count="0" type="stmt"/>
          <line num="330" count="0" type="cond" truecount="0" falsecount="2"/>
          <line num="331" count="0" type="stmt"/>
          <line num="333" count="0" type="cond" truecount="0" falsecount="2"/>
          <line num="334" count="0" type="stmt"/>
          <line num="336" count="0" type="cond" truecount="0" falsecount="2"/>
          <line num="337" count="0" type="stmt"/>
          <line num="340" count="0" type="stmt"/>
          <line num="341" count="0" type="stmt"/>
          <line num="342" count="0" type="stmt"/>
          <line num="345" count="0" type="stmt"/>
          <line num="346" count="0" type="cond" truecount="0" falsecount="2"/>
          <line num="347" count="0" type="stmt"/>
          <line num="351" count="0" type="stmt"/>
          <line num="353" count="0" type="cond" truecount="0" falsecount="3"/>
          <line num="354" count="0" type="stmt"/>
          <line num="359" count="0" type="stmt"/>
          <line num="361" count="0" type="stmt"/>
          <line num="362" count="0" type="stmt"/>
          <line num="363" count="0" type="stmt"/>
          <line num="365" count="0" type="stmt"/>
          <line num="367" count="0" type="stmt"/>
          <line num="370" count="0" type="stmt"/>
          <line num="373" count="0" type="cond" truecount="0" falsecount="3"/>
          <line num="374" count="0" type="stmt"/>
          <line num="380" count="0" type="stmt"/>
          <line num="382" count="0" type="stmt"/>
          <line num="383" count="0" type="stmt"/>
          <line num="384" count="0" type="stmt"/>
          <line num="386" count="0" type="stmt"/>
          <line num="388" count="0" type="stmt"/>
          <line num="391" count="0" type="stmt"/>
          <line num="395" count="0" type="stmt"/>
          <line num="396" count="0" type="stmt"/>
          <line num="402" count="0" type="cond" truecount="0" falsecount="2"/>
          <line num="403" count="0" type="stmt"/>
          <line num="406" count="0" type="stmt"/>
          <line num="412" count="0" type="stmt"/>
          <line num="413" count="0" type="stmt"/>
          <line num="414" count="0" type="stmt"/>
          <line num="415" count="0" type="stmt"/>
          <line num="416" count="0" type="stmt"/>
          <line num="417" count="0" type="stmt"/>
          <line num="418" count="0" type="stmt"/>
          <line num="419" count="0" type="stmt"/>
          <line num="427" count="0" type="stmt"/>
          <line num="429" count="0" type="stmt"/>
          <line num="431" count="0" type="stmt"/>
          <line num="434" count="0" type="stmt"/>
          <line num="435" count="0" type="stmt"/>
          <line num="436" count="0" type="stmt"/>
          <line num="441" count="0" type="stmt"/>
          <line num="449" count="0" type="stmt"/>
          <line num="450" count="0" type="stmt"/>
          <line num="451" count="0" type="stmt"/>
          <line num="452" count="0" type="stmt"/>
          <line num="455" count="0" type="cond" truecount="0" falsecount="4"/>
          <line num="456" count="0" type="stmt"/>
          <line num="458" count="0" type="stmt"/>
          <line num="462" count="0" type="stmt"/>
        </file>
        <file name="VisualJS.vue" path="/Users/jesper/Projects/JNSystems/kaa-infoportal/homepage/src/components/reportPage/VisualJS.vue">
          <metrics statements="11" coveredstatements="0" conditionals="0" coveredconditionals="0" methods="3" coveredmethods="0"/>
          <line num="9" count="0" type="stmt"/>
          <line num="16" count="0" type="stmt"/>
          <line num="24" count="0" type="stmt"/>
          <line num="25" count="0" type="stmt"/>
          <line num="27" count="0" type="stmt"/>
          <line num="28" count="0" type="stmt"/>
          <line num="33" count="0" type="stmt"/>
          <line num="34" count="0" type="stmt"/>
          <line num="35" count="0" type="stmt"/>
          <line num="36" count="0" type="stmt"/>
          <line num="38" count="0" type="stmt"/>
        </file>
      </package>
      <package name="src.components.script">
        <metrics statements="129" coveredstatements="16" conditionals="42" coveredconditionals="6" methods="19" coveredmethods="5"/>
        <file name="datePicker.js" path="/Users/jesper/Projects/JNSystems/kaa-infoportal/homepage/src/components/script/datePicker.js">
          <metrics statements="8" coveredstatements="0" conditionals="2" coveredconditionals="0" methods="1" coveredmethods="0"/>
          <line num="1" count="0" type="stmt"/>
          <line num="4" count="0" type="stmt"/>
          <line num="5" count="0" type="stmt"/>
          <line num="7" count="0" type="cond" truecount="0" falsecount="2"/>
          <line num="8" count="0" type="stmt"/>
          <line num="11" count="0" type="stmt"/>
          <line num="12" count="0" type="stmt"/>
          <line num="14" count="0" type="stmt"/>
        </file>
        <file name="devData.js" path="/Users/jesper/Projects/JNSystems/kaa-infoportal/homepage/src/components/script/devData.js">
          <metrics statements="1" coveredstatements="1" conditionals="0" coveredconditionals="0" methods="0" coveredmethods="0"/>
          <line num="1" count="2" type="stmt"/>
        </file>
        <file name="event.js" path="/Users/jesper/Projects/JNSystems/kaa-infoportal/homepage/src/components/script/event.js">
          <metrics statements="22" coveredstatements="0" conditionals="8" coveredconditionals="0" methods="3" coveredmethods="0"/>
          <line num="1" count="0" type="stmt"/>
          <line num="3" count="0" type="stmt"/>
          <line num="4" count="0" type="stmt"/>
          <line num="5" count="0" type="stmt"/>
          <line num="6" count="0" type="stmt"/>
          <line num="8" count="0" type="cond" truecount="0" falsecount="2"/>
[...]
          <line num="100" count="0" type="stmt"/>
          <line num="101" count="0" type="stmt"/>
          <line num="106" count="0" type="stmt"/>
          <line num="116" count="0" type="stmt"/>
          <line num="117" count="0" type="cond" truecount="0" falsecount="2"/>
          <line num="119" count="0" type="stmt"/>
          <line num="120" count="0" type="stmt"/>
          <line num="121" count="0" type="stmt"/>
          <line num="122" count="0" type="stmt"/>
          <line num="123" count="0" type="stmt"/>
          <line num="124" count="0" type="stmt"/>
          <line num="126" count="0" type="cond" truecount="0" falsecount="2"/>
          <line num="127" count="0" type="cond" truecount="0" falsecount="2"/>
          <line num="128" count="0" type="cond" truecount="0" falsecount="2"/>
          <line num="129" count="0" type="cond" truecount="0" falsecount="2"/>
          <line num="130" count="0" type="cond" truecount="0" falsecount="2"/>
          <line num="132" count="0" type="stmt"/>
        </file>
        <file name="httpService.js" path="/Users/jesper/Projects/JNSystems/kaa-infoportal/homepage/src/services/httpService.js">
          <metrics statements="59" coveredstatements="0" conditionals="33" coveredconditionals="0" methods="17" coveredmethods="0"/>
          <line num="2" count="0" type="stmt"/>
          <line num="3" count="0" type="stmt"/>
          <line num="4" count="0" type="stmt"/>
          <line num="6" count="0" type="stmt"/>
          <line num="7" count="0" type="stmt"/>
          <line num="17" count="0" type="cond" truecount="0" falsecount="2"/>
          <line num="18" count="0" type="stmt"/>
          <line num="19" count="0" type="stmt"/>
          <line num="22" count="0" type="stmt"/>
          <line num="23" count="0" type="cond" truecount="0" falsecount="2"/>
          <line num="24" count="0" type="stmt"/>
          <line num="25" count="0" type="stmt"/>
          <line num="27" count="0" type="stmt"/>
          <line num="28" count="0" type="stmt"/>
          <line num="30" count="0" type="stmt"/>
          <line num="32" count="0" type="stmt"/>
          <line num="35" count="0" type="stmt"/>
          <line num="36" count="0" type="cond" truecount="0" falsecount="2"/>
          <line num="37" count="0" type="stmt"/>
          <line num="38" count="0" type="stmt"/>
          <line num="40" count="0" type="stmt"/>
          <line num="41" count="0" type="cond" truecount="0" falsecount="3"/>
          <line num="43" count="0" type="stmt"/>
          <line num="45" count="0" type="stmt"/>
          <line num="47" count="0" type="stmt"/>
          <line num="50" count="0" type="stmt"/>
          <line num="51" count="0" type="stmt"/>
          <line num="53" count="0" type="stmt"/>
          <line num="54" count="0" type="stmt"/>
          <line num="55" count="0" type="stmt"/>
          <line num="57" count="0" type="stmt"/>
          <line num="58" count="0" type="stmt"/>
          <line num="61" count="0" type="cond" truecount="0" falsecount="2"/>
          <line num="63" count="0" type="cond" truecount="0" falsecount="2"/>
          <line num="64" count="0" type="cond" truecount="0" falsecount="2"/>
          <line num="66" count="0" type="stmt"/>
          <line num="67" count="0" type="cond" truecount="0" falsecount="2"/>
          <line num="68" count="0" type="cond" truecount="0" falsecount="2"/>
          <line num="69" count="0" type="cond" truecount="0" falsecount="2"/>
          <line num="70" count="0" type="cond" truecount="0" falsecount="2"/>
          <line num="72" count="0" type="cond" truecount="0" falsecount="2"/>
          <line num="73" count="0" type="stmt"/>
          <line num="75" count="0" type="stmt"/>
          <line num="78" count="0" type="cond" truecount="0" falsecount="2"/>
          <line num="79" count="0" type="stmt"/>
          <line num="82" count="0" type="stmt"/>
          <line num="84" count="0" type="stmt"/>
          <line num="85" count="0" type="cond" truecount="0" falsecount="2"/>
          <line num="86" count="0" type="stmt"/>
          <line num="91" count="0" type="stmt"/>
          <line num="92" count="0" type="stmt"/>
          <line num="94" count="0" type="stmt"/>
          <line num="96" count="0" type="stmt"/>
          <line num="99" count="0" type="cond" truecount="0" falsecount="4"/>
          <line num="100" count="0" type="stmt"/>
          <line num="101" count="0" type="stmt"/>
          <line num="103" count="0" type="stmt"/>
          <line num="105" count="0" type="stmt"/>
          <line num="106" count="0" type="stmt"/>
        </file>
        <file name="kaaDashboardHandler.js" path="/Users/jesper/Projects/JNSystems/kaa-infoportal/homepage/src/services/kaaDashboardHandler.js">
          <metrics statements="9" coveredstatements="0" conditionals="6" coveredconditionals="0" methods="0" coveredmethods="0"/>
          <line num="1" count="0" type="stmt"/>
          <line num="2" count="0" type="stmt"/>
          <line num="3" count="0" type="stmt"/>
          <line num="6" count="0" type="stmt"/>
          <line num="10" count="0" type="cond" truecount="0" falsecount="4"/>
          <line num="11" count="0" type="stmt"/>
          <line num="12" count="0" type="stmt"/>
          <line num="20" count="0" type="stmt"/>
          <line num="21" count="0" type="cond" truecount="0" falsecount="2"/>
        </file>
        <file name="maintenanceHandler.js" path="/Users/jesper/Projects/JNSystems/kaa-infoportal/homepage/src/services/maintenanceHandler.js">
          <metrics statements="8" coveredstatements="0" conditionals="0" coveredconditionals="0" methods="4" coveredmethods="0"/>
          <line num="2" count="0" type="stmt"/>
          <line num="4" count="0" type="stmt"/>
          <line num="8" count="0" type="stmt"/>
          <line num="9" count="0" type="stmt"/>
          <line num="10" count="0" type="stmt"/>
          <line num="12" count="0" type="stmt"/>
          <line num="14" count="0" type="stmt"/>
          <line num="15" count="0" type="stmt"/>
        </file>
        <file name="reportHandler.js" path="/Users/jesper/Projects/JNSystems/kaa-infoportal/homepage/src/services/reportHandler.js">
          <metrics statements="32" coveredstatements="0" conditionals="6" coveredconditionals="0" methods="13" coveredmethods="0"/>
          <line num="2" count="0" type="stmt"/>
          <line num="6" count="0" type="stmt"/>
          <line num="11" count="0" type="stmt"/>
          <line num="12" count="0" type="stmt"/>
          <line num="14" count="0" type="stmt"/>
          <line num="16" count="0" type="stmt"/>
          <line num="17" count="0" type="stmt"/>
          <line num="18" count="0" type="stmt"/>
          <line num="19" count="0" type="stmt"/>
          <line num="21" count="0" type="stmt"/>
          <line num="23" count="0" type="stmt"/>
          <line num="26" count="0" type="stmt"/>
          <line num="27" count="0" type="stmt"/>
          <line num="29" count="0" type="stmt"/>
          <line num="31" count="0" type="stmt"/>
          <line num="32" count="0" type="stmt"/>
          <line num="34" count="0" type="stmt"/>
          <line num="37" count="0" type="stmt"/>
          <line num="38" count="0" type="cond" truecount="0" falsecount="2"/>
          <line num="39" count="0" type="cond" truecount="0" falsecount="2"/>
          <line num="41" count="0" type="stmt"/>
          <line num="42" count="0" type="stmt"/>
          <line num="44" count="0" type="stmt"/>
          <line num="46" count="0" type="stmt"/>
          <line num="47" count="0" type="stmt"/>
          <line num="49" count="0" type="stmt"/>
          <line num="52" count="0" type="stmt"/>
          <line num="53" count="0" type="stmt"/>
          <line num="54" count="0" type="cond" truecount="0" falsecount="2"/>
          <line num="55" count="0" type="stmt"/>
          <line num="56" count="0" type="stmt"/>
          <line num="57" count="0" type="stmt"/>
        </file>
        <file name="socketService.js" path="/Users/jesper/Projects/JNSystems/kaa-infoportal/homepage/src/services/socketService.js">
          <metrics statements="80" coveredstatements="0" conditionals="46" coveredconditionals="0" methods="23" coveredmethods="0"/>
          <line num="1" count="0" type="stmt"/>
          <line num="2" count="0" type="stmt"/>
          <line num="4" count="0" type="stmt"/>
          <line num="6" count="0" type="stmt"/>
          <line num="14" count="0" type="cond" truecount="0" falsecount="4"/>
          <line num="15" count="0" type="stmt"/>
          <line num="18" count="0" type="stmt"/>
          <line num="19" count="0" type="stmt"/>
          <line num="21" count="0" type="cond" truecount="0" falsecount="4"/>
          <line num="22" count="0" type="stmt"/>
          <line num="23" count="0" type="cond" truecount="0" falsecount="2"/>
          <line num="24" count="0" type="stmt"/>
          <line num="27" count="0" type="stmt"/>
          <line num="28" count="0" type="cond" truecount="0" falsecount="4"/>
          <line num="29" count="0" type="stmt"/>
          <line num="30" count="0" type="stmt"/>
          <line num="32" count="0" type="stmt"/>
          <line num="35" count="0" type="stmt"/>
          <line num="39" count="0" type="stmt"/>
          <line num="43" count="0" type="stmt"/>
          <line num="44" count="0" type="stmt"/>
          <line num="47" count="0" type="stmt"/>
          <line num="49" count="0" type="stmt"/>
          <line num="50" count="0" type="cond" truecount="0" falsecount="2"/>
          <line num="51" count="0" type="stmt"/>
          <line num="52" count="0" type="stmt"/>
          <line num="53" count="0" type="stmt"/>
          <line num="54" count="0" type="stmt"/>
          <line num="55" count="0" type="stmt"/>
          <line num="57" count="0" type="cond" truecount="0" falsecount="2"/>
          <line num="58" count="0" type="cond" truecount="0" falsecount="2"/>
          <line num="59" count="0" type="stmt"/>
          <line num="60" count="0" type="cond" truecount="0" falsecount="2"/>
          <line num="61" count="0" type="stmt"/>
          <line num="63" count="0" type="cond" truecount="0" falsecount="2"/>
          <line num="64" count="0" type="stmt"/>
          <line num="65" count="0" type="cond" truecount="0" falsecount="2"/>
          <line num="66" count="0" type="stmt"/>
          <line num="69" count="0" type="stmt"/>
          <line num="71" count="0" type="cond" truecount="0" falsecount="2"/>
          <line num="72" count="0" type="stmt"/>
          <line num="74" count="0" type="stmt"/>
          <line num="75" count="0" type="stmt"/>
          <line num="78" count="0" type="stmt"/>
          <line num="80" count="0" type="stmt"/>
          <line num="81" count="0" type="cond" truecount="0" falsecount="2"/>
          <line num="82" count="0" type="stmt"/>
          <line num="87" count="0" type="stmt"/>
          <line num="88" count="0" type="stmt"/>
          <line num="89" count="0" type="stmt"/>
          <line num="90" count="0" type="stmt"/>
          <line num="91" count="0" type="stmt"/>
          <line num="92" count="0" type="stmt"/>
          <line num="94" count="0" type="cond" truecount="0" falsecount="2"/>
          <line num="95" count="0" type="cond" truecount="0" falsecount="2"/>
          <line num="96" count="0" type="stmt"/>
          <line num="97" count="0" type="cond" truecount="0" falsecount="2"/>
          <line num="98" count="0" type="stmt"/>
          <line num="100" count="0" type="cond" truecount="0" falsecount="2"/>
          <line num="101" count="0" type="stmt"/>
          <line num="102" count="0" type="cond" truecount="0" falsecount="2"/>
          <line num="103" count="0" type="stmt"/>
          <line num="106" count="0" type="stmt"/>
          <line num="108" count="0" type="cond" truecount="0" falsecount="2"/>
          <line num="109" count="0" type="stmt"/>
          <line num="111" count="0" type="stmt"/>
          <line num="112" count="0" type="stmt"/>
          <line num="115" count="0" type="stmt"/>
          <line num="117" count="0" type="stmt"/>
          <line num="118" count="0" type="cond" truecount="0" falsecount="2"/>
          <line num="119" count="0" type="stmt"/>
          <line num="124" count="0" type="stmt"/>
          <line num="125" count="0" type="stmt"/>
          <line num="126" count="0" type="stmt"/>
          <line num="127" count="0" type="cond" truecount="0" falsecount="2"/>
          <line num="128" count="0" type="stmt"/>
          <line num="130" count="0" type="stmt"/>
          <line num="134" count="0" type="stmt"/>
          <line num="135" count="0" type="stmt"/>
          <line num="136" count="0" type="stmt"/>
        </file>
        <file name="userHandler.js" path="/Users/jesper/Projects/JNSystems/kaa-infoportal/homepage/src/services/userHandler.js">
          <metrics statements="135" coveredstatements="0" conditionals="8" coveredconditionals="0" methods="84" coveredmethods="0"/>
          <line num="2" count="0" type="stmt"/>
          <line num="4" count="0" type="stmt"/>
          <line num="8" count="0" type="stmt"/>
          <line num="9" count="0" type="stmt"/>
          <line num="11" count="0" type="stmt"/>
          <line num="12" count="0" type="stmt"/>
          <line num="15" count="0" type="stmt"/>
          <line num="16" count="0" type="stmt"/>
          <line num="21" count="0" type="stmt"/>
          <line num="23" count="0" type="stmt"/>
          <line num="25" count="0" type="stmt"/>
          <line num="28" count="0" type="stmt"/>
          <line num="29" count="0" type="stmt"/>
          <line num="31" count="0" type="stmt"/>
          <line num="32" count="0" type="stmt"/>
          <line num="33" count="0" type="stmt"/>
          <line num="35" count="0" type="stmt"/>
          <line num="36" count="0" type="stmt"/>
          <line num="39" count="0" type="stmt"/>
          <line num="40" count="0" type="stmt"/>
          <line num="42" count="0" type="stmt"/>
          <line num="43" count="0" type="stmt"/>
          <line num="44" count="0" type="stmt"/>
          <line num="46" count="0" type="stmt"/>
          <line num="47" count="0" type="stmt"/>
          <line num="50" count="0" type="stmt"/>
          <line num="51" count="0" type="stmt"/>
          <line num="53" count="0" type="stmt"/>
          <line num="54" count="0" type="stmt"/>
          <line num="55" count="0" type="stmt"/>
          <line num="62" count="0" type="stmt"/>
          <line num="63" count="0" type="stmt"/>
          <line num="66" count="0" type="stmt"/>
          <line num="67" count="0" type="stmt"/>
          <line num="69" count="0" type="stmt"/>
          <line num="70" count="0" type="stmt"/>
          <line num="71" count="0" type="stmt"/>
          <line num="82" count="0" type="stmt"/>
          <line num="83" count="0" type="stmt"/>
          <line num="84" count="0" type="stmt"/>
          <line num="85" count="0" type="cond" truecount="0" falsecount="2"/>
          <line num="86" count="0" type="stmt"/>
          <line num="88" count="0" type="stmt"/>
          <line num="91" count="0" type="stmt"/>
          <line num="92" count="0" type="stmt"/>
          <line num="95" count="0" type="stmt"/>
          <line num="96" count="0" type="stmt"/>
          <line num="97" count="0" type="stmt"/>
          <line num="98" count="0" type="stmt"/>
          <line num="99" count="0" type="stmt"/>
          <line num="100" count="0" type="stmt"/>
          <line num="104" count="0" type="stmt"/>
          <line num="109" count="0" type="stmt"/>
          <line num="110" count="0" type="stmt"/>
          <line num="111" count="0" type="stmt"/>
          <line num="114" count="0" type="stmt"/>
          <line num="115" count="0" type="stmt"/>
          <line num="120" count="0" type="stmt"/>
          <line num="122" count="0" type="stmt"/>
          <line num="124" count="0" type="stmt"/>
          <line num="127" count="0" type="stmt"/>
          <line num="128" count="0" type="stmt"/>
          <line num="133" count="0" type="stmt"/>
          <line num="135" count="0" type="stmt"/>
          <line num="137" count="0" type="stmt"/>
          <line num="140" count="0" type="stmt"/>
          <line num="141" count="0" type="cond" truecount="0" falsecount="2"/>
          <line num="142" count="0" type="stmt"/>
          <line num="143" count="0" type="stmt"/>
          <line num="146" count="0" type="stmt"/>
          <line num="155" count="0" type="stmt"/>
          <line num="157" count="0" type="stmt"/>
          <line num="159" count="0" type="stmt"/>
          <line num="160" count="0" type="stmt"/>
          <line num="164" count="0" type="stmt"/>
          <line num="165" count="0" type="stmt"/>
          <line num="167" count="0" type="stmt"/>
          <line num="168" count="0" type="stmt"/>
          <line num="169" count="0" type="stmt"/>
          <line num="176" count="0" type="stmt"/>
          <line num="177" count="0" type="stmt"/>
          <line num="180" count="0" type="stmt"/>
          <line num="181" count="0" type="stmt"/>
          <line num="183" count="0" type="stmt"/>
          <line num="184" count="0" type="stmt"/>
          <line num="185" count="0" type="stmt"/>
          <line num="186" count="0" type="stmt"/>
          <line num="191" count="0" type="stmt"/>
          <line num="192" count="0" type="stmt"/>
          <line num="195" count="0" type="stmt"/>
          <line num="196" count="0" type="stmt"/>
          <line num="201" count="0" type="stmt"/>
          <line num="204" count="0" type="stmt"/>
          <line num="206" count="0" type="stmt"/>
          <line num="209" count="0" type="stmt"/>
          <line num="210" count="0" type="stmt"/>
          <line num="215" count="0" type="stmt"/>
          <line num="218" count="0" type="stmt"/>
          <line num="220" count="0" type="stmt"/>
          <line num="223" count="0" type="stmt"/>
          <line num="224" count="0" type="stmt"/>
          <line num="225" count="0" type="stmt"/>
          <line num="227" count="0" type="stmt"/>
          <line num="228" count="0" type="stmt"/>
          <line num="229" count="0" type="stmt"/>
          <line num="232" count="0" type="stmt"/>
          <line num="233" count="0" type="stmt"/>
          <line num="238" count="0" type="stmt"/>
          <line num="239" count="0" type="stmt"/>
          <line num="240" count="0" type="stmt"/>
          <line num="243" count="0" type="stmt"/>
          <line num="244" count="0" type="stmt"/>
          <line num="246" count="0" type="stmt"/>
          <line num="247" count="0" type="stmt"/>
          <line num="248" count="0" type="stmt"/>
          <line num="249" count="0" type="stmt"/>
          <line num="251" count="0" type="stmt"/>
          <line num="252" count="0" type="stmt"/>
          <line num="258" count="0" type="stmt"/>
          <line num="260" count="0" type="stmt"/>
          <line num="264" count="0" type="stmt"/>
          <line num="265" count="0" type="stmt"/>
          <line num="270" count="0" type="stmt"/>
          <line num="271" count="0" type="stmt"/>
          <line num="272" count="0" type="stmt"/>
          <line num="275" count="0" type="stmt"/>
          <line num="276" count="0" type="stmt"/>
          <line num="278" count="0" type="stmt"/>
          <line num="280" count="0" type="stmt"/>
          <line num="283" count="0" type="cond" truecount="0" falsecount="4"/>
          <line num="284" count="0" type="stmt"/>
          <line num="285" count="0" type="stmt"/>
          <line num="287" count="0" type="stmt"/>
          <line num="288" count="0" type="stmt"/>
          <line num="289" count="0" type="stmt"/>
        </file>
      </package>
    </metrics>
  </project>
</coverage>
