TN:
SF:/Users/jesper/Projects/JNSystems/kaa-infoportal/homepage/src/App.vue
FNF:0
FNH:0
DA:10,0
LF:1
LH:0
BRF:0
BRH:0
end_of_record
TN:
SF:/Users/jesper/Projects/JNSystems/kaa-infoportal/homepage/src/devMode.js
FNF:0
FNH:0
DA:1,3
LF:1
LH:1
BRF:0
BRH:0
end_of_record
TN:
SF:/Users/jesper/Projects/JNSystems/kaa-infoportal/homepage/src/global.js
FNF:0
FNH:0
DA:4,0
DA:5,0
DA:6,0
DA:7,0
DA:8,0
DA:9,0
DA:10,0
DA:11,0
DA:12,0
DA:13,0
DA:15,0
DA:16,0
DA:17,0
DA:19,0
DA:22,0
DA:23,0
DA:24,0
DA:25,0
DA:26,0
DA:27,0
DA:28,0
DA:29,0
DA:30,0
DA:31,0
DA:32,0
DA:34,0
DA:35,0
DA:38,0
LF:28
LH:0
BRF:0
BRH:0
end_of_record
TN:
SF:/Users/jesper/Projects/JNSystems/kaa-infoportal/homepage/src/components/NavigationBar.vue
FN:113,data
FN:153,mounted
FN:162,$route
FN:165,isNarrow
FN:170,goTo
FN:191,update
FN:201,updateWidth
FN:211,openDropdown
FN:217,(anonymous_10)
FN:221,closeDropdown
FN:224,toggleMenu
FN:227,closeMenu
FNF:12
FNH:0
FNDA:0,data
FNDA:0,mounted
FNDA:0,$route
FNDA:0,isNarrow
FNDA:0,goTo
FNDA:0,update
FNDA:0,updateWidth
FNDA:0,openDropdown
FNDA:0,(anonymous_10)
FNDA:0,closeDropdown
FNDA:0,toggleMenu
FNDA:0,closeMenu
DA:105,0
DA:106,0
DA:107,0
DA:109,0
DA:114,0
DA:154,0
DA:155,0
DA:157,0
DA:158,0
DA:159,0
DA:163,0
DA:166,0
DA:171,0
DA:173,0
DA:174,0
DA:175,0
DA:178,0
DA:179,0
DA:181,0
DA:184,0
DA:185,0
DA:187,0
DA:193,0
DA:195,0
DA:196,0
DA:198,0
DA:202,0
DA:203,0
DA:205,0
DA:206,0
DA:208,0
DA:211,0
DA:212,0
DA:213,0
DA:216,0
DA:217,0
DA:218,0
DA:222,0
DA:225,0
DA:228,0
LF:40
LH:0
BRDA:173,0,0,0
BRDA:173,0,1,0
BRDA:178,1,0,0
BRDA:178,1,1,0
BRDA:195,2,0,0
BRDA:195,2,1,0
BRDA:205,3,0,0
BRDA:205,3,1,0
BRDA:212,4,0,0
BRDA:212,4,1,0
BRF:10
BRH:0
end_of_record
TN:
SF:/Users/jesper/Projects/JNSystems/kaa-infoportal/homepage/src/components/test.vue
FN:21,data
FNF:1
FNH:0
FNDA:0,data
DA:22,0
LF:1
LH:0
BRF:0
BRH:0
end_of_record
TN:
SF:/Users/jesper/Projects/JNSystems/kaa-infoportal/homepage/src/components/adminPage/AdminPage.vue
FN:126,data
FN:137,mounted
FN:141,beforeDestroy
FN:145,keyUp
FN:174,getLogs
FN:175,(anonymous_7)
FN:182,rotateLogs
FN:185,newTerminalWindow
FN:189,destroyWindow
FN:196,changeWindowFocus
FN:202,selectTerminal
FN:205,sendDb
FN:207,(anonymous_15)
FN:211,(anonymous_16)
FN:217,sendCmd
FN:219,(anonymous_18)
FN:223,(anonymous_19)
FN:229,sendStreamCmd
FN:231,(anonymous_21)
FN:235,(anonymous_22)
FN:241,setFlags
FN:245,(anonymous_24)
FNF:22
FNH:0
FNDA:0,data
FNDA:0,mounted
FNDA:0,beforeDestroy
FNDA:0,keyUp
FNDA:0,getLogs
FNDA:0,(anonymous_7)
FNDA:0,rotateLogs
FNDA:0,newTerminalWindow
FNDA:0,destroyWindow
FNDA:0,changeWindowFocus
FNDA:0,selectTerminal
FNDA:0,sendDb
FNDA:0,(anonymous_15)
FNDA:0,(anonymous_16)
FNDA:0,sendCmd
FNDA:0,(anonymous_18)
FNDA:0,(anonymous_19)
FNDA:0,sendStreamCmd
FNDA:0,(anonymous_21)
FNDA:0,(anonymous_22)
FNDA:0,setFlags
FNDA:0,(anonymous_24)
DA:108,0
DA:110,0
DA:112,0
DA:127,0
DA:138,0
DA:139,0
DA:142,0
DA:146,0
DA:147,0
DA:148,0
DA:149,0
DA:153,0
DA:155,0
DA:156,0
DA:158,0
DA:159,0
DA:162,0
DA:163,0
DA:165,0
DA:166,0
DA:168,0
DA:169,0
DA:175,0
DA:179,0
DA:186,0
DA:187,0
DA:190,0
DA:191,0
DA:192,0
DA:193,0
DA:197,0
DA:198,0
DA:199,0
DA:200,0
DA:203,0
DA:205,0
DA:206,0
DA:207,0
DA:209,0
DA:210,0
DA:212,0
DA:213,0
DA:214,0
DA:217,0
DA:218,0
DA:219,0
DA:221,0
DA:222,0
DA:224,0
DA:225,0
DA:226,0
DA:229,0
DA:230,0
DA:231,0
DA:233,0
DA:234,0
DA:236,0
DA:237,0
DA:238,0
DA:242,0
DA:243,0
DA:244,0
DA:245,0
DA:247,0
LF:64
LH:0
BRDA:146,0,0,0
BRDA:146,0,1,0
BRDA:148,1,0,0
BRDA:148,1,1,0
BRDA:154,2,0,0
BRDA:154,2,1,0
BRDA:154,2,2,0
BRDA:154,2,3,0
BRDA:154,2,4,0
BRDA:190,3,0,0
BRDA:190,3,1,0
BRDA:192,4,0,0
BRDA:192,4,1,0
BRDA:197,5,0,0
BRDA:197,5,1,0
BRDA:243,6,0,0
BRDA:243,6,1,0
BRDA:244,7,0,0
BRDA:244,7,1,0
BRF:19
BRH:0
end_of_record
TN:
SF:/Users/jesper/Projects/JNSystems/kaa-infoportal/homepage/src/components/deviationsPage/DeviationsPage.vue
FN:13,data
FN:35,mounted
FN:45,formatDate
FN:55,chooseReport
FN:62,updateFilter
FN:67,(anonymous_7)
FN:77,chooseInterval
FN:84,selectCustomDate
FN:96,okProps
FN:107,getDefaultData
FN:117,getDefaultDataWithProps
FN:152,(anonymous_17)
FN:160,getAvailableReports
FN:175,(anonymous_22)
FN:180,getSuggestedIntervals
FN:196,(anonymous_27)
FN:201,getReportData
FN:205,(anonymous_29)
FN:218,(anonymous_30)
FN:225,setData
FN:227,(anonymous_32)
FN:234,resetLoader
FNF:22
FNH:0
FNDA:0,data
FNDA:0,mounted
FNDA:0,formatDate
FNDA:0,chooseReport
FNDA:0,updateFilter
FNDA:0,(anonymous_7)
FNDA:0,chooseInterval
FNDA:0,selectCustomDate
FNDA:0,okProps
FNDA:0,getDefaultData
FNDA:0,getDefaultDataWithProps
FNDA:0,(anonymous_17)
FNDA:0,getAvailableReports
FNDA:0,(anonymous_22)
FNDA:0,getSuggestedIntervals
FNDA:0,(anonymous_27)
FNDA:0,getReportData
FNDA:0,(anonymous_29)
FNDA:0,(anonymous_30)
FNDA:0,setData
FNDA:0,(anonymous_32)
FNDA:0,resetLoader
DA:8,0
DA:14,0
DA:36,0
DA:38,0
DA:39,0
DA:41,0
DA:46,0
DA:47,0
DA:48,0
DA:50,0
DA:51,0
DA:53,0
DA:56,0
DA:57,0
DA:59,0
DA:60,0
DA:62,0
DA:63,0
DA:64,0
DA:65,0
DA:67,0
DA:68,0
DA:72,0
DA:73,0
DA:78,0
DA:79,0
DA:80,0
DA:81,0
DA:82,0
DA:85,0
DA:86,0
DA:88,0
DA:89,0
DA:91,0
DA:94,0
DA:97,0
DA:102,0
DA:105,0
DA:107,0
DA:108,0
DA:115,0
DA:117,0
DA:118,0
DA:143,0
DA:145,0
DA:146,0
DA:147,0
DA:152,0
DA:153,0
DA:154,0
DA:158,0
DA:160,0
DA:161,0
DA:166,0
DA:168,0
DA:169,0
DA:170,0
DA:172,0
DA:174,0
DA:177,0
DA:180,0
DA:181,0
DA:187,0
DA:189,0
DA:190,0
DA:191,0
DA:193,0
DA:195,0
DA:198,0
DA:201,0
DA:202,0
DA:203,0
DA:204,0
DA:205,0
DA:213,0
DA:215,0
DA:217,0
DA:220,0
DA:221,0
DA:222,0
DA:227,0
DA:235,0
DA:236,0
DA:237,0
DA:238,0
LF:85
LH:0
BRDA:38,0,0,0
BRDA:38,0,1,0
BRDA:50,1,0,0
BRDA:50,1,1,0
BRDA:51,2,0,0
BRDA:51,2,1,0
BRDA:68,3,0,0
BRDA:68,3,1,0
BRDA:68,4,0,0
BRDA:68,4,1,0
BRDA:97,5,0,0
BRDA:97,5,1,0
BRDA:97,6,0,0
BRDA:97,6,1,0
BRDA:97,6,2,0
BRDA:107,7,0,0
BRDA:107,7,1,0
BRDA:107,7,2,0
BRDA:107,7,3,0
BRDA:107,7,4,0
BRDA:117,8,0,0
BRDA:117,8,1,0
BRDA:117,8,2,0
BRDA:117,8,3,0
BRDA:117,8,4,0
BRDA:153,9,0,0
BRDA:153,9,1,0
BRDA:160,10,0,0
BRDA:160,10,1,0
BRDA:160,10,2,0
BRDA:180,11,0,0
BRDA:180,11,1,0
BRDA:180,11,2,0
BRF:33
BRH:0
end_of_record
TN:
SF:/Users/jesper/Projects/JNSystems/kaa-infoportal/homepage/src/components/elElements/ElButton.vue
FN:68,next
FN:73,(anonymous_3)
FNF:2
FNH:0
FNDA:0,next
FNDA:0,(anonymous_3)
DA:28,0
DA:68,0
DA:69,0
DA:71,0
DA:73,0
DA:74,0
DA:75,0
LF:7
LH:0
BRDA:69,0,0,0
BRDA:69,0,1,0
BRDA:74,1,0,0
BRDA:74,1,1,0
BRDA:74,2,0,0
BRDA:74,2,1,0
BRF:6
BRH:0
end_of_record
TN:
SF:/Users/jesper/Projects/JNSystems/kaa-infoportal/homepage/src/components/elElements/ElCheckbox.vue
FN:60,data
FN:68,_default
FN:72,_default
FN:83,mounted
FN:87,value
FN:92,onChange
FN:94,(anonymous_7)
FNF:7
FNH:0
FNDA:0,data
FNDA:0,_default
FNDA:0,_default
FNDA:0,mounted
FNDA:0,value
FNDA:0,onChange
FNDA:0,(anonymous_7)
DA:61,0
DA:68,0
DA:72,0
DA:84,0
DA:88,0
DA:92,0
DA:94,0
DA:95,0
LF:8
LH:0
BRF:0
BRH:0
end_of_record
TN:
SF:/Users/jesper/Projects/JNSystems/kaa-infoportal/homepage/src/components/elElements/ElCollapseHeader.vue
FN:54,data
FN:59,mounted
FNF:2
FNH:0
FNDA:0,data
FNDA:0,mounted
DA:30,0
DA:55,0
DA:60,0
LF:3
LH:0
BRDA:60,0,0,0
BRDA:60,0,1,0
BRF:2
BRH:0
end_of_record
TN:
SF:/Users/jesper/Projects/JNSystems/kaa-infoportal/homepage/src/components/elElements/ElCollapseToggle.vue
FN:16,data
FN:22,isFlipped
FN:36,mounted
FN:45,toggle
FNF:4
FNH:0
FNDA:0,data
FNDA:0,isFlipped
FNDA:0,mounted
FNDA:0,toggle
DA:17,0
DA:23,0
DA:37,0
DA:39,0
DA:40,0
DA:41,0
DA:46,0
DA:47,0
LF:8
LH:0
BRDA:23,0,0,0
BRDA:23,0,1,0
BRDA:37,1,0,0
BRDA:37,1,1,0
BRDA:39,2,0,0
BRDA:39,2,1,0
BRF:6
BRH:0
end_of_record
TN:
SF:/Users/jesper/Projects/JNSystems/kaa-infoportal/homepage/src/components/elElements/ElDropdown.vue
FN:64,_default
FN:80,onChange
FNF:2
FNH:0
FNDA:0,_default
FNDA:0,onChange
DA:64,0
DA:81,0
LF:2
LH:0
BRF:0
BRH:0
end_of_record
TN:
SF:/Users/jesper/Projects/JNSystems/kaa-infoportal/homepage/src/components/elElements/ElHeader.vue
FN:50,data
FN:55,mounted
FN:61,icon
FN:74,hasNotification
FNF:4
FNH:0
FNDA:0,data
FNDA:0,mounted
FNDA:0,icon
FNDA:0,hasNotification
DA:24,0
DA:51,0
DA:56,0
DA:57,0
DA:62,0
DA:64,0
DA:65,0
DA:66,0
DA:67,0
DA:68,0
DA:69,0
DA:72,0
DA:75,0
LF:13
LH:0
BRDA:56,0,0,0
BRDA:56,0,1,0
BRDA:56,1,0,0
BRDA:56,1,1,0
BRDA:62,2,0,0
BRDA:62,2,1,0
BRDA:64,3,0,0
BRDA:64,3,1,0
BRDA:66,4,0,0
BRDA:66,4,1,0
BRDA:68,5,0,0
BRDA:68,5,1,0
BRDA:75,6,0,0
BRDA:75,6,1,0
BRDA:75,6,2,0
BRF:15
BRH:0
end_of_record
TN:
SF:/Users/jesper/Projects/JNSystems/kaa-infoportal/homepage/src/components/elElements/ElInfoButton.vue
FN:20,data
FN:26,toggleInfoCont
FNF:2
FNH:0
FNDA:0,data
FNDA:0,toggleInfoCont
DA:21,0
DA:27,0
LF:2
LH:0
BRF:0
BRH:0
end_of_record
TN:
SF:/Users/jesper/Projects/JNSystems/kaa-infoportal/homepage/src/components/elElements/ElInput.vue
FN:45,contentChanged
FN:48,duringChange
FNF:2
FNH:0
FNDA:0,contentChanged
FNDA:0,duringChange
DA:46,0
DA:49,0
DA:50,0
DA:52,0
DA:54,0
DA:55,0
DA:58,0
LF:7
LH:0
BRDA:49,0,0,0
BRDA:49,0,1,0
BRF:2
BRH:0
end_of_record
TN:
SF:/Users/jesper/Projects/JNSystems/kaa-infoportal/homepage/src/components/elElements/ElInputButton.vue
FN:34,data
FN:39,mounted
FN:45,value
FN:52,contentChanged
FN:56,duringChange
FN:60,enterPressed
FNF:6
FNH:0
FNDA:0,data
FNDA:0,mounted
FNDA:0,value
FNDA:0,contentChanged
FNDA:0,duringChange
FNDA:0,enterPressed
DA:27,0
DA:28,0
DA:35,0
DA:40,0
DA:41,0
DA:46,0
DA:47,0
DA:53,0
DA:54,0
DA:57,0
DA:58,0
DA:61,0
DA:62,0
LF:13
LH:0
BRDA:40,0,0,0
BRDA:40,0,1,0
BRDA:40,1,0,0
BRDA:40,1,1,0
BRDA:46,2,0,0
BRDA:46,2,1,0
BRDA:46,3,0,0
BRDA:46,3,1,0
BRF:8
BRH:0
end_of_record
TN:
SF:/Users/jesper/Projects/JNSystems/kaa-infoportal/homepage/src/components/elElements/ElMenu.vue
FN:67,data
FN:76,addItem
FN:79,getIndex
FN:82,openTab
FNF:4
FNH:0
FNDA:0,data
FNDA:0,addItem
FNDA:0,getIndex
FNDA:0,openTab
DA:68,0
DA:77,0
DA:80,0
DA:83,0
DA:84,0
LF:5
LH:0
BRF:0
BRH:0
end_of_record
TN:
SF:/Users/jesper/Projects/JNSystems/kaa-infoportal/homepage/src/components/elElements/ElMenuItem.vue
FN:20,data
FN:32,displayedIndex
FN:36,mounted
FNF:3
FNH:0
FNDA:0,data
FNDA:0,displayedIndex
FNDA:0,mounted
DA:15,0
DA:21,0
DA:33,0
DA:37,0
DA:38,0
LF:5
LH:0
BRF:0
BRH:0
end_of_record
TN:
SF:/Users/jesper/Projects/JNSystems/kaa-infoportal/homepage/src/components/elElements/ElMultiSwitch.vue
FN:37,_default
FN:48,data
FN:53,mounted
FN:58,(anonymous_4)
FN:65,markerPosition
FN:72,toggle
FNF:6
FNH:0
FNDA:0,_default
FNDA:0,data
FNDA:0,mounted
FNDA:0,(anonymous_4)
FNDA:0,markerPosition
FNDA:0,toggle
DA:37,0
DA:49,0
DA:53,0
DA:54,0
DA:55,0
DA:58,0
DA:59,0
DA:60,0
DA:66,0
DA:73,0
DA:74,0
LF:11
LH:0
BRDA:32,0,0,0
BRDA:32,0,1,0
BRDA:54,1,0,0
BRDA:54,1,1,0
BRDA:59,2,0,0
BRDA:59,2,1,0
BRDA:66,3,0,0
BRDA:66,3,1,0
BRF:8
BRH:0
end_of_record
TN:
SF:/Users/jesper/Projects/JNSystems/kaa-infoportal/homepage/src/components/elElements/ElPopup.vue
FN:77,data
FN:88,content
FN:92,mounted
FN:95,(anonymous_5)
FN:106,(anonymous_6)
FN:112,checkScrollBottom
FNF:6
FNH:0
FNDA:0,data
FNDA:0,content
FNDA:0,mounted
FNDA:0,(anonymous_5)
FNDA:0,(anonymous_6)
FNDA:0,checkScrollBottom
DA:63,0
DA:78,0
DA:89,0
DA:92,0
DA:93,0
DA:95,0
DA:96,0
DA:99,0
DA:100,0
DA:103,0
DA:104,0
DA:106,0
DA:107,0
DA:113,0
DA:114,0
DA:116,0
LF:16
LH:0
BRDA:99,0,0,0
BRDA:99,0,1,0
BRDA:99,1,0,0
BRDA:99,1,1,0
BRDA:103,2,0,0
BRDA:103,2,1,0
BRF:6
BRH:0
end_of_record
TN:
SF:/Users/jesper/Projects/JNSystems/kaa-infoportal/homepage/src/components/elElements/ElRadioButton.vue
FN:61,data
FN:73,_default
FN:84,mounted
FN:88,value
FN:93,onChange
FNF:5
FNH:0
FNDA:0,data
FNDA:0,_default
FNDA:0,mounted
FNDA:0,value
FNDA:0,onChange
DA:62,0
DA:73,0
DA:85,0
DA:89,0
DA:94,0
DA:95,0
LF:6
LH:0
BRF:0
BRH:0
end_of_record
TN:
SF:/Users/jesper/Projects/JNSystems/kaa-infoportal/homepage/src/components/elElements/ElSection.vue
FN:22,hasTitle
FNF:1
FNH:0
FNDA:0,hasTitle
DA:23,0
DA:24,0
DA:27,0
LF:3
LH:0
BRDA:23,0,0,0
BRDA:23,0,1,0
BRF:2
BRH:0
end_of_record
TN:
SF:/Users/jesper/Projects/JNSystems/kaa-infoportal/homepage/src/components/elElements/ElSelect.vue
FN:56,data
FN:68,mounted
FN:70,(anonymous_4)
FN:85,value
FN:90,(anonymous_6)
FN:98,sync
FN:101,addItem
FN:115,removeItem
FN:116,(anonymous_10)
FN:123,updateResults
FN:124,(anonymous_12)
FN:138,updateSearch
FN:166,searchFocus
FN:169,goUp
FN:174,goDown
FN:179,addHighlightItem
FN:189,open
FN:194,close
FNF:18
FNH:0
FNDA:0,data
FNDA:0,mounted
FNDA:0,(anonymous_4)
FNDA:0,value
FNDA:0,(anonymous_6)
FNDA:0,sync
FNDA:0,addItem
FNDA:0,removeItem
FNDA:0,(anonymous_10)
FNDA:0,updateResults
FNDA:0,(anonymous_12)
FNDA:0,updateSearch
FNDA:0,searchFocus
FNDA:0,goUp
FNDA:0,goDown
FNDA:0,addHighlightItem
FNDA:0,open
FNDA:0,close
DA:57,0
DA:68,0
DA:69,0
DA:70,0
DA:71,0
DA:72,0
DA:76,0
DA:77,0
DA:80,0
DA:82,0
DA:85,0
DA:86,0
DA:87,0
DA:89,0
DA:90,0
DA:91,0
DA:92,0
DA:99,0
DA:102,0
DA:103,0
DA:104,0
DA:106,0
DA:107,0
DA:112,0
DA:113,0
DA:116,0
DA:118,0
DA:120,0
DA:121,0
DA:123,0
DA:124,0
DA:125,0
DA:127,0
DA:130,0
DA:133,0
DA:136,0
DA:139,0
DA:147,0
DA:149,0
DA:150,0
DA:151,0
DA:153,0
DA:154,0
DA:156,0
DA:157,0
DA:159,0
DA:160,0
DA:162,0
DA:163,0
DA:167,0
DA:170,0
DA:172,0
DA:175,0
DA:177,0
DA:180,0
DA:181,0
DA:182,0
DA:183,0
DA:184,0
DA:187,0
DA:190,0
DA:191,0
DA:192,0
DA:195,0
DA:196,0
LF:65
LH:0
BRDA:69,0,0,0
BRDA:69,0,1,0
BRDA:69,1,0,0
BRDA:69,1,1,0
BRDA:76,2,0,0
BRDA:76,2,1,0
BRDA:80,3,0,0
BRDA:80,3,1,0
BRDA:89,4,0,0
BRDA:89,4,1,0
BRDA:89,5,0,0
BRDA:89,5,1,0
BRDA:102,6,0,0
BRDA:102,6,1,0
BRDA:127,7,0,0
BRDA:127,7,1,0
BRDA:127,8,0,0
BRDA:127,8,1,0
BRDA:148,9,0,0
BRDA:148,9,1,0
BRDA:148,9,2,0
BRDA:148,9,3,0
BRDA:148,9,4,0
BRDA:172,10,0,0
BRDA:172,10,1,0
BRDA:177,11,0,0
BRDA:177,11,1,0
BRDA:181,12,0,0
BRDA:181,12,1,0
BRF:29
BRH:0
end_of_record
TN:
SF:/Users/jesper/Projects/JNSystems/kaa-infoportal/homepage/src/components/elElements/ElSlider.vue
FN:21,_default
FN:37,onChange
FNF:2
FNH:0
FNDA:0,_default
FNDA:0,onChange
DA:10,0
DA:21,0
DA:38,0
LF:3
LH:0
BRF:0
BRH:0
end_of_record
TN:
SF:/Users/jesper/Projects/JNSystems/kaa-infoportal/homepage/src/components/elElements/ElStickyFooter.vue
FN:29,data
FN:35,container
FN:38,referenceContainer
FN:41,parentContainer
FN:45,mounted
FN:55,(anonymous_6)
FN:60,resizeUpdate
FN:67,scrollUpdate
FNF:8
FNH:0
FNDA:0,data
FNDA:0,container
FNDA:0,referenceContainer
FNDA:0,parentContainer
FNDA:0,mounted
FNDA:0,(anonymous_6)
FNDA:0,resizeUpdate
FNDA:0,scrollUpdate
DA:30,0
DA:36,0
DA:39,0
DA:42,0
DA:45,0
DA:46,0
DA:47,0
DA:49,0
DA:50,0
DA:52,0
DA:53,0
DA:55,0
DA:56,0
DA:61,0
DA:62,0
DA:64,0
DA:65,0
DA:68,0
DA:69,0
DA:70,0
DA:71,0
DA:72,0
DA:73,0
DA:75,0
DA:78,0
DA:79,0
DA:80,0
DA:81,0
DA:82,0
LF:29
LH:0
BRDA:75,0,0,0
BRDA:75,0,1,0
BRDA:75,1,0,0
BRDA:75,1,1,0
BRDA:75,1,2,0
BRDA:79,2,0,0
BRDA:79,2,1,0
BRDA:79,3,0,0
BRDA:79,3,1,0
BRDA:81,4,0,0
BRDA:81,4,1,0
BRDA:81,5,0,0
BRDA:81,5,1,0
BRF:13
BRH:0
end_of_record
TN:
SF:/Users/jesper/Projects/JNSystems/kaa-infoportal/homepage/src/components/elElements/ElStickySection.vue
FN:17,data
FN:23,container
FN:26,referenceContainer
FN:29,parentContainer
FN:33,mounted
FN:46,resizeUpdate
FN:53,scrollUpdate
FNF:7
FNH:0
FNDA:0,data
FNDA:0,container
FNDA:0,referenceContainer
FNDA:0,parentContainer
FNDA:0,mounted
FNDA:0,resizeUpdate
FNDA:0,scrollUpdate
DA:18,0
DA:24,0
DA:27,0
DA:30,0
DA:34,0
DA:35,0
DA:37,0
DA:38,0
DA:40,0
DA:41,0
DA:43,0
DA:47,0
DA:48,0
DA:50,0
DA:51,0
DA:54,0
DA:55,0
DA:56,0
DA:57,0
DA:58,0
DA:59,0
DA:61,0
DA:64,0
DA:65,0
DA:66,0
DA:67,0
DA:68,0
LF:27
LH:0
BRDA:61,0,0,0
BRDA:61,0,1,0
BRDA:61,1,0,0
BRDA:61,1,1,0
BRDA:61,1,2,0
BRDA:65,2,0,0
BRDA:65,2,1,0
BRDA:65,3,0,0
BRDA:65,3,1,0
BRDA:67,4,0,0
BRDA:67,4,1,0
BRDA:67,5,0,0
BRDA:67,5,1,0
BRF:13
BRH:0
end_of_record
TN:
SF:/Users/jesper/Projects/JNSystems/kaa-infoportal/homepage/src/components/elElements/ElSwitch.vue
FN:63,toggle
FNF:1
FNH:0
FNDA:0,toggle
DA:64,0
LF:1
LH:0
BRF:0
BRH:0
end_of_record
TN:
SF:/Users/jesper/Projects/JNSystems/kaa-infoportal/homepage/src/components/elElements/ElSwitchButton.vue
FN:20,data
FN:27,handler
FN:35,toggle
FN:41,mounted
FNF:4
FNH:0
FNDA:0,data
FNDA:0,handler
FNDA:0,toggle
FNDA:0,mounted
DA:21,0
DA:28,0
DA:36,0
DA:37,0
DA:42,0
LF:5
LH:0
BRF:0
BRH:0
end_of_record
TN:
SF:/Users/jesper/Projects/JNSystems/kaa-infoportal/homepage/src/components/elElements/ElToggleButton.vue
FN:30,toggle
FNF:1
FNH:0
FNDA:0,toggle
DA:31,0
DA:32,0
DA:34,0
DA:37,0
LF:4
LH:0
BRDA:31,0,0,0
BRDA:31,0,1,0
BRF:2
BRH:0
end_of_record
TN:
SF:/Users/jesper/Projects/JNSystems/kaa-infoportal/homepage/src/components/elElements/ElTooltip.vue
FN:21,data
FN:28,mounted
FN:36,destroyed
FN:45,show
FN:51,(anonymous_5)
FN:59,hide
FN:63,checkPosition
FNF:7
FNH:0
FNDA:0,data
FNDA:0,mounted
FNDA:0,destroyed
FNDA:0,show
FNDA:0,(anonymous_5)
FNDA:0,hide
FNDA:0,checkPosition
DA:22,0
DA:29,0
DA:31,0
DA:33,0
DA:34,0
DA:37,0
DA:39,0
DA:41,0
DA:42,0
DA:45,0
DA:46,0
DA:48,0
DA:49,0
DA:51,0
DA:52,0
DA:53,0
DA:54,0
DA:60,0
DA:61,0
DA:64,0
DA:66,0
DA:67,0
LF:22
LH:0
BRDA:31,0,0,0
BRDA:31,0,1,0
BRDA:39,1,0,0
BRDA:39,1,1,0
BRDA:48,2,0,0
BRDA:48,2,1,0
BRDA:52,3,0,0
BRDA:52,3,1,0
BRDA:66,4,0,0
BRDA:66,4,1,0
BRF:10
BRH:0
end_of_record
TN:
SF:/Users/jesper/Projects/JNSystems/kaa-infoportal/homepage/src/components/elements/ArrowStatus.vue
FN:88,data
FN:94,degree
FN:102,arrowColor
FN:118,mounted
FN:122,progress
FN:127,updateProgress
FNF:6
FNH:5
FNDA:6,data
FNDA:6,degree
FNDA:6,arrowColor
FNDA:6,mounted
FNDA:0,progress
FNDA:6,updateProgress
DA:89,6
DA:95,6
DA:97,12
DA:100,6
DA:103,6
DA:104,6
DA:107,0
DA:108,0
DA:112,0
DA:119,6
DA:123,0
DA:128,6
LF:12
LH:8
BRDA:97,0,0,0
BRDA:97,0,1,12
BRDA:103,1,0,6
BRDA:103,1,1,0
BRDA:107,2,0,0
BRDA:107,2,1,0
BRDA:108,3,0,0
BRDA:108,3,1,0
BRDA:112,4,0,0
BRDA:112,4,1,0
BRDA:128,5,0,0
BRDA:128,5,1,6
BRF:12
BRH:3
end_of_record
TN:
SF:/Users/jesper/Projects/JNSystems/kaa-infoportal/homepage/src/components/elements/DeviationSteps.vue
FNF:0
FNH:0
DA:50,0
LF:1
LH:0
BRF:0
BRH:0
end_of_record
TN:
SF:/Users/jesper/Projects/JNSystems/kaa-infoportal/homepage/src/components/elements/HorizontalBars.vue
FN:76,_default
FN:83,data
FN:88,mounted
FN:96,totalWeight
FN:98,(anonymous_5)
FN:104,totalAbsWeight
FN:106,(anonymous_7)
FN:112,minWeight
FN:114,(anonymous_9)
FN:121,maxWeight
FN:123,(anonymous_11)
FN:132,getStats
FN:135,getPercentage
FNF:13
FNH:0
FNDA:0,_default
FNDA:0,data
FNDA:0,mounted
FNDA:0,totalWeight
FNDA:0,(anonymous_5)
FNDA:0,totalAbsWeight
FNDA:0,(anonymous_7)
FNDA:0,minWeight
FNDA:0,(anonymous_9)
FNDA:0,maxWeight
FNDA:0,(anonymous_11)
FNDA:0,getStats
FNDA:0,getPercentage
DA:53,0
DA:76,0
DA:84,0
DA:90,0
DA:91,0
DA:92,0
DA:97,0
DA:98,0
DA:99,0
DA:102,0
DA:105,0
DA:106,0
DA:107,0
DA:110,0
DA:113,0
DA:114,0
DA:115,0
DA:116,0
DA:119,0
DA:122,0
DA:123,0
DA:124,0
DA:125,0
DA:128,0
DA:133,0
DA:137,0
DA:141,0
DA:143,0
DA:146,0
DA:147,0
DA:150,0
DA:151,0
DA:152,0
DA:154,0
LF:34
LH:0
BRDA:90,0,0,0
BRDA:90,0,1,0
BRDA:90,1,0,0
BRDA:90,1,1,0
BRDA:115,2,0,0
BRDA:115,2,1,0
BRDA:124,3,0,0
BRDA:124,3,1,0
BRDA:143,4,0,0
BRDA:143,4,1,0
BRDA:143,5,0,0
BRDA:143,5,1,0
BRDA:143,5,2,0
BRF:13
BRH:0
end_of_record
TN:
SF:/Users/jesper/Projects/JNSystems/kaa-infoportal/homepage/src/components/elements/HorizontalSplittedBars.vue
FN:113,_default
FN:120,data
FN:125,mounted
FN:133,totalWeight
FN:135,(anonymous_5)
FN:141,totalAbsWeight
FN:143,(anonymous_7)
FN:149,minWeight
FN:151,(anonymous_9)
FN:158,maxWeight
FN:160,(anonymous_11)
FN:169,getStats
FN:172,getPercentage
FNF:13
FNH:0
FNDA:0,_default
FNDA:0,data
FNDA:0,mounted
FNDA:0,totalWeight
FNDA:0,(anonymous_5)
FNDA:0,totalAbsWeight
FNDA:0,(anonymous_7)
FNDA:0,minWeight
FNDA:0,(anonymous_9)
FNDA:0,maxWeight
FNDA:0,(anonymous_11)
FNDA:0,getStats
FNDA:0,getPercentage
DA:90,0
DA:113,0
DA:121,0
DA:127,0
DA:128,0
DA:129,0
DA:134,0
DA:135,0
DA:136,0
DA:139,0
DA:142,0
DA:143,0
DA:144,0
DA:147,0
DA:150,0
DA:151,0
DA:152,0
DA:153,0
DA:156,0
DA:159,0
DA:160,0
DA:161,0
DA:162,0
DA:165,0
DA:170,0
DA:174,0
DA:178,0
DA:180,0
DA:183,0
DA:184,0
DA:187,0
DA:188,0
DA:189,0
DA:191,0
LF:34
LH:0
BRDA:127,0,0,0
BRDA:127,0,1,0
BRDA:127,1,0,0
BRDA:127,1,1,0
BRDA:152,2,0,0
BRDA:152,2,1,0
BRDA:161,3,0,0
BRDA:161,3,1,0
BRDA:180,4,0,0
BRDA:180,4,1,0
BRDA:180,5,0,0
BRDA:180,5,1,0
BRDA:180,5,2,0
BRF:13
BRH:0
end_of_record
TN:
SF:/Users/jesper/Projects/JNSystems/kaa-infoportal/homepage/src/components/elements/ProgressBar.vue
FN:43,percentageLabel
FN:46,meanLabel
FN:49,wrapper
FN:52,waveContainer
FN:56,data
FN:79,mounted
FN:87,beforeDestroy
FN:91,percentage
FN:97,buildSvg
FN:152,getCurve
FN:176,animateWave
FN:211,(anonymous_13)
FN:212,(anonymous_14)
FN:218,(anonymous_15)
FN:227,breakAnimation
FN:234,updateSizing
FN:235,(anonymous_18)
FNF:17
FNH:10
FNDA:6,percentageLabel
FNDA:5,meanLabel
FNDA:0,wrapper
FNDA:0,waveContainer
FNDA:4,data
FNDA:4,mounted
FNDA:0,beforeDestroy
FNDA:2,percentage
FNDA:6,buildSvg
FNDA:12,getCurve
FNDA:2,animateWave
FNDA:0,(anonymous_13)
FNDA:0,(anonymous_14)
FNDA:0,(anonymous_15)
FNDA:4,breakAnimation
FNDA:4,updateSizing
FNDA:0,(anonymous_18)
DA:20,1
DA:44,6
DA:47,5
DA:50,0
DA:53,0
DA:57,4
DA:80,4
DA:82,4
DA:83,4
DA:85,4
DA:88,0
DA:92,2
DA:93,2
DA:98,6
DA:99,6
DA:100,6
DA:101,6
DA:102,6
DA:103,6
DA:104,6
DA:110,6
DA:118,6
DA:119,2
DA:121,2
DA:122,0
DA:124,0
DA:127,0
DA:131,6
DA:152,48
DA:153,12
DA:154,12
DA:155,12
DA:157,12
DA:174,12
DA:176,2
DA:177,2
DA:178,0
DA:179,0
DA:180,0
DA:183,2
DA:184,0
DA:185,0
DA:186,0
DA:187,0
DA:190,2
DA:192,2
DA:193,2
DA:195,0
DA:198,2
DA:199,0
DA:200,2
DA:201,0
DA:204,2
DA:205,2
DA:207,2
DA:210,2
DA:211,2
DA:212,0
DA:213,0
DA:214,0
DA:218,0
DA:219,0
DA:220,0
DA:224,0
DA:228,4
DA:229,4
DA:230,4
DA:231,4
DA:232,4
DA:234,4
DA:235,4
DA:236,0
DA:237,0
DA:238,0
DA:240,0
LF:75
LH:48
BRDA:118,0,0,2
BRDA:118,0,1,4
BRDA:119,1,0,2
BRDA:119,1,1,0
BRDA:122,2,0,0
BRDA:122,2,1,0
BRDA:154,3,0,12
BRDA:154,3,1,0
BRDA:155,4,0,12
BRDA:155,4,1,0
BRDA:177,5,0,0
BRDA:177,5,1,2
BRDA:183,6,0,0
BRDA:183,6,1,2
BRDA:192,7,0,2
BRDA:192,7,1,0
BRDA:198,8,0,0
BRDA:198,8,1,2
BRDA:200,9,0,0
BRDA:200,9,1,2
BRDA:207,10,0,2
BRDA:207,10,1,0
BRDA:207,11,0,2
BRDA:207,11,1,0
BRDA:210,12,0,2
BRDA:210,12,1,0
BRF:26
BRH:13
end_of_record
TN:
SF:/Users/jesper/Projects/JNSystems/kaa-infoportal/homepage/src/components/elements/TrafficTable.vue
FN:33,_default
FNF:1
FNH:0
FNDA:0,_default
DA:33,0
LF:1
LH:0
BRF:0
BRH:0
end_of_record
TN:
SF:/Users/jesper/Projects/JNSystems/kaa-infoportal/homepage/src/components/fikaRoom/FikaRoom.vue
FN:102,data
FN:115,mounted
FN:124,(anonymous_4)
FN:129,adjustDays
FN:134,setVvBuffer
FN:148,getOutgoingTransports
FN:149,(anonymous_8)
FN:152,(anonymous_9)
FN:157,setOutgoingTransports
FN:158,(anonymous_11)
FN:167,setLagerInOut
FN:173,(anonymous_13)
FN:277,setIncomingTransports
FN:281,setNowTransports
FN:285,setLastTransports
FN:288,updateDiagram
FNF:16
FNH:0
FNDA:0,data
FNDA:0,mounted
FNDA:0,(anonymous_4)
FNDA:0,adjustDays
FNDA:0,setVvBuffer
FNDA:0,getOutgoingTransports
FNDA:0,(anonymous_8)
FNDA:0,(anonymous_9)
FNDA:0,setOutgoingTransports
FNDA:0,(anonymous_11)
FNDA:0,setLagerInOut
FNDA:0,(anonymous_13)
FNDA:0,setIncomingTransports
FNDA:0,setNowTransports
FNDA:0,setLastTransports
FNDA:0,updateDiagram
DA:87,0
DA:88,0
DA:89,0
DA:90,0
DA:92,0
DA:93,0
DA:94,0
DA:96,0
DA:97,0
DA:103,0
DA:116,0
DA:117,0
DA:118,0
DA:119,0
DA:120,0
DA:121,0
DA:122,0
DA:124,0
DA:125,0
DA:130,0
DA:131,0
DA:132,0
DA:135,0
DA:137,0
DA:138,0
DA:139,0
DA:141,0
DA:142,0
DA:145,0
DA:146,0
DA:148,0
DA:149,0
DA:151,0
DA:153,0
DA:154,0
DA:158,0
DA:165,0
DA:168,0
DA:169,0
DA:170,0
DA:171,0
DA:173,0
DA:174,0
DA:175,0
DA:176,0
DA:179,0
DA:267,0
DA:269,0
DA:271,0
DA:272,0
DA:275,0
DA:278,0
DA:279,0
DA:282,0
DA:283,0
DA:286,0
DA:289,0
DA:291,0
DA:293,0
LF:59
LH:0
BRDA:131,0,0,0
BRDA:131,0,1,0
BRDA:135,1,0,0
BRDA:135,1,1,0
BRDA:137,2,0,0
BRDA:137,2,1,0
BRDA:138,3,0,0
BRDA:138,3,1,0
BRDA:141,4,0,0
BRDA:141,4,1,0
BRDA:141,5,0,0
BRDA:141,5,1,0
BRDA:289,6,0,0
BRDA:289,6,1,0
BRF:14
BRH:0
end_of_record
TN:
SF:/Users/jesper/Projects/JNSystems/kaa-infoportal/homepage/src/components/maintenance/MaintenancePage.vue
FN:18,data
FN:25,handler
FN:31,mounted
FN:35,getMaintenanceSchedule
FNF:4
FNH:0
FNDA:0,data
FNDA:0,handler
FNDA:0,mounted
FNDA:0,getMaintenanceSchedule
DA:10,0
DA:11,0
DA:12,0
DA:13,0
DA:19,0
DA:26,0
DA:32,0
DA:35,0
DA:37,0
DA:38,0
DA:40,0
LF:11
LH:0
BRDA:35,0,0,0
BRDA:35,0,1,0
BRDA:35,0,2,0
BRDA:35,0,3,0
BRDA:35,0,4,0
BRF:5
BRH:0
end_of_record
TN:
SF:/Users/jesper/Projects/JNSystems/kaa-infoportal/homepage/src/components/oljehall/OljehallPage.vue
FN:156,data
FN:215,handler
FN:221,mounted
FN:229,filter
FN:242,saveFilters
FN:245,getFilters
FN:246,(anonymous_8)
FN:250,(anonymous_9)
FN:254,getOljehallExternalWebsite
FN:255,(anonymous_11)
FN:267,(anonymous_12)
FN:271,(anonymous_13)
FN:287,getOljehallEvents
FN:288,(anonymous_15)
FN:293,(anonymous_16)
FNF:15
FNH:0
FNDA:0,data
FNDA:0,handler
FNDA:0,mounted
FNDA:0,filter
FNDA:0,saveFilters
FNDA:0,getFilters
FNDA:0,(anonymous_8)
FNDA:0,(anonymous_9)
FNDA:0,getOljehallExternalWebsite
FNDA:0,(anonymous_11)
FNDA:0,(anonymous_12)
FNDA:0,(anonymous_13)
FNDA:0,getOljehallEvents
FNDA:0,(anonymous_15)
FNDA:0,(anonymous_16)
DA:148,0
DA:149,0
DA:150,0
DA:151,0
DA:157,0
DA:216,0
DA:222,0
DA:223,0
DA:224,0
DA:225,0
DA:226,0
DA:230,0
DA:231,0
DA:232,0
DA:233,0
DA:235,0
DA:236,0
DA:237,0
DA:239,0
DA:240,0
DA:243,0
DA:245,0
DA:246,0
DA:248,0
DA:249,0
DA:251,0
DA:254,0
DA:255,0
DA:257,0
DA:258,0
DA:259,0
DA:260,0
DA:261,0
DA:262,0
DA:263,0
DA:265,0
DA:266,0
DA:267,0
DA:268,0
DA:272,0
DA:273,0
DA:274,0
DA:287,0
DA:288,0
DA:290,0
DA:291,0
DA:292,0
DA:294,0
LF:48
LH:0
BRDA:230,0,0,0
BRDA:230,0,1,0
BRDA:231,1,0,0
BRDA:231,1,1,0
BRDA:232,2,0,0
BRDA:232,2,1,0
BRDA:232,2,2,0
BRDA:233,3,0,0
BRDA:233,3,1,0
BRDA:233,3,2,0
BRDA:235,4,0,0
BRDA:235,4,1,0
BRDA:236,5,0,0
BRDA:236,5,1,0
BRDA:237,6,0,0
BRDA:237,6,1,0
BRDA:237,6,2,0
BRDA:239,7,0,0
BRDA:239,7,1,0
BRDA:239,7,2,0
BRDA:240,8,0,0
BRDA:240,8,1,0
BRDA:265,9,0,0
BRDA:265,9,1,0
BRDA:273,10,0,0
BRDA:273,10,1,0
BRF:26
BRH:0
end_of_record
TN:
SF:/Users/jesper/Projects/JNSystems/kaa-infoportal/homepage/src/components/profilePage/ProfilePage.vue
FN:506,data
FN:633,expandedUserId
FN:639,trigger
FN:645,expandedSupplierId
FN:651,trigger
FN:657,mail
FN:660,password
FN:663,confirmPassword
FN:667,mounted
FN:707,logout
FN:710,mailCheck
FN:721,isMailCheck
FN:726,mailTakenCheck
FN:727,(anonymous_15)
FN:731,(anonymous_16)
FN:736,takenUsernameCheck
FN:738,(anonymous_18)
FN:742,(anonymous_19)
FN:747,passwordCheck
FN:754,resetUserInfo
FN:759,alterCurrentUser
FN:770,(anonymous_23)
FN:775,(anonymous_24)
FN:783,getCurrentUser
FN:784,(anonymous_26)
FN:795,(anonymous_27)
FN:800,getAvailableAccessLevel
FN:801,(anonymous_29)
FN:808,(anonymous_30)
FN:813,getAvailableStartPages
FN:814,(anonymous_32)
FN:821,(anonymous_33)
FN:826,getAllNotifications
FN:827,(anonymous_35)
FN:831,(anonymous_36)
FN:836,getAllUsers
FN:837,(anonymous_38)
FN:841,(anonymous_39)
FN:846,getAllSuppliers
FN:847,(anonymous_41)
FN:851,(anonymous_42)
FN:856,getAllAvailableSuppliers
FN:857,(anonymous_44)
FN:861,(anonymous_45)
FN:866,saveFilters
FN:868,(anonymous_47)
FN:872,(anonymous_48)
FN:878,resetFilters
FN:881,setPendingDeviationFilters
FN:882,(anonymous_51)
FN:888,(anonymous_52)
FN:892,setNewPassword
FN:896,(anonymous_54)
FN:903,(anonymous_55)
FN:910,removeUserPopup
FN:915,removeAUser
FN:918,(anonymous_58)
FN:923,(anonymous_59)
FN:933,(anonymous_60)
FN:942,addNewUser
FN:945,(anonymous_62)
FN:953,(anonymous_63)
FN:965,(anonymous_64)
FN:976,addSupplier
FN:987,getSupplier
FN:1004,(anonymous_67)
FN:1014,(anonymous_68)
FN:1023,(anonymous_69)
FN:1028,mapContractArticles
FN:1031,(anonymous_71)
FN:1036,addASupplier
FN:1038,(anonymous_73)
FN:1042,(anonymous_74)
FN:1049,(anonymous_75)
FN:1058,resetcontracts
FN:1069,getUserLogs
FN:1071,(anonymous_78)
FN:1076,(anonymous_79)
FN:1082,saveNotifications
FN:1084,(anonymous_81)
FN:1088,(anonymous_82)
FN:1094,resetNotifications
FN:1097,setFlags
FN:1101,(anonymous_85)
FN:1107,addcontracts
FN:1123,removecontracts
FN:1126,getAllArticles
FN:1127,(anonymous_89)
FN:1130,(anonymous_90)
FN:1134,(anonymous_91)
FN:1142,capitalize
FN:1147,isEven
FN:1150,pushToRouter
FNF:93
FNH:0
FNDA:0,data
FNDA:0,expandedUserId
FNDA:0,trigger
FNDA:0,expandedSupplierId
FNDA:0,trigger
FNDA:0,mail
FNDA:0,password
FNDA:0,confirmPassword
FNDA:0,mounted
FNDA:0,logout
FNDA:0,mailCheck
FNDA:0,isMailCheck
FNDA:0,mailTakenCheck
FNDA:0,(anonymous_15)
FNDA:0,(anonymous_16)
FNDA:0,takenUsernameCheck
FNDA:0,(anonymous_18)
FNDA:0,(anonymous_19)
FNDA:0,passwordCheck
FNDA:0,resetUserInfo
FNDA:0,alterCurrentUser
FNDA:0,(anonymous_23)
FNDA:0,(anonymous_24)
FNDA:0,getCurrentUser
FNDA:0,(anonymous_26)
FNDA:0,(anonymous_27)
FNDA:0,getAvailableAccessLevel
FNDA:0,(anonymous_29)
FNDA:0,(anonymous_30)
FNDA:0,getAvailableStartPages
FNDA:0,(anonymous_32)
FNDA:0,(anonymous_33)
FNDA:0,getAllNotifications
FNDA:0,(anonymous_35)
FNDA:0,(anonymous_36)
FNDA:0,getAllUsers
FNDA:0,(anonymous_38)
FNDA:0,(anonymous_39)
FNDA:0,getAllSuppliers
FNDA:0,(anonymous_41)
FNDA:0,(anonymous_42)
FNDA:0,getAllAvailableSuppliers
FNDA:0,(anonymous_44)
FNDA:0,(anonymous_45)
FNDA:0,saveFilters
FNDA:0,(anonymous_47)
FNDA:0,(anonymous_48)
FNDA:0,resetFilters
FNDA:0,setPendingDeviationFilters
FNDA:0,(anonymous_51)
FNDA:0,(anonymous_52)
FNDA:0,setNewPassword
FNDA:0,(anonymous_54)
FNDA:0,(anonymous_55)
FNDA:0,removeUserPopup
FNDA:0,removeAUser
FNDA:0,(anonymous_58)
FNDA:0,(anonymous_59)
FNDA:0,(anonymous_60)
FNDA:0,addNewUser
FNDA:0,(anonymous_62)
FNDA:0,(anonymous_63)
FNDA:0,(anonymous_64)
FNDA:0,addSupplier
FNDA:0,getSupplier
FNDA:0,(anonymous_67)
FNDA:0,(anonymous_68)
FNDA:0,(anonymous_69)
FNDA:0,mapContractArticles
FNDA:0,(anonymous_71)
FNDA:0,addASupplier
FNDA:0,(anonymous_73)
FNDA:0,(anonymous_74)
FNDA:0,(anonymous_75)
FNDA:0,resetcontracts
FNDA:0,getUserLogs
FNDA:0,(anonymous_78)
FNDA:0,(anonymous_79)
FNDA:0,saveNotifications
FNDA:0,(anonymous_81)
FNDA:0,(anonymous_82)
FNDA:0,resetNotifications
FNDA:0,setFlags
FNDA:0,(anonymous_85)
FNDA:0,addcontracts
FNDA:0,removecontracts
FNDA:0,getAllArticles
FNDA:0,(anonymous_89)
FNDA:0,(anonymous_90)
FNDA:0,(anonymous_91)
FNDA:0,capitalize
FNDA:0,isEven
FNDA:0,pushToRouter
DA:465,0
DA:466,0
DA:467,0
DA:468,0
DA:469,0
DA:471,0
DA:472,0
DA:473,0
DA:475,0
DA:476,0
DA:507,0
DA:633,0
DA:634,0
DA:635,0
DA:638,0
DA:639,0
DA:640,0
DA:643,0
DA:645,0
DA:646,0
DA:647,0
DA:650,0
DA:651,0
DA:652,0
DA:655,0
DA:658,0
DA:661,0
DA:664,0
DA:668,0
DA:669,0
DA:670,0
DA:671,0
DA:672,0
DA:673,0
DA:674,0
DA:675,0
DA:676,0
DA:678,0
DA:679,0
DA:680,0
DA:682,0
DA:683,0
DA:684,0
DA:685,0
DA:687,0
DA:688,0
DA:689,0
DA:690,0
DA:692,0
DA:693,0
DA:694,0
DA:696,0
DA:697,0
DA:698,0
DA:700,0
DA:701,0
DA:702,0
DA:703,0
DA:708,0
DA:712,0
DA:716,0
DA:718,0
DA:723,0
DA:724,0
DA:726,0
DA:727,0
DA:730,0
DA:733,0
DA:736,0
DA:737,0
DA:738,0
DA:741,0
DA:744,0
DA:748,0
DA:749,0
DA:751,0
DA:755,0
DA:756,0
DA:757,0
DA:759,0
DA:760,0
DA:769,0
DA:770,0
DA:773,0
DA:774,0
DA:777,0
DA:778,0
DA:783,0
DA:784,0
DA:787,0
DA:788,0
DA:789,0
DA:790,0
DA:791,0
DA:792,0
DA:793,0
DA:794,0
DA:797,0
DA:800,0
DA:801,0
DA:804,0
DA:810,0
DA:813,0
DA:814,0
DA:817,0
DA:823,0
DA:826,0
DA:827,0
DA:830,0
DA:833,0
DA:836,0
DA:837,0
DA:840,0
DA:843,0
DA:846,0
DA:847,0
DA:850,0
DA:853,0
DA:856,0
DA:857,0
DA:860,0
DA:863,0
DA:866,0
DA:867,0
DA:868,0
DA:871,0
DA:874,0
DA:875,0
DA:879,0
DA:881,0
DA:882,0
DA:885,0
DA:886,0
DA:887,0
DA:889,0
DA:892,0
DA:894,0
DA:895,0
DA:901,0
DA:902,0
DA:905,0
DA:906,0
DA:907,0
DA:911,0
DA:912,0
DA:913,0
DA:915,0
DA:916,0
DA:918,0
DA:921,0
DA:923,0
DA:924,0
DA:929,0
DA:930,0
DA:931,0
DA:935,0
DA:936,0
DA:937,0
DA:938,0
DA:939,0
DA:942,0
DA:943,0
DA:944,0
DA:952,0
DA:953,0
DA:954,0
DA:961,0
DA:962,0
DA:963,0
DA:967,0
DA:968,0
DA:969,0
DA:970,0
DA:971,0
DA:977,0
DA:978,0
DA:979,0
DA:980,0
DA:981,0
DA:982,0
DA:983,0
DA:984,0
DA:987,0
DA:988,0
DA:989,0
DA:990,0
DA:991,0
DA:992,0
DA:993,0
DA:994,0
DA:1001,0
DA:1003,0
DA:1004,0
DA:1007,0
DA:1008,0
DA:1009,0
DA:1010,0
DA:1011,0
DA:1013,0
DA:1014,0
DA:1022,0
DA:1024,0
DA:1025,0
DA:1028,0
DA:1029,0
DA:1031,0
DA:1036,0
DA:1037,0
DA:1038,0
DA:1041,0
DA:1042,0
DA:1043,0
DA:1044,0
DA:1045,0
DA:1046,0
DA:1047,0
DA:1051,0
DA:1052,0
DA:1053,0
DA:1054,0
DA:1055,0
DA:1059,0
DA:1069,0
DA:1070,0
DA:1071,0
DA:1074,0
DA:1075,0
DA:1078,0
DA:1079,0
DA:1082,0
DA:1083,0
DA:1084,0
DA:1087,0
DA:1090,0
DA:1091,0
DA:1095,0
DA:1098,0
DA:1099,0
DA:1100,0
DA:1101,0
DA:1103,0
DA:1108,0
DA:1109,0
DA:1110,0
DA:1111,0
DA:1113,0
DA:1124,0
DA:1126,0
DA:1127,0
DA:1130,0
DA:1136,0
DA:1137,0
DA:1139,0
DA:1143,0
DA:1144,0
DA:1145,0
DA:1148,0
DA:1151,0
LF:258
LH:0
BRDA:634,0,0,0
BRDA:634,0,1,0
BRDA:646,1,0,0
BRDA:646,1,1,0
BRDA:678,2,0,0
BRDA:678,2,1,0
BRDA:682,3,0,0
BRDA:682,3,1,0
BRDA:687,4,0,0
BRDA:687,4,1,0
BRDA:692,5,0,0
BRDA:692,5,1,0
BRDA:696,6,0,0
BRDA:696,6,1,0
BRDA:700,7,0,0
BRDA:700,7,1,0
BRDA:712,8,0,0
BRDA:712,8,1,0
BRDA:712,9,0,0
BRDA:712,9,1,0
BRDA:748,10,0,0
BRDA:748,10,1,0
BRDA:1015,11,0,0
BRDA:1015,11,1,0
BRDA:1018,12,0,0
BRDA:1018,12,1,0
BRDA:1029,13,0,0
BRDA:1029,13,1,0
BRDA:1099,14,0,0
BRDA:1099,14,1,0
BRDA:1100,15,0,0
BRDA:1100,15,1,0
BRDA:1110,16,0,0
BRDA:1110,16,1,0
BRDA:1139,17,0,0
BRDA:1139,17,1,0
BRDA:1143,18,0,0
BRDA:1143,18,1,0
BRDA:1144,19,0,0
BRDA:1144,19,1,0
BRF:40
BRH:0
end_of_record
TN:
SF:/Users/jesper/Projects/JNSystems/kaa-infoportal/homepage/src/components/reportPage/EconomyHighlight.vue
FN:81,_default
FNF:1
FNH:0
FNDA:0,_default
DA:71,0
DA:72,0
DA:73,0
DA:81,0
LF:4
LH:0
BRF:0
BRH:0
end_of_record
TN:
SF:/Users/jesper/Projects/JNSystems/kaa-infoportal/homepage/src/components/reportPage/FuelHighlight.vue
FN:67,_default
FNF:1
FNH:0
FNDA:0,_default
DA:57,0
DA:58,0
DA:59,0
DA:67,0
LF:4
LH:0
BRF:0
BRH:0
end_of_record
TN:
SF:/Users/jesper/Projects/JNSystems/kaa-infoportal/homepage/src/components/reportPage/ReportHorisontalBar.vue
FN:36,_default
FN:44,data
FN:49,mounted
FN:53,checkData
FNF:4
FNH:0
FNDA:0,_default
FNDA:0,data
FNDA:0,mounted
FNDA:0,checkData
DA:27,0
DA:28,0
DA:36,0
DA:45,0
DA:50,0
DA:54,0
DA:55,0
DA:56,0
LF:8
LH:0
BRDA:55,0,0,0
BRDA:55,0,1,0
BRF:2
BRH:0
end_of_record
TN:
SF:/Users/jesper/Projects/JNSystems/kaa-infoportal/homepage/src/components/reportPage/ReportPage.vue
FN:169,data
FN:208,$route
FN:222,mounted
FN:232,getTooltipText
FN:238,toggleTooltip
FN:241,compareReports
FN:244,formatDate
FN:254,chooseReport
FN:262,updateFilter
FN:267,(anonymous_11)
FN:277,chooseInterval
FN:285,selectCustomDate
FN:297,okProps
FN:311,getDefaultData
FN:319,getDefaultDataWithProps
FN:345,(anonymous_21)
FN:353,getAvailableReports
FN:368,(anonymous_26)
FN:373,getSuggestedIntervals
FN:389,(anonymous_31)
FN:394,pushToRouter
FN:412,getReportData
FN:419,(anonymous_34)
FN:432,(anonymous_35)
FN:439,setData
FN:441,(anonymous_37)
FN:448,resetLoader
FN:454,toggleExtraMenu
FN:461,printPage
FNF:29
FNH:0
FNDA:0,data
FNDA:0,$route
FNDA:0,mounted
FNDA:0,getTooltipText
FNDA:0,toggleTooltip
FNDA:0,compareReports
FNDA:0,formatDate
FNDA:0,chooseReport
FNDA:0,updateFilter
FNDA:0,(anonymous_11)
FNDA:0,chooseInterval
FNDA:0,selectCustomDate
FNDA:0,okProps
FNDA:0,getDefaultData
FNDA:0,getDefaultDataWithProps
FNDA:0,(anonymous_21)
FNDA:0,getAvailableReports
FNDA:0,(anonymous_26)
FNDA:0,getSuggestedIntervals
FNDA:0,(anonymous_31)
FNDA:0,pushToRouter
FNDA:0,getReportData
FNDA:0,(anonymous_34)
FNDA:0,(anonymous_35)
FNDA:0,setData
FNDA:0,(anonymous_37)
FNDA:0,resetLoader
FNDA:0,toggleExtraMenu
FNDA:0,printPage
DA:155,0
DA:156,0
DA:157,0
DA:158,0
DA:159,0
DA:160,0
DA:161,0
DA:162,0
DA:164,0
DA:170,0
DA:209,0
DA:210,0
DA:211,0
DA:213,0
DA:215,0
DA:216,0
DA:218,0
DA:223,0
DA:225,0
DA:226,0
DA:228,0
DA:233,0
DA:234,0
DA:236,0
DA:239,0
DA:245,0
DA:246,0
DA:247,0
DA:249,0
DA:250,0
DA:252,0
DA:255,0
DA:256,0
DA:258,0
DA:259,0
DA:260,0
DA:262,0
DA:263,0
DA:264,0
DA:265,0
DA:267,0
DA:268,0
DA:272,0
DA:273,0
DA:278,0
DA:279,0
DA:280,0
DA:281,0
DA:282,0
DA:283,0
DA:286,0
DA:287,0
DA:289,0
DA:290,0
DA:292,0
DA:295,0
DA:298,0
DA:302,0
DA:305,0
DA:306,0
DA:309,0
DA:311,0
DA:312,0
DA:317,0
DA:319,0
DA:320,0
DA:325,0
DA:326,0
DA:327,0
DA:328,0
DA:330,0
DA:331,0
DA:333,0
DA:334,0
DA:336,0
DA:337,0
DA:340,0
DA:341,0
DA:342,0
DA:345,0
DA:346,0
DA:347,0
DA:351,0
DA:353,0
DA:354,0
DA:359,0
DA:361,0
DA:362,0
DA:363,0
DA:365,0
DA:367,0
DA:370,0
DA:373,0
DA:374,0
DA:380,0
DA:382,0
DA:383,0
DA:384,0
DA:386,0
DA:388,0
DA:391,0
DA:395,0
DA:396,0
DA:402,0
DA:403,0
DA:406,0
DA:412,0
DA:413,0
DA:414,0
DA:415,0
DA:416,0
DA:417,0
DA:418,0
DA:419,0
DA:427,0
DA:429,0
DA:431,0
DA:434,0
DA:435,0
DA:436,0
DA:441,0
DA:449,0
DA:450,0
DA:451,0
DA:452,0
DA:455,0
DA:456,0
DA:458,0
DA:462,0
LF:129
LH:0
BRDA:209,0,0,0
BRDA:209,0,1,0
BRDA:215,1,0,0
BRDA:215,1,1,0
BRDA:225,2,0,0
BRDA:225,2,1,0
BRDA:233,3,0,0
BRDA:233,3,1,0
BRDA:249,4,0,0
BRDA:249,4,1,0
BRDA:250,5,0,0
BRDA:250,5,1,0
BRDA:268,6,0,0
BRDA:268,6,1,0
BRDA:268,7,0,0
BRDA:268,7,1,0
BRDA:298,8,0,0
BRDA:298,8,1,0
BRDA:298,9,0,0
BRDA:298,9,1,0
BRDA:305,10,0,0
BRDA:305,10,1,0
BRDA:305,11,0,0
BRDA:305,11,1,0
BRDA:305,11,2,0
BRDA:311,12,0,0
BRDA:311,12,1,0
BRDA:311,12,2,0
BRDA:311,12,3,0
BRDA:311,12,4,0
BRDA:319,13,0,0
BRDA:319,13,1,0
BRDA:319,13,2,0
BRDA:319,13,3,0
BRDA:319,13,4,0
BRDA:327,14,0,0
BRDA:327,14,1,0
BRDA:330,15,0,0
BRDA:330,15,1,0
BRDA:333,16,0,0
BRDA:333,16,1,0
BRDA:336,17,0,0
BRDA:336,17,1,0
BRDA:346,18,0,0
BRDA:346,18,1,0
BRDA:353,19,0,0
BRDA:353,19,1,0
BRDA:353,19,2,0
BRDA:373,20,0,0
BRDA:373,20,1,0
BRDA:373,20,2,0
BRDA:402,21,0,0
BRDA:402,21,1,0
BRDA:455,22,0,0
BRDA:455,22,1,0
BRDA:455,23,0,0
BRDA:455,23,1,0
BRF:57
BRH:0
end_of_record
TN:
SF:/Users/jesper/Projects/JNSystems/kaa-infoportal/homepage/src/components/reportPage/VisualJS.vue
FN:16,_default
FN:23,mounted
FN:32,updateWidth
FNF:3
FNH:0
FNDA:0,_default
FNDA:0,mounted
FNDA:0,updateWidth
DA:9,0
DA:16,0
DA:24,0
DA:25,0
DA:27,0
DA:28,0
DA:33,0
DA:34,0
DA:35,0
DA:36,0
DA:38,0
LF:11
LH:0
BRF:0
BRH:0
end_of_record
TN:
SF:/Users/jesper/Projects/JNSystems/kaa-infoportal/homepage/src/components/script/datePicker.js
FN:3,(anonymous_0)
FNF:1
FNH:0
FNDA:0,(anonymous_0)
DA:1,0
DA:4,0
DA:5,0
DA:7,0
DA:8,0
DA:11,0
DA:12,0
DA:14,0
LF:8
LH:0
BRDA:7,0,0,0
BRDA:7,0,1,0
BRF:2
BRH:0
end_of_record
TN:
SF:/Users/jesper/Projects/JNSystems/kaa-infoportal/homepage/src/components/script/devData.js
FNF:0
FNH:0
DA:1,2
LF:1
LH:1
BRF:0
BRH:0
end_of_record
TN:
SF:/Users/jesper/Projects/JNSystems/kaa-infoportal/homepage/src/components/script/event.js
FN:3,(anonymous_0)
FN:26,(anonymous_1)
FN:27,onClick
FNF:3
FNH:0
FNDA:0,(anonymous_0)
FNDA:0,(anonymous_1)
FNDA:0,onClick
DA:1,0
DA:3,0
DA:4,0
DA:5,0
DA:6,0
DA:8,0
DA:10,0
DA:11,0
DA:14,0
DA:16,0
DA:17,0
DA:18,0
DA:19,0
DA:23,0
DA:26,0
DA:27,0
DA:28,0
DA:30,0
DA:31,0
DA:34,0
DA:35,0
DA:38,0
LF:22
LH:0
BRDA:8,0,0,0
BRDA:8,0,1,0
BRDA:10,1,0,0
BRDA:10,1,1,0
BRDA:17,2,0,0
BRDA:17,2,1,0
BRDA:30,3,0,0
BRDA:30,3,1,0
BRF:8
BRH:0
end_of_record
TN:
SF:/Users/jesper/Projects/JNSystems/kaa-infoportal/homepage/src/components/script/log.js
FN:3,(anonymous_0)
FN:51,(anonymous_1)
FN:80,(anonymous_2)
FN:82,(anonymous_3)
FN:128,(anonymous_4)
FN:134,(anonymous_5)
FN:145,(anonymous_6)
FN:164,(anonymous_7)
FN:164,_loop
FN:166,(anonymous_9)
FNF:10
FNH:0
FNDA:0,(anonymous_0)
FNDA:0,(anonymous_1)
FNDA:0,(anonymous_2)
FNDA:0,(anonymous_3)
FNDA:0,(anonymous_4)
FNDA:0,(anonymous_5)
FNDA:0,(anonymous_6)
FNDA:0,(anonymous_7)
FNDA:0,_loop
FNDA:0,(anonymous_9)
DA:1,0
DA:3,0
DA:4,0
DA:51,0
DA:52,0
DA:54,0
DA:58,0
DA:60,0
DA:68,0
DA:71,0
DA:73,0
DA:75,0
DA:80,0
DA:82,0
DA:84,0
DA:86,0
DA:87,0
DA:89,0
DA:90,0
DA:92,0
DA:93,0
DA:95,0
DA:98,0
DA:100,0
DA:101,0
DA:102,0
DA:103,0
DA:107,0
DA:109,0
DA:110,0
DA:115,0
DA:117,0
DA:119,0
DA:124,0
DA:125,0
DA:128,0
DA:130,0
DA:134,0
DA:136,0
DA:139,0
DA:141,0
DA:145,0
DA:147,0
DA:148,0
DA:149,0
DA:151,0
DA:153,0
DA:156,0
DA:157,0
DA:160,0
DA:164,0
DA:165,0
DA:166,0
DA:167,0
DA:168,0
DA:172,0
LF:56
LH:0
BRDA:52,0,0,0
BRDA:52,0,1,0
BRDA:52,1,0,0
BRDA:52,1,1,0
BRDA:58,2,0,0
BRDA:58,2,1,0
BRDA:58,3,0,0
BRDA:58,3,1,0
BRDA:73,4,0,0
BRDA:73,4,1,0
BRDA:85,5,0,0
BRDA:85,5,1,0
BRDA:85,5,2,0
BRDA:85,5,3,0
BRDA:100,6,0,0
BRDA:100,6,1,0
BRDA:107,7,0,0
BRDA:107,7,1,0
BRDA:111,8,0,0
BRDA:111,8,1,0
BRDA:151,9,0,0
BRDA:151,9,1,0
BRDA:151,10,0,0
BRDA:151,10,1,0
BRF:24
BRH:0
end_of_record
TN:
SF:/Users/jesper/Projects/JNSystems/kaa-infoportal/homepage/src/components/script/observer.js
FN:8,(anonymous_0)
FN:13,(anonymous_1)
FN:23,(anonymous_2)
FN:31,(anonymous_3)
FN:32,(anonymous_4)
FNF:5
FNH:5
FNDA:3,(anonymous_0)
FNDA:4,(anonymous_1)
FNDA:13,(anonymous_2)
FNDA:2,(anonymous_3)
FNDA:3,(anonymous_4)
DA:4,2
DA:8,2
DA:9,3
DA:11,3
DA:13,3
DA:14,4
DA:15,4
DA:17,0
DA:23,2
DA:24,13
DA:25,7
DA:28,13
DA:31,2
DA:32,2
DA:33,3
DA:34,2
LF:16
LH:15
BRDA:11,0,0,0
BRDA:11,0,1,3
BRDA:14,1,0,4
BRDA:14,1,1,0
BRDA:24,2,0,7
BRDA:24,2,1,6
BRDA:33,3,0,2
BRDA:33,3,1,1
BRF:8
BRH:6
end_of_record
TN:
SF:/Users/jesper/Projects/JNSystems/kaa-infoportal/homepage/src/components/script/svg.js
FNF:0
FNH:0
DA:1,0
DA:3,0
DA:5,0
DA:7,0
DA:9,0
DA:11,0
DA:13,0
DA:15,0
DA:17,0
DA:19,0
DA:21,0
DA:23,0
DA:25,0
DA:27,0
DA:29,0
DA:31,0
DA:33,0
DA:35,0
DA:37,0
DA:39,0
DA:41,0
DA:43,0
DA:45,0
DA:47,0
DA:49,0
DA:51,0
LF:26
LH:0
BRF:0
BRH:0
end_of_record
TN:
SF:/Users/jesper/Projects/JNSystems/kaa-infoportal/homepage/src/modules/visualJS.min.js
FN:3,(anonymous_1)
FN:4,(anonymous_2)
FN:48,margin
FN:68,data
FN:116,complement
FN:130,clone
FN:148,axis
FN:172,isArray
FN:178,(anonymous_9)
FN:182,(anonymous_10)
FN:196,(anonymous_11)
FN:237,(anonymous_12)
FN:244,(anonymous_13)
FN:245,Builder
FN:294,(anonymous_15)
FN:318,(anonymous_16)
FN:328,(anonymous_17)
FN:346,(anonymous_18)
FN:357,(anonymous_19)
FN:394,(anonymous_20)
FN:404,(anonymous_21)
FN:413,(anonymous_22)
FN:414,(anonymous_23)
FN:415,onlyUniqueElementsInArray
FN:417,onlyUnique
FN:424,Observer
FN:430,(anonymous_27)
FN:440,(anonymous_28)
FN:448,(anonymous_29)
FN:484,extend
FN:486,TemporaryObject
FN:492,replaceAll
FN:493,escapeRegExp
FN:500,expo
FN:508,spaceEachThousand
FN:548,roundToDecimals
FN:553,(anonymous_37)
FN:557,(anonymous_38)
FN:560,calculateData
FN:580,(anonymous_40)
FN:586,(anonymous_41)
FN:602,(anonymous_42)
FN:610,(anonymous_43)
FN:629,getDictionaryKeys
FN:636,mobileCheck
FN:639,(anonymous_46)
FN:648,operationSystem
FN:792,checkBrowser
FN:824,isElementInElement
FN:829,loopThroughChildNodes
FN:853,dragAndDo
FN:855,mouseDown
FN:862,mouseUp
FN:869,mouseMove
FN:877,getMouseCoordinates
FN:891,getCoordinatesInContainer
FN:904,click
FN:912,(anonymous_58)
FN:915,(anonymous_59)
FN:921,hover
FN:933,click
FN:940,isEmpty
FN:977,swap
FN:986,partitionDouble
FN:1019,quickSortDouble
FN:1043,sortDoubleArrays
FN:1046,(anonymous_67)
FN:1051,(anonymous_68)
FN:1054,(anonymous_69)
FN:1065,isSorted
FN:1078,forEachKey
FN:1115,(anonymous_72)
FN:1115,_loop
FN:1123,(anonymous_74)
FN:1140,(anonymous_75)
FN:1146,(anonymous_76)
FN:1150,(anonymous_77)
FN:1168,(anonymous_78)
FN:1186,(anonymous_79)
FN:1215,(anonymous_80)
FN:1220,(anonymous_81)
FN:1233,(anonymous_82)
FN:1247,(anonymous_83)
FN:1253,getWindowStyling
FN:1281,(anonymous_85)
FN:1293,(anonymous_86)
FN:1332,arcToPath
FN:1334,polarToCartesian
FN:1356,animateArc
FN:1381,download
FN:1407,(anonymous_91)
FN:1420,triggerDownload
FN:1439,cropTextElement
FN:1481,(anonymous_94)
FN:1489,wrapTextElement
FN:1534,(anonymous_96)
FN:1546,(anonymous_97)
FN:1559,(anonymous_98)
FN:1562,(anonymous_99)
FN:1580,(anonymous_100)
FN:1592,(anonymous_101)
FN:1597,(anonymous_102)
FN:1608,(anonymous_103)
FN:1628,(anonymous_104)
FN:1632,(anonymous_105)
FN:1652,(anonymous_106)
FN:1690,(anonymous_107)
FN:1709,(anonymous_108)
FN:1796,map
FN:1808,filter
FN:1821,radians
FN:1827,degrees
FN:1832,filterSVGElements
FN:1833,(anonymous_114)
FN:1881,(anonymous_115)
FN:1924,toString
FN:1929,toHex
FN:1937,toRgb
FN:1942,brightness
FN:1949,morph
FN:1956,at
FN:1976,(anonymous_122)
FN:1983,(anonymous_123)
FN:1990,(anonymous_124)
FN:1994,(anonymous_125)
FN:2007,morph
FN:2025,settle
FN:2036,at
FN:2048,toString
FN:2053,valueOf
FN:2058,parse
FN:2068,split
FN:2073,reverse
FN:2078,clone
FN:2085,(anonymous_135)
FN:2097,toString
FN:2106,toLine
FN:2116,at
FN:2130,parse
FN:2158,move
FN:2174,size
FN:2187,bbox
FN:2195,M
FN:2201,L
FN:2206,H
FN:2210,V
FN:2214,C
FN:2219,S
FN:2224,Q
FN:2229,T
FN:2234,Z
FN:2239,A
FN:2249,(anonymous_153)
FN:2250,(anonymous_154)
FN:2267,(anonymous_155)
FN:2279,toString
FN:2284,move
FN:2330,size
FN:2375,equalCommands
FN:2389,morph
FN:2402,at
FN:2436,parse
FN:2466,(anonymous_163)
FN:2502,bbox
FN:2513,create
FN:2552,toString
FN:2561,toJSON
FN:2564,valueOf
FN:2569,plus
FN:2575,minus
FN:2581,times
FN:2587,divide
FN:2593,to
FN:2603,morph
FN:2614,at
FN:2631,create
FN:2653,x
FN:2658,y
FN:2663,cx
FN:2668,cy
FN:2673,move
FN:2678,center
FN:2683,width
FN:2688,height
FN:2693,size
FN:2702,clone
FN:2717,remove
FN:2725,replace
FN:2732,addTo
FN:2737,putIn
FN:2742,id
FN:2747,inside
FN:2757,show
FN:2762,hide
FN:2767,visible
FN:2772,toString
FN:2777,classes
FN:2784,hasClass
FN:2789,addClass
FN:2800,removeClass
FN:2802,(anonymous_201)
FN:2811,toggleClass
FN:2816,reference
FN:2821,parent
FN:2840,doc
FN:2845,parents
FN:2860,matches
FN:2865,native
FN:2870,svg
FN:2902,writeDataToDom
FN:2907,(anonymous_211)
FN:2922,setData
FN:2926,is
FN:2933,_
FN:2936,_
FN:2939,_
FN:2942,_
FN:2947,(anonymous_218)
FN:2948,(anonymous_219)
FN:2955,create
FN:3004,create
FN:3028,animate
FN:3053,delay
FN:3071,target
FN:3082,timeToAbsPos
FN:3088,absPosToTime
FN:3094,startAnimFrame
FN:3096,(anonymous_228)
FN:3103,stopAnimFrame
FN:3109,start
FN:3121,startCurrent
FN:3133,queue
FN:3147,dequeue
FN:3169,initAnimations
FN:3213,clearQueue
FN:3217,clearCurrent
FN:3227,stop
FN:3250,reset
FN:3262,finish
FN:3275,atStart
FN:3281,atEnd
FN:3299,at
FN:3321,speed
FN:3333,loop
FN:3346,pause
FN:3355,play
FN:3369,reverse
FN:3385,progress
FN:3395,after
FN:3397,wrapper
FN:3411,during
FN:3413,wrapper
FN:3422,(anonymous_253)
FN:3431,afterAll
FN:3432,wrapper
FN:3445,duringAll
FN:3446,wrapper
FN:3452,(anonymous_258)
FN:3460,last
FN:3466,add
FN:3476,step
FN:3585,eachAt
FN:3593,(anonymous_263)
FN:3604,(anonymous_264)
FN:3615,(anonymous_265)
FN:3664,once
FN:3674,_callStart
FN:3675,(anonymous_268)
FN:3690,animate
FN:3693,delay
FN:3696,stop
FN:3702,finish
FN:3710,pause
FN:3718,play
FN:3726,speed
FN:3742,create
FN:3755,at
FN:3759,valueOf
FN:3768,attr
FN:3782,style
FN:3794,x
FN:3808,y
FN:3822,cx
FN:3827,cy
FN:3832,move
FN:3837,center
FN:3842,size
FN:3872,plot
FN:3882,leading
FN:3889,viewbox
FN:3896,update
FN:3916,create
FN:3932,merge
FN:3945,transform
FN:3959,(anonymous_295)
FN:3982,create
FN:4038,bbox
FN:4049,tbox
FN:4057,create
FN:4074,addOffset
FN:4086,rbox
FN:4098,create
FN:4123,extract
FN:4157,clone
FN:4162,morph
FN:4170,at
FN:4188,multiply
FN:4193,inverse
FN:4198,translate
FN:4203,scale
FN:4217,rotate
FN:4225,flip
FN:4234,skew
FN:4252,skewX
FN:4257,skewY
FN:4262,around
FN:4270,native
FN:4282,toString
FN:4295,ctm
FN:4299,screenCTM
FN:4319,create
FN:4348,clone
FN:4353,morph
FN:4361,at
FN:4375,native
FN:4387,transform
FN:4398,point
FN:4406,attr
FN:4446,(anonymous_329)
FN:4485,transform
FN:4592,transform
FN:4675,untransform
FN:4679,matrixify
FN:4683,(anonymous_334)
FN:4686,(anonymous_335)
FN:4691,(anonymous_336)
FN:4701,toParent
FN:4711,toDoc
FN:4719,create
FN:4750,at
FN:4767,undo
FN:4793,create
FN:4811,create
FN:4819,at
FN:4823,undo
FN:4837,create
FN:4855,create
FN:4869,style
FN:4883,(anonymous_349)
FN:4886,(anonymous_350)
FN:4908,create
FN:4920,children
FN:4921,(anonymous_353)
FN:4927,add
FN:4937,put
FN:4943,has
FN:4948,index
FN:4953,get
FN:4958,first
FN:4963,last
FN:4968,each
FN:4983,removeElement
FN:4990,clear
FN:5000,defs
FN:5009,ungroup
FN:5015,(anonymous_366)
FN:5026,flatten
FN:5033,create
FN:5045,create
FN:5108,(anonymous_370)
FN:5129,toString
FN:5132,morph
FN:5138,at
FN:5159,viewbox
FN:5177,(anonymous_375)
FN:5180,(anonymous_376)
FN:5193,(anonymous_377)
FN:5217,(anonymous_378)
FN:5279,on
FN:5286,off
FN:5293,fire
FN:5308,event
FN:5335,x
FN:5342,y
FN:5349,cx
FN:5354,cy
FN:5357,gbox
FN:5378,group
FN:5389,siblings
FN:5394,position
FN:5399,next
FN:5404,previous
FN:5409,forward
FN:5424,backward
FN:5434,front
FN:5448,back
FN:5456,before
FN:5467,after
FN:5480,create
FN:5495,remove
FN:5513,mask
FN:5522,maskWith
FN:5534,unmask
FN:5543,create
FN:5558,remove
FN:5576,clip
FN:5585,clipWith
FN:5597,unclip
FN:5605,create
FN:5620,at
FN:5625,update
FN:5637,fill
FN:5642,toString
FN:5647,attr
FN:5657,gradient
FN:5666,from
FN:5679,to
FN:5695,gradient
FN:5713,update
FN:5745,fill
FN:5750,update
FN:5762,toString
FN:5767,attr
FN:5778,pattern
FN:5786,pattern
FN:5799,create
FN:5829,namespace
FN:5840,defs
FN:5858,parent
FN:5864,spof
FN:5877,remove
FN:5884,clear
FN:5904,create
FN:5916,create
FN:5935,words
FN:5951,element
FN:5967,symbol
FN:5985,element
FN:5995,use
FN:6012,rect
FN:6029,circle
FN:6037,rx
FN:6042,ry
FN:6059,ellipse
FN:6067,rx
FN:6072,ry
FN:6080,x
FN:6085,y
FN:6090,cx
FN:6095,cy
FN:6100,width
FN:6105,height
FN:6110,size
FN:6130,array
FN:6138,plot
FN:6155,move
FN:6160,size
FN:6171,line
FN:6193,polyline
FN:6212,polygon
FN:6222,array
FN:6227,plot
FN:6234,clear
FN:6240,move
FN:6245,size
FN:6259,x
FN:6264,y
FN:6269,width
FN:6276,height
FN:6297,array
FN:6302,plot
FN:6309,clear
FN:6315,move
FN:6320,x
FN:6325,y
FN:6330,size
FN:6337,width
FN:6342,height
FN:6352,path
FN:6371,load
FN:6378,(anonymous_481)
FN:6401,(anonymous_482)
FN:6411,loaded
FN:6417,(anonymous_484)
FN:6417,(anonymous_487)
FN:6427,image
FN:6435,create
FN:6454,x
FN:6463,y
FN:6475,cx
FN:6480,cy
FN:6485,text
FN:6525,size
FN:6530,leading
FN:6542,lines
FN:6546,(anonymous_498)
FN:6555,rebuild
FN:6566,(anonymous_500)
FN:6586,build
FN:6592,setData
FN:6603,text
FN:6608,plain
FN:6627,text
FN:6636,dx
FN:6641,dy
FN:6646,newLine
FN:6662,plain
FN:6674,tspan
FN:6689,clear
FN:6700,length
FN:6723,path
FN:6742,array
FN:6749,plot
FN:6761,track
FN:6769,textPath
FN:6778,create
FN:6792,nested
FN:6809,to
FN:6814,show
FN:6819,target
FN:6828,link
FN:6836,linkTo
FN:6860,width
FN:6865,height
FN:6870,ref
FN:6875,update
FN:6887,toString
FN:6895,marker
FN:6905,marker
FN:6919,marker
FN:6939,prefix
FN:6946,(anonymous_534)
FN:6949,(anonymous_535)
FN:6970,rotate
FN:6979,skew
FN:6995,scale
FN:7011,translate
FN:7019,flip
FN:7028,matrix
FN:7033,opacity
FN:7038,dx
FN:7043,dy
FN:7048,dmove
FN:7055,radius
FN:7065,length
FN:7070,pointAt
FN:7077,font
FN:7094,create
FN:7103,add
FN:7113,remove
FN:7124,each
FN:7132,clear
FN:7140,length
FN:7145,has
FN:7150,index
FN:7155,get
FN:7160,first
FN:7165,last
FN:7170,valueOf
FN:7175,bbox
FN:7183,(anonymous_563)
FN:7196,set
FN:7204,create
FN:7212,(anonymous_566)
FN:7221,(anonymous_567)
FN:7222,(anonymous_568)
FN:7240,(anonymous_569)
FN:7241,(anonymous_570)
FN:7255,data
FN:7282,remember
FN:7301,forget
FN:7313,memory
FN:7319,(anonymous_575)
FN:7325,(anonymous_576)
FN:7327,(anonymous_577)
FN:7335,select
FN:7341,pathRegReplace
FN:7346,array_clone
FN:7357,_is
FN:7362,_matches
FN:7367,camelCase
FN:7368,(anonymous_584)
FN:7374,capitalize
FN:7379,fullHex
FN:7386,compToHex
FN:7392,proportionalSize
FN:7409,deltaTransformPoint
FN:7417,arrayToMatrix
FN:7429,parseMatrix
FN:7437,ensureCentre
FN:7443,arrayToString
FN:7480,assignNewId
FN:7490,fullBox
FN:7509,idFromReference
FN:7520,CustomEvent
FN:7537,(anonymous_598)
FN:7548,(anonymous_599)
FN:7552,(anonymous_600)
FN:7567,(anonymous_601)
FN:7568,(anonymous_602)
FN:7569,DataElement
FN:7620,(anonymous_604)
FN:7675,(anonymous_605)
FN:7686,(anonymous_606)
FN:7696,(anonymous_607)
FN:7703,(anonymous_608)
FN:7728,(anonymous_609)
FN:7738,(anonymous_610)
FN:7756,(anonymous_611)
FN:7776,(anonymous_612)
FN:7804,(anonymous_613)
FN:7832,(anonymous_614)
FN:7868,(anonymous_615)
FN:7883,(anonymous_616)
FN:7908,(anonymous_617)
FN:7914,(anonymous_618)
FN:7917,(anonymous_619)
FN:7966,(anonymous_620)
FN:8009,(anonymous_621)
FN:8036,(anonymous_622)
FN:8037,(anonymous_623)
FN:8070,Scatter
FN:8101,(anonymous_625)
FN:8120,(anonymous_626)
FN:8170,(anonymous_627)
FN:8213,(anonymous_628)
FN:8214,(anonymous_629)
FN:8246,Heatmap
FN:8293,(anonymous_631)
FN:8349,(anonymous_632)
FN:8401,(anonymous_633)
FN:8412,(anonymous_634)
FN:8413,(anonymous_635)
FN:8442,Bar
FN:8469,(anonymous_637)
FN:8477,(anonymous_638)
FN:8511,(anonymous_639)
FN:8514,remove
FN:8553,(anonymous_641)
FN:8585,(anonymous_642)
FN:8590,(anonymous_643)
FN:8613,(anonymous_644)
FN:8641,(anonymous_645)
FN:8655,(anonymous_646)
FN:8667,(anonymous_647)
FN:8679,(anonymous_648)
FN:8703,(anonymous_649)
FN:8704,(anonymous_650)
FN:8736,Line
FN:8765,(anonymous_652)
FN:8779,(anonymous_653)
FN:8801,(anonymous_654)
FN:8802,(anonymous_655)
FN:8816,(anonymous_656)
FN:8840,(anonymous_657)
FN:8841,(anonymous_658)
FN:8849,Piechart
FN:8882,(anonymous_660)
FN:8927,(anonymous_661)
FN:8939,(anonymous_662)
FN:8966,(anonymous_663)
FN:8970,(anonymous_664)
FN:8978,(anonymous_665)
FN:8990,(anonymous_666)
FN:8994,(anonymous_667)
FN:9018,(anonymous_668)
FN:9028,(anonymous_669)
FN:9039,(anonymous_670)
FN:9047,(anonymous_671)
FN:9048,(anonymous_672)
FN:9052,Polar
FN:9054,(anonymous_674)
FN:9094,(anonymous_675)
FN:9186,(anonymous_676)
FN:9190,(anonymous_677)
FN:9194,(anonymous_678)
FN:9203,(anonymous_679)
FN:9214,(anonymous_680)
FN:9226,(anonymous_681)
FN:9244,(anonymous_682)
FN:9264,(anonymous_683)
FN:9282,(anonymous_684)
FN:9295,(anonymous_685)
FN:9305,(anonymous_686)
FN:9327,(anonymous_687)
FN:9328,(anonymous_688)
FN:9339,Radar
FN:9370,(anonymous_690)
FN:9388,(anonymous_691)
FN:9389,(anonymous_692)
FN:9400,Spider
FN:9444,(anonymous_694)
FN:9464,(anonymous_695)
FN:9465,(anonymous_696)
FN:9528,(anonymous_697)
FN:9529,(anonymous_698)
FN:9530,DiagramElement
FN:9557,(anonymous_700)
FN:9562,(anonymous_701)
FN:9583,(anonymous_702)
FN:9587,(anonymous_703)
FN:9590,(anonymous_704)
FN:9610,(anonymous_705)
FN:9611,(anonymous_706)
FN:9615,toNumber
FN:9618,fromNumber
FN:9621,toArray
FN:9624,fromArray
FN:9631,toString
FN:9663,fromString
FN:9672,toDaysBetween
FN:9719,Axis
FN:9745,(anonymous_715)
FN:9754,(anonymous_716)
FN:9755,(anonymous_717)
FN:9765,(anonymous_718)
FN:9773,(anonymous_719)
FN:9780,(anonymous_720)
FN:9820,(anonymous_721)
FN:9826,(anonymous_722)
FN:9848,(anonymous_723)
FN:9879,(anonymous_724)
FN:9898,(anonymous_725)
FN:9916,(anonymous_726)
FN:9930,(anonymous_727)
FN:9943,(anonymous_728)
FN:9973,(anonymous_729)
FN:10010,(anonymous_730)
FN:10032,(anonymous_731)
FN:10053,(anonymous_732)
FN:10054,(anonymous_733)
FN:10094,XAxis
FN:10120,(anonymous_735)
FN:10134,(anonymous_736)
FN:10175,(anonymous_737)
FN:10194,(anonymous_738)
FN:10212,(anonymous_739)
FN:10226,(anonymous_740)
FN:10227,(anonymous_741)
FN:10265,XAxisInverted
FN:10291,(anonymous_743)
FN:10335,(anonymous_744)
FN:10355,(anonymous_745)
FN:10373,(anonymous_746)
FN:10388,(anonymous_747)
FN:10400,(anonymous_748)
FN:10401,(anonymous_749)
FN:10441,YAxis
FN:10467,(anonymous_751)
FN:10497,(anonymous_752)
FN:10505,(anonymous_753)
FN:10519,(anonymous_754)
FN:10532,(anonymous_755)
FN:10562,(anonymous_756)
FN:10604,(anonymous_757)
FN:10627,(anonymous_758)
FN:10646,(anonymous_759)
FN:10661,(anonymous_760)
FN:10672,(anonymous_761)
FN:10673,(anonymous_762)
FN:10713,YAxisInverted
FN:10739,(anonymous_764)
FN:10783,(anonymous_765)
FN:10806,(anonymous_766)
FN:10825,(anonymous_767)
FN:10840,(anonymous_768)
FN:10852,(anonymous_769)
FN:10853,(anonymous_770)
FN:10876,Caption
FN:10888,(anonymous_772)
FN:10911,(anonymous_773)
FN:10965,(anonymous_774)
FN:10966,(anonymous_775)
FN:10996,Legend
FN:11008,(anonymous_777)
FN:11020,(anonymous_778)
FN:11047,(anonymous_779)
FN:11103,(anonymous_780)
FN:11114,(anonymous_781)
FN:11124,(anonymous_782)
FN:11125,(anonymous_783)
FN:11150,Header
FN:11162,(anonymous_785)
FN:11184,(anonymous_786)
FN:11234,(anonymous_787)
FN:11235,(anonymous_788)
FN:11263,Timeline
FN:11288,(anonymous_790)
FN:11295,(anonymous_791)
FN:11307,(anonymous_792)
FN:11336,(anonymous_793)
FN:11352,(anonymous_794)
FN:11366,(anonymous_795)
FN:11378,(anonymous_796)
FN:11385,(anonymous_797)
FN:11400,(anonymous_798)
FN:11411,(anonymous_799)
FN:11422,(anonymous_800)
FN:11429,(anonymous_801)
FN:11445,(anonymous_802)
FN:11455,(anonymous_803)
FN:11468,(anonymous_804)
FN:11475,(anonymous_805)
FN:11490,(anonymous_806)
FN:11502,(anonymous_807)
FN:11547,(anonymous_808)
FN:11548,(anonymous_809)
FN:11577,ToolTip
FN:11584,(anonymous_811)
FN:11589,(anonymous_812)
FN:11699,(anonymous_813)
FN:11707,(anonymous_814)
FN:11721,(anonymous_815)
FN:11739,(anonymous_816)
FN:11740,(anonymous_817)
FN:11763,GuideLine
FN:11770,(anonymous_819)
FN:11776,(anonymous_820)
FN:11784,(anonymous_821)
FN:11827,(anonymous_822)
FN:11828,(anonymous_823)
FN:11829,Diagram
FN:11867,(anonymous_825)
FN:11893,(anonymous_826)
FN:11903,(anonymous_827)
FN:11914,(anonymous_828)
FN:11924,(anonymous_829)
FN:12069,(anonymous_830)
FN:12074,(anonymous_831)
FN:12076,(anonymous_832)
FN:12089,(anonymous_833)
FN:12093,(anonymous_834)
FN:12094,isChanged
FN:12103,(anonymous_836)
FN:12104,(anonymous_837)
FN:12113,(anonymous_838)
FN:12114,(anonymous_839)
FN:12117,(anonymous_840)
FN:12126,(anonymous_841)
FN:12169,(anonymous_842)
FN:12174,(anonymous_843)
FN:12191,(anonymous_844)
FN:12208,(anonymous_845)
FN:12223,(anonymous_846)
FN:12237,(anonymous_847)
FN:12249,(anonymous_848)
FN:12259,(anonymous_849)
FN:12273,(anonymous_850)
FN:12287,(anonymous_851)
FN:12299,(anonymous_852)
FN:12330,(anonymous_853)
FN:12350,(anonymous_854)
FN:12380,(anonymous_855)
FN:12410,(anonymous_856)
FN:12411,(anonymous_857)
FN:12452,(anonymous_858)
FN:12489,processArgs
FN:12533,getDimensions
FN:12551,(anonymous_861)
FN:12561,(anonymous_862)
FN:12566,(anonymous_863)
FN:12568,(anonymous_864)
FN:12669,getElementStyling
FNF:863
FNH:0
FNDA:0,(anonymous_1)
FNDA:0,(anonymous_2)
FNDA:0,margin
FNDA:0,data
FNDA:0,complement
FNDA:0,clone
FNDA:0,axis
FNDA:0,isArray
FNDA:0,(anonymous_9)
FNDA:0,(anonymous_10)
FNDA:0,(anonymous_11)
FNDA:0,(anonymous_12)
FNDA:0,(anonymous_13)
FNDA:0,Builder
FNDA:0,(anonymous_15)
FNDA:0,(anonymous_16)
FNDA:0,(anonymous_17)
FNDA:0,(anonymous_18)
FNDA:0,(anonymous_19)
FNDA:0,(anonymous_20)
FNDA:0,(anonymous_21)
FNDA:0,(anonymous_22)
FNDA:0,(anonymous_23)
FNDA:0,onlyUniqueElementsInArray
FNDA:0,onlyUnique
FNDA:0,Observer
FNDA:0,(anonymous_27)
FNDA:0,(anonymous_28)
FNDA:0,(anonymous_29)
FNDA:0,extend
FNDA:0,TemporaryObject
FNDA:0,replaceAll
FNDA:0,escapeRegExp
FNDA:0,expo
FNDA:0,spaceEachThousand
FNDA:0,roundToDecimals
FNDA:0,(anonymous_37)
FNDA:0,(anonymous_38)
FNDA:0,calculateData
FNDA:0,(anonymous_40)
FNDA:0,(anonymous_41)
FNDA:0,(anonymous_42)
FNDA:0,(anonymous_43)
FNDA:0,getDictionaryKeys
FNDA:0,mobileCheck
FNDA:0,(anonymous_46)
FNDA:0,operationSystem
FNDA:0,checkBrowser
FNDA:0,isElementInElement
FNDA:0,loopThroughChildNodes
FNDA:0,dragAndDo
FNDA:0,mouseDown
FNDA:0,mouseUp
FNDA:0,mouseMove
FNDA:0,getMouseCoordinates
FNDA:0,getCoordinatesInContainer
FNDA:0,click
FNDA:0,(anonymous_58)
FNDA:0,(anonymous_59)
FNDA:0,hover
FNDA:0,click
FNDA:0,isEmpty
FNDA:0,swap
FNDA:0,partitionDouble
FNDA:0,quickSortDouble
FNDA:0,sortDoubleArrays
FNDA:0,(anonymous_67)
FNDA:0,(anonymous_68)
FNDA:0,(anonymous_69)
FNDA:0,isSorted
FNDA:0,forEachKey
FNDA:0,(anonymous_72)
FNDA:0,_loop
FNDA:0,(anonymous_74)
FNDA:0,(anonymous_75)
FNDA:0,(anonymous_76)
FNDA:0,(anonymous_77)
FNDA:0,(anonymous_78)
FNDA:0,(anonymous_79)
FNDA:0,(anonymous_80)
FNDA:0,(anonymous_81)
FNDA:0,(anonymous_82)
FNDA:0,(anonymous_83)
FNDA:0,getWindowStyling
FNDA:0,(anonymous_85)
FNDA:0,(anonymous_86)
FNDA:0,arcToPath
FNDA:0,polarToCartesian
FNDA:0,animateArc
FNDA:0,download
FNDA:0,(anonymous_91)
FNDA:0,triggerDownload
FNDA:0,cropTextElement
FNDA:0,(anonymous_94)
FNDA:0,wrapTextElement
FNDA:0,(anonymous_96)
FNDA:0,(anonymous_97)
FNDA:0,(anonymous_98)
FNDA:0,(anonymous_99)
FNDA:0,(anonymous_100)
FNDA:0,(anonymous_101)
FNDA:0,(anonymous_102)
FNDA:0,(anonymous_103)
FNDA:0,(anonymous_104)
FNDA:0,(anonymous_105)
FNDA:0,(anonymous_106)
FNDA:0,(anonymous_107)
FNDA:0,(anonymous_108)
FNDA:0,map
FNDA:0,filter
FNDA:0,radians
FNDA:0,degrees
FNDA:0,filterSVGElements
FNDA:0,(anonymous_114)
FNDA:0,(anonymous_115)
FNDA:0,toString
FNDA:0,toHex
FNDA:0,toRgb
FNDA:0,brightness
FNDA:0,morph
FNDA:0,at
FNDA:0,(anonymous_122)
FNDA:0,(anonymous_123)
FNDA:0,(anonymous_124)
FNDA:0,(anonymous_125)
FNDA:0,morph
FNDA:0,settle
FNDA:0,at
FNDA:0,toString
FNDA:0,valueOf
FNDA:0,parse
FNDA:0,split
FNDA:0,reverse
FNDA:0,clone
FNDA:0,(anonymous_135)
FNDA:0,toString
FNDA:0,toLine
FNDA:0,at
FNDA:0,parse
FNDA:0,move
FNDA:0,size
FNDA:0,bbox
FNDA:0,M
FNDA:0,L
FNDA:0,H
FNDA:0,V
FNDA:0,C
FNDA:0,S
FNDA:0,Q
FNDA:0,T
FNDA:0,Z
FNDA:0,A
FNDA:0,(anonymous_153)
FNDA:0,(anonymous_154)
FNDA:0,(anonymous_155)
FNDA:0,toString
FNDA:0,move
FNDA:0,size
FNDA:0,equalCommands
FNDA:0,morph
FNDA:0,at
FNDA:0,parse
FNDA:0,(anonymous_163)
FNDA:0,bbox
FNDA:0,create
FNDA:0,toString
FNDA:0,toJSON
FNDA:0,valueOf
FNDA:0,plus
FNDA:0,minus
FNDA:0,times
FNDA:0,divide
FNDA:0,to
FNDA:0,morph
FNDA:0,at
FNDA:0,create
FNDA:0,x
FNDA:0,y
FNDA:0,cx
FNDA:0,cy
FNDA:0,move
FNDA:0,center
FNDA:0,width
FNDA:0,height
FNDA:0,size
FNDA:0,clone
FNDA:0,remove
FNDA:0,replace
FNDA:0,addTo
FNDA:0,putIn
FNDA:0,id
FNDA:0,inside
FNDA:0,show
FNDA:0,hide
FNDA:0,visible
FNDA:0,toString
FNDA:0,classes
FNDA:0,hasClass
FNDA:0,addClass
FNDA:0,removeClass
FNDA:0,(anonymous_201)
FNDA:0,toggleClass
FNDA:0,reference
FNDA:0,parent
FNDA:0,doc
FNDA:0,parents
FNDA:0,matches
FNDA:0,native
FNDA:0,svg
FNDA:0,writeDataToDom
FNDA:0,(anonymous_211)
FNDA:0,setData
FNDA:0,is
FNDA:0,_
FNDA:0,_
FNDA:0,_
FNDA:0,_
FNDA:0,(anonymous_218)
FNDA:0,(anonymous_219)
FNDA:0,create
FNDA:0,create
FNDA:0,animate
FNDA:0,delay
FNDA:0,target
FNDA:0,timeToAbsPos
FNDA:0,absPosToTime
FNDA:0,startAnimFrame
FNDA:0,(anonymous_228)
FNDA:0,stopAnimFrame
FNDA:0,start
FNDA:0,startCurrent
FNDA:0,queue
FNDA:0,dequeue
FNDA:0,initAnimations
FNDA:0,clearQueue
FNDA:0,clearCurrent
FNDA:0,stop
FNDA:0,reset
FNDA:0,finish
FNDA:0,atStart
FNDA:0,atEnd
FNDA:0,at
FNDA:0,speed
FNDA:0,loop
FNDA:0,pause
FNDA:0,play
FNDA:0,reverse
FNDA:0,progress
FNDA:0,after
FNDA:0,wrapper
FNDA:0,during
FNDA:0,wrapper
FNDA:0,(anonymous_253)
FNDA:0,afterAll
FNDA:0,wrapper
FNDA:0,duringAll
FNDA:0,wrapper
FNDA:0,(anonymous_258)
FNDA:0,last
FNDA:0,add
FNDA:0,step
FNDA:0,eachAt
FNDA:0,(anonymous_263)
FNDA:0,(anonymous_264)
FNDA:0,(anonymous_265)
FNDA:0,once
FNDA:0,_callStart
FNDA:0,(anonymous_268)
FNDA:0,animate
FNDA:0,delay
FNDA:0,stop
FNDA:0,finish
FNDA:0,pause
FNDA:0,play
FNDA:0,speed
FNDA:0,create
FNDA:0,at
FNDA:0,valueOf
FNDA:0,attr
FNDA:0,style
FNDA:0,x
FNDA:0,y
FNDA:0,cx
FNDA:0,cy
FNDA:0,move
FNDA:0,center
FNDA:0,size
FNDA:0,plot
FNDA:0,leading
FNDA:0,viewbox
FNDA:0,update
FNDA:0,create
FNDA:0,merge
FNDA:0,transform
FNDA:0,(anonymous_295)
FNDA:0,create
FNDA:0,bbox
FNDA:0,tbox
FNDA:0,create
FNDA:0,addOffset
FNDA:0,rbox
FNDA:0,create
FNDA:0,extract
FNDA:0,clone
FNDA:0,morph
FNDA:0,at
FNDA:0,multiply
FNDA:0,inverse
FNDA:0,translate
FNDA:0,scale
FNDA:0,rotate
FNDA:0,flip
FNDA:0,skew
FNDA:0,skewX
FNDA:0,skewY
FNDA:0,around
FNDA:0,native
FNDA:0,toString
FNDA:0,ctm
FNDA:0,screenCTM
FNDA:0,create
FNDA:0,clone
FNDA:0,morph
FNDA:0,at
FNDA:0,native
FNDA:0,transform
FNDA:0,point
FNDA:0,attr
FNDA:0,(anonymous_329)
FNDA:0,transform
FNDA:0,transform
FNDA:0,untransform
FNDA:0,matrixify
FNDA:0,(anonymous_334)
FNDA:0,(anonymous_335)
FNDA:0,(anonymous_336)
FNDA:0,toParent
FNDA:0,toDoc
FNDA:0,create
FNDA:0,at
FNDA:0,undo
FNDA:0,create
FNDA:0,create
FNDA:0,at
FNDA:0,undo
FNDA:0,create
FNDA:0,create
FNDA:0,style
FNDA:0,(anonymous_349)
FNDA:0,(anonymous_350)
FNDA:0,create
FNDA:0,children
FNDA:0,(anonymous_353)
FNDA:0,add
FNDA:0,put
FNDA:0,has
FNDA:0,index
FNDA:0,get
FNDA:0,first
FNDA:0,last
FNDA:0,each
FNDA:0,removeElement
FNDA:0,clear
FNDA:0,defs
FNDA:0,ungroup
FNDA:0,(anonymous_366)
FNDA:0,flatten
FNDA:0,create
FNDA:0,create
FNDA:0,(anonymous_370)
FNDA:0,toString
FNDA:0,morph
FNDA:0,at
FNDA:0,viewbox
FNDA:0,(anonymous_375)
FNDA:0,(anonymous_376)
FNDA:0,(anonymous_377)
FNDA:0,(anonymous_378)
FNDA:0,on
FNDA:0,off
FNDA:0,fire
FNDA:0,event
FNDA:0,x
FNDA:0,y
FNDA:0,cx
FNDA:0,cy
FNDA:0,gbox
FNDA:0,group
FNDA:0,siblings
FNDA:0,position
FNDA:0,next
FNDA:0,previous
FNDA:0,forward
FNDA:0,backward
FNDA:0,front
FNDA:0,back
FNDA:0,before
FNDA:0,after
FNDA:0,create
FNDA:0,remove
FNDA:0,mask
FNDA:0,maskWith
FNDA:0,unmask
FNDA:0,create
FNDA:0,remove
FNDA:0,clip
FNDA:0,clipWith
FNDA:0,unclip
FNDA:0,create
FNDA:0,at
FNDA:0,update
FNDA:0,fill
FNDA:0,toString
FNDA:0,attr
FNDA:0,gradient
FNDA:0,from
FNDA:0,to
FNDA:0,gradient
FNDA:0,update
FNDA:0,fill
FNDA:0,update
FNDA:0,toString
FNDA:0,attr
FNDA:0,pattern
FNDA:0,pattern
FNDA:0,create
FNDA:0,namespace
FNDA:0,defs
FNDA:0,parent
FNDA:0,spof
FNDA:0,remove
FNDA:0,clear
FNDA:0,create
FNDA:0,create
FNDA:0,words
FNDA:0,element
FNDA:0,symbol
FNDA:0,element
FNDA:0,use
FNDA:0,rect
FNDA:0,circle
FNDA:0,rx
FNDA:0,ry
FNDA:0,ellipse
FNDA:0,rx
FNDA:0,ry
FNDA:0,x
FNDA:0,y
FNDA:0,cx
FNDA:0,cy
FNDA:0,width
FNDA:0,height
FNDA:0,size
FNDA:0,array
FNDA:0,plot
FNDA:0,move
FNDA:0,size
FNDA:0,line
FNDA:0,polyline
FNDA:0,polygon
FNDA:0,array
FNDA:0,plot
FNDA:0,clear
FNDA:0,move
FNDA:0,size
FNDA:0,x
FNDA:0,y
FNDA:0,width
FNDA:0,height
FNDA:0,array
FNDA:0,plot
FNDA:0,clear
FNDA:0,move
FNDA:0,x
FNDA:0,y
FNDA:0,size
FNDA:0,width
FNDA:0,height
FNDA:0,path
FNDA:0,load
FNDA:0,(anonymous_481)
FNDA:0,(anonymous_482)
FNDA:0,loaded
FNDA:0,(anonymous_484)
FNDA:0,(anonymous_487)
FNDA:0,image
FNDA:0,create
FNDA:0,x
FNDA:0,y
FNDA:0,cx
FNDA:0,cy
FNDA:0,text
FNDA:0,size
FNDA:0,leading
FNDA:0,lines
FNDA:0,(anonymous_498)
FNDA:0,rebuild
FNDA:0,(anonymous_500)
FNDA:0,build
FNDA:0,setData
FNDA:0,text
FNDA:0,plain
FNDA:0,text
FNDA:0,dx
FNDA:0,dy
FNDA:0,newLine
FNDA:0,plain
FNDA:0,tspan
FNDA:0,clear
FNDA:0,length
FNDA:0,path
FNDA:0,array
FNDA:0,plot
FNDA:0,track
FNDA:0,textPath
FNDA:0,create
FNDA:0,nested
FNDA:0,to
FNDA:0,show
FNDA:0,target
FNDA:0,link
FNDA:0,linkTo
FNDA:0,width
FNDA:0,height
FNDA:0,ref
FNDA:0,update
FNDA:0,toString
FNDA:0,marker
FNDA:0,marker
FNDA:0,marker
FNDA:0,prefix
FNDA:0,(anonymous_534)
FNDA:0,(anonymous_535)
FNDA:0,rotate
FNDA:0,skew
FNDA:0,scale
FNDA:0,translate
FNDA:0,flip
FNDA:0,matrix
FNDA:0,opacity
FNDA:0,dx
FNDA:0,dy
FNDA:0,dmove
FNDA:0,radius
FNDA:0,length
FNDA:0,pointAt
FNDA:0,font
FNDA:0,create
FNDA:0,add
FNDA:0,remove
FNDA:0,each
FNDA:0,clear
FNDA:0,length
FNDA:0,has
FNDA:0,index
FNDA:0,get
FNDA:0,first
FNDA:0,last
FNDA:0,valueOf
FNDA:0,bbox
FNDA:0,(anonymous_563)
FNDA:0,set
FNDA:0,create
FNDA:0,(anonymous_566)
FNDA:0,(anonymous_567)
FNDA:0,(anonymous_568)
FNDA:0,(anonymous_569)
FNDA:0,(anonymous_570)
FNDA:0,data
FNDA:0,remember
FNDA:0,forget
FNDA:0,memory
FNDA:0,(anonymous_575)
FNDA:0,(anonymous_576)
FNDA:0,(anonymous_577)
FNDA:0,select
FNDA:0,pathRegReplace
FNDA:0,array_clone
FNDA:0,_is
FNDA:0,_matches
FNDA:0,camelCase
FNDA:0,(anonymous_584)
FNDA:0,capitalize
FNDA:0,fullHex
FNDA:0,compToHex
FNDA:0,proportionalSize
FNDA:0,deltaTransformPoint
FNDA:0,arrayToMatrix
FNDA:0,parseMatrix
FNDA:0,ensureCentre
FNDA:0,arrayToString
FNDA:0,assignNewId
FNDA:0,fullBox
FNDA:0,idFromReference
FNDA:0,CustomEvent
FNDA:0,(anonymous_598)
FNDA:0,(anonymous_599)
FNDA:0,(anonymous_600)
FNDA:0,(anonymous_601)
FNDA:0,(anonymous_602)
FNDA:0,DataElement
FNDA:0,(anonymous_604)
FNDA:0,(anonymous_605)
FNDA:0,(anonymous_606)
FNDA:0,(anonymous_607)
FNDA:0,(anonymous_608)
FNDA:0,(anonymous_609)
FNDA:0,(anonymous_610)
FNDA:0,(anonymous_611)
FNDA:0,(anonymous_612)
FNDA:0,(anonymous_613)
FNDA:0,(anonymous_614)
FNDA:0,(anonymous_615)
FNDA:0,(anonymous_616)
FNDA:0,(anonymous_617)
FNDA:0,(anonymous_618)
FNDA:0,(anonymous_619)
FNDA:0,(anonymous_620)
FNDA:0,(anonymous_621)
FNDA:0,(anonymous_622)
FNDA:0,(anonymous_623)
FNDA:0,Scatter
FNDA:0,(anonymous_625)
FNDA:0,(anonymous_626)
FNDA:0,(anonymous_627)
FNDA:0,(anonymous_628)
FNDA:0,(anonymous_629)
FNDA:0,Heatmap
FNDA:0,(anonymous_631)
FNDA:0,(anonymous_632)
FNDA:0,(anonymous_633)
FNDA:0,(anonymous_634)
FNDA:0,(anonymous_635)
FNDA:0,Bar
FNDA:0,(anonymous_637)
FNDA:0,(anonymous_638)
FNDA:0,(anonymous_639)
FNDA:0,remove
FNDA:0,(anonymous_641)
FNDA:0,(anonymous_642)
FNDA:0,(anonymous_643)
FNDA:0,(anonymous_644)
FNDA:0,(anonymous_645)
FNDA:0,(anonymous_646)
FNDA:0,(anonymous_647)
FNDA:0,(anonymous_648)
FNDA:0,(anonymous_649)
FNDA:0,(anonymous_650)
FNDA:0,Line
FNDA:0,(anonymous_652)
FNDA:0,(anonymous_653)
FNDA:0,(anonymous_654)
FNDA:0,(anonymous_655)
FNDA:0,(anonymous_656)
FNDA:0,(anonymous_657)
FNDA:0,(anonymous_658)
FNDA:0,Piechart
FNDA:0,(anonymous_660)
FNDA:0,(anonymous_661)
FNDA:0,(anonymous_662)
FNDA:0,(anonymous_663)
FNDA:0,(anonymous_664)
FNDA:0,(anonymous_665)
FNDA:0,(anonymous_666)
FNDA:0,(anonymous_667)
FNDA:0,(anonymous_668)
FNDA:0,(anonymous_669)
FNDA:0,(anonymous_670)
FNDA:0,(anonymous_671)
FNDA:0,(anonymous_672)
FNDA:0,Polar
FNDA:0,(anonymous_674)
FNDA:0,(anonymous_675)
FNDA:0,(anonymous_676)
FNDA:0,(anonymous_677)
FNDA:0,(anonymous_678)
FNDA:0,(anonymous_679)
FNDA:0,(anonymous_680)
FNDA:0,(anonymous_681)
FNDA:0,(anonymous_682)
FNDA:0,(anonymous_683)
FNDA:0,(anonymous_684)
FNDA:0,(anonymous_685)
FNDA:0,(anonymous_686)
FNDA:0,(anonymous_687)
FNDA:0,(anonymous_688)
FNDA:0,Radar
FNDA:0,(anonymous_690)
FNDA:0,(anonymous_691)
FNDA:0,(anonymous_692)
FNDA:0,Spider
FNDA:0,(anonymous_694)
FNDA:0,(anonymous_695)
FNDA:0,(anonymous_696)
FNDA:0,(anonymous_697)
FNDA:0,(anonymous_698)
FNDA:0,DiagramElement
FNDA:0,(anonymous_700)
FNDA:0,(anonymous_701)
FNDA:0,(anonymous_702)
FNDA:0,(anonymous_703)
FNDA:0,(anonymous_704)
FNDA:0,(anonymous_705)
FNDA:0,(anonymous_706)
FNDA:0,toNumber
FNDA:0,fromNumber
FNDA:0,toArray
FNDA:0,fromArray
FNDA:0,toString
FNDA:0,fromString
FNDA:0,toDaysBetween
FNDA:0,Axis
FNDA:0,(anonymous_715)
FNDA:0,(anonymous_716)
FNDA:0,(anonymous_717)
FNDA:0,(anonymous_718)
FNDA:0,(anonymous_719)
FNDA:0,(anonymous_720)
FNDA:0,(anonymous_721)
FNDA:0,(anonymous_722)
FNDA:0,(anonymous_723)
FNDA:0,(anonymous_724)
FNDA:0,(anonymous_725)
FNDA:0,(anonymous_726)
FNDA:0,(anonymous_727)
FNDA:0,(anonymous_728)
FNDA:0,(anonymous_729)
FNDA:0,(anonymous_730)
FNDA:0,(anonymous_731)
FNDA:0,(anonymous_732)
FNDA:0,(anonymous_733)
FNDA:0,XAxis
FNDA:0,(anonymous_735)
FNDA:0,(anonymous_736)
FNDA:0,(anonymous_737)
FNDA:0,(anonymous_738)
FNDA:0,(anonymous_739)
FNDA:0,(anonymous_740)
FNDA:0,(anonymous_741)
FNDA:0,XAxisInverted
FNDA:0,(anonymous_743)
FNDA:0,(anonymous_744)
FNDA:0,(anonymous_745)
FNDA:0,(anonymous_746)
FNDA:0,(anonymous_747)
FNDA:0,(anonymous_748)
FNDA:0,(anonymous_749)
FNDA:0,YAxis
FNDA:0,(anonymous_751)
FNDA:0,(anonymous_752)
FNDA:0,(anonymous_753)
FNDA:0,(anonymous_754)
FNDA:0,(anonymous_755)
FNDA:0,(anonymous_756)
FNDA:0,(anonymous_757)
FNDA:0,(anonymous_758)
FNDA:0,(anonymous_759)
FNDA:0,(anonymous_760)
FNDA:0,(anonymous_761)
FNDA:0,(anonymous_762)
FNDA:0,YAxisInverted
FNDA:0,(anonymous_764)
FNDA:0,(anonymous_765)
FNDA:0,(anonymous_766)
FNDA:0,(anonymous_767)
FNDA:0,(anonymous_768)
FNDA:0,(anonymous_769)
FNDA:0,(anonymous_770)
FNDA:0,Caption
FNDA:0,(anonymous_772)
FNDA:0,(anonymous_773)
FNDA:0,(anonymous_774)
FNDA:0,(anonymous_775)
FNDA:0,Legend
FNDA:0,(anonymous_777)
FNDA:0,(anonymous_778)
FNDA:0,(anonymous_779)
FNDA:0,(anonymous_780)
FNDA:0,(anonymous_781)
FNDA:0,(anonymous_782)
FNDA:0,(anonymous_783)
FNDA:0,Header
FNDA:0,(anonymous_785)
FNDA:0,(anonymous_786)
FNDA:0,(anonymous_787)
FNDA:0,(anonymous_788)
FNDA:0,Timeline
FNDA:0,(anonymous_790)
FNDA:0,(anonymous_791)
FNDA:0,(anonymous_792)
FNDA:0,(anonymous_793)
FNDA:0,(anonymous_794)
FNDA:0,(anonymous_795)
FNDA:0,(anonymous_796)
FNDA:0,(anonymous_797)
FNDA:0,(anonymous_798)
FNDA:0,(anonymous_799)
FNDA:0,(anonymous_800)
FNDA:0,(anonymous_801)
FNDA:0,(anonymous_802)
FNDA:0,(anonymous_803)
FNDA:0,(anonymous_804)
FNDA:0,(anonymous_805)
FNDA:0,(anonymous_806)
FNDA:0,(anonymous_807)
FNDA:0,(anonymous_808)
FNDA:0,(anonymous_809)
FNDA:0,ToolTip
FNDA:0,(anonymous_811)
FNDA:0,(anonymous_812)
FNDA:0,(anonymous_813)
FNDA:0,(anonymous_814)
FNDA:0,(anonymous_815)
FNDA:0,(anonymous_816)
FNDA:0,(anonymous_817)
FNDA:0,GuideLine
FNDA:0,(anonymous_819)
FNDA:0,(anonymous_820)
FNDA:0,(anonymous_821)
FNDA:0,(anonymous_822)
FNDA:0,(anonymous_823)
FNDA:0,Diagram
FNDA:0,(anonymous_825)
FNDA:0,(anonymous_826)
FNDA:0,(anonymous_827)
FNDA:0,(anonymous_828)
FNDA:0,(anonymous_829)
FNDA:0,(anonymous_830)
FNDA:0,(anonymous_831)
FNDA:0,(anonymous_832)
FNDA:0,(anonymous_833)
FNDA:0,(anonymous_834)
FNDA:0,isChanged
FNDA:0,(anonymous_836)
FNDA:0,(anonymous_837)
FNDA:0,(anonymous_838)
FNDA:0,(anonymous_839)
FNDA:0,(anonymous_840)
FNDA:0,(anonymous_841)
FNDA:0,(anonymous_842)
FNDA:0,(anonymous_843)
FNDA:0,(anonymous_844)
FNDA:0,(anonymous_845)
FNDA:0,(anonymous_846)
FNDA:0,(anonymous_847)
FNDA:0,(anonymous_848)
FNDA:0,(anonymous_849)
FNDA:0,(anonymous_850)
FNDA:0,(anonymous_851)
FNDA:0,(anonymous_852)
FNDA:0,(anonymous_853)
FNDA:0,(anonymous_854)
FNDA:0,(anonymous_855)
FNDA:0,(anonymous_856)
FNDA:0,(anonymous_857)
FNDA:0,(anonymous_858)
FNDA:0,processArgs
FNDA:0,getDimensions
FNDA:0,(anonymous_861)
FNDA:0,(anonymous_862)
FNDA:0,(anonymous_863)
FNDA:0,(anonymous_864)
FNDA:0,getElementStyling
DA:3,0
DA:4,0
DA:5,0
DA:6,0
DA:9,0
DA:10,0
DA:12,0
DA:14,0
DA:16,0
DA:17,0
DA:21,0
DA:25,0
DA:26,0
DA:28,0
DA:29,0
DA:31,0
DA:32,0
DA:38,0
DA:39,0
DA:41,0
DA:45,0
DA:48,0
DA:49,0
DA:50,0
DA:51,0
DA:57,0
DA:60,0
DA:61,0
DA:62,0
DA:65,0
DA:68,0
DA:69,0
DA:70,0
DA:71,0
DA:73,0
DA:76,0
DA:78,0
DA:79,0
DA:81,0
DA:83,0
DA:86,0
DA:87,0
DA:88,0
DA:90,0
DA:95,0
DA:96,0
DA:98,0
DA:103,0
DA:107,0
DA:109,0
DA:113,0
DA:116,0
DA:117,0
DA:119,0
DA:120,0
DA:121,0
DA:124,0
DA:127,0
DA:130,0
DA:131,0
DA:133,0
DA:134,0
DA:135,0
DA:136,0
DA:138,0
DA:141,0
DA:145,0
DA:148,0
DA:149,0
DA:152,0
DA:153,0
DA:155,0
DA:158,0
DA:159,0
DA:160,0
DA:161,0
DA:162,0
DA:163,0
DA:165,0
DA:166,0
DA:169,0
DA:172,0
DA:173,0
DA:176,0
DA:178,0
DA:182,0
DA:183,0
DA:186,0
DA:189,0
DA:196,0
DA:230,0
DA:237,0
DA:238,0
DA:241,0
DA:244,0
DA:246,0
DA:247,0
DA:248,0
DA:251,0
DA:252,0
DA:253,0
DA:255,0
DA:256,0
DA:260,0
DA:261,0
DA:263,0
DA:264,0
DA:266,0
DA:267,0
DA:268,0
DA:273,0
DA:274,0
DA:275,0
DA:277,0
DA:278,0
DA:281,0
DA:282,0
DA:284,0
DA:285,0
DA:286,0
DA:294,0
DA:295,0
DA:296,0
DA:297,0
DA:300,0
DA:301,0
DA:302,0
DA:303,0
DA:306,0
DA:309,0
DA:310,0
DA:313,0
DA:314,0
DA:318,0
DA:319,0
DA:320,0
DA:321,0
DA:323,0
DA:328,0
DA:329,0
DA:330,0
DA:332,0
DA:333,0
DA:334,0
DA:337,0
DA:338,0
DA:339,0
DA:341,0
DA:343,0
DA:346,0
DA:347,0
DA:348,0
DA:357,0
DA:391,0
DA:392,0
DA:394,0
DA:395,0
DA:396,0
DA:404,0
DA:405,0
DA:408,0
DA:411,0
DA:413,0
DA:414,0
DA:417,0
DA:418,0
DA:421,0
DA:425,0
DA:427,0
DA:430,0
DA:432,0
DA:434,0
DA:435,0
DA:437,0
DA:440,0
DA:441,0
DA:443,0
DA:444,0
DA:448,0
DA:450,0
DA:451,0
DA:453,0
DA:454,0
DA:456,0
DA:458,0
DA:459,0
DA:461,0
DA:466,0
DA:469,0
DA:470,0
DA:471,0
DA:475,0
DA:478,0
DA:481,0
DA:486,0
DA:487,0
DA:488,0
DA:489,0
DA:493,0
DA:494,0
DA:497,0
DA:501,0
DA:503,0
DA:504,0
DA:505,0
DA:510,0
DA:511,0
DA:512,0
DA:513,0
DA:514,0
DA:515,0
DA:516,0
DA:519,0
DA:520,0
DA:522,0
DA:523,0
DA:524,0
DA:527,0
DA:529,0
DA:530,0
DA:534,0
DA:535,0
DA:536,0
DA:537,0
DA:539,0
DA:542,0
DA:543,0
DA:545,0
DA:549,0
DA:550,0
DA:553,0
DA:555,0
DA:557,0
DA:558,0
DA:560,0
DA:561,0
DA:562,0
DA:565,0
DA:566,0
DA:567,0
DA:570,0
DA:572,0
DA:574,0
DA:575,0
DA:577,0
DA:578,0
DA:580,0
DA:581,0
DA:584,0
DA:586,0
DA:587,0
DA:590,0
DA:591,0
DA:593,0
DA:594,0
DA:595,0
DA:598,0
DA:600,0
DA:602,0
DA:603,0
DA:606,0
DA:608,0
DA:610,0
DA:611,0
DA:614,0
DA:616,0
DA:617,0
DA:619,0
DA:620,0
DA:622,0
DA:623,0
DA:626,0
DA:630,0
DA:631,0
DA:633,0
DA:638,0
DA:639,0
DA:640,0
DA:643,0
DA:645,0
DA:649,0
DA:650,0
DA:653,0
DA:654,0
DA:759,0
DA:760,0
DA:761,0
DA:762,0
DA:763,0
DA:767,0
DA:769,0
DA:770,0
DA:771,0
DA:774,0
DA:776,0
DA:777,0
DA:780,0
DA:781,0
DA:784,0
DA:785,0
DA:786,0
DA:789,0
DA:796,0
DA:799,0
DA:802,0
DA:803,0
DA:804,0
DA:807,0
DA:810,0
DA:813,0
DA:816,0
DA:818,0
DA:819,0
DA:821,0
DA:825,0
DA:826,0
DA:829,0
DA:830,0
DA:831,0
DA:832,0
DA:833,0
DA:836,0
DA:838,0
DA:841,0
DA:842,0
DA:847,0
DA:850,0
DA:855,0
DA:857,0
DA:858,0
DA:859,0
DA:862,0
DA:864,0
DA:865,0
DA:866,0
DA:869,0
DA:871,0
DA:874,0
DA:878,0
DA:879,0
DA:884,0
DA:893,0
DA:894,0
DA:896,0
DA:903,0
DA:905,0
DA:906,0
DA:908,0
DA:909,0
DA:910,0
DA:912,0
DA:913,0
DA:915,0
DA:916,0
DA:917,0
DA:922,0
DA:924,0
DA:925,0
DA:927,0
DA:928,0
DA:932,0
DA:934,0
DA:935,0
DA:940,0
DA:941,0
DA:943,0
DA:945,0
DA:946,0
DA:948,0
DA:949,0
DA:951,0
DA:952,0
DA:954,0
DA:955,0
DA:957,0
DA:958,0
DA:960,0
DA:961,0
DA:963,0
DA:964,0
DA:966,0
DA:967,0
DA:978,0
DA:979,0
DA:980,0
DA:987,0
DA:988,0
DA:989,0
DA:991,0
DA:992,0
DA:993,0
DA:996,0
DA:997,0
DA:1000,0
DA:1001,0
DA:1002,0
DA:1003,0
DA:1004,0
DA:1007,0
DA:1021,0
DA:1022,0
DA:1024,0
DA:1025,0
DA:1027,0
DA:1028,0
DA:1031,0
DA:1032,0
DA:1036,0
DA:1045,0
DA:1046,0
DA:1047,0
DA:1052,0
DA:1053,0
DA:1055,0
DA:1056,0
DA:1059,0
DA:1066,0
DA:1067,0
DA:1068,0
DA:1069,0
DA:1070,0
DA:1072,0
DA:1075,0
DA:1078,0
DA:1079,0
DA:1081,0
DA:1082,0
DA:1083,0
DA:1089,0
DA:1115,0
DA:1116,0
DA:1119,0
DA:1120,0
DA:1123,0
DA:1125,0
DA:1128,0
DA:1132,0
DA:1133,0
DA:1134,0
DA:1137,0
DA:1140,0
DA:1141,0
DA:1142,0
DA:1144,0
DA:1146,0
DA:1148,0
DA:1150,0
DA:1152,0
DA:1153,0
DA:1154,0
DA:1158,0
DA:1159,0
DA:1162,0
DA:1166,0
DA:1168,0
DA:1170,0
DA:1171,0
DA:1172,0
DA:1176,0
DA:1177,0
DA:1180,0
DA:1184,0
DA:1186,0
DA:1188,0
DA:1190,0
DA:1192,0
DA:1193,0
DA:1194,0
DA:1197,0
DA:1200,0
DA:1201,0
DA:1204,0
DA:1205,0
DA:1207,0
DA:1212,0
DA:1213,0
DA:1215,0
DA:1216,0
DA:1220,0
DA:1221,0
DA:1224,0
DA:1226,0
DA:1229,0
DA:1233,0
DA:1235,0
DA:1236,0
DA:1237,0
DA:1239,0
DA:1240,0
DA:1243,0
DA:1247,0
DA:1248,0
DA:1249,0
DA:1250,0
DA:1251,0
DA:1252,0
DA:1253,0
DA:1254,0
DA:1265,0
DA:1268,0
DA:1271,0
DA:1274,0
DA:1275,0
DA:1278,0
DA:1281,0
DA:1282,0
DA:1286,0
DA:1293,0
DA:1294,0
DA:1295,0
DA:1297,0
DA:1298,0
DA:1299,0
DA:1300,0
DA:1301,0
DA:1304,0
DA:1307,0
DA:1309,0
DA:1312,0
DA:1313,0
DA:1316,0
DA:1319,0
DA:1320,0
DA:1324,0
DA:1328,0
DA:1331,0
DA:1334,0
DA:1336,0
DA:1337,0
DA:1344,0
DA:1345,0
DA:1347,0
DA:1349,0
DA:1354,0
DA:1360,0
DA:1361,0
DA:1362,0
DA:1363,0
DA:1365,0
DA:1366,0
DA:1369,0
DA:1371,0
DA:1372,0
DA:1375,0
DA:1377,0
DA:1378,0
DA:1383,0
DA:1384,0
DA:1387,0
DA:1388,0
DA:1389,0
DA:1390,0
DA:1391,0
DA:1394,0
DA:1395,0
DA:1396,0
DA:1399,0
DA:1400,0
DA:1403,0
DA:1404,0
DA:1407,0
DA:1409,0
DA:1410,0
DA:1411,0
DA:1416,0
DA:1421,0
DA:1427,0
DA:1428,0
DA:1429,0
DA:1430,0
DA:1432,0
DA:1435,0
DA:1436,0
DA:1440,0
DA:1441,0
DA:1442,0
DA:1444,0
DA:1445,0
DA:1446,0
DA:1447,0
DA:1448,0
DA:1449,0
DA:1450,0
DA:1452,0
DA:1453,0
DA:1455,0
DA:1461,0
DA:1462,0
DA:1463,0
DA:1464,0
DA:1466,0
DA:1467,0
DA:1469,0
DA:1471,0
DA:1476,0
DA:1477,0
DA:1480,0
DA:1481,0
DA:1482,0
DA:1485,0
DA:1487,0
DA:1490,0
DA:1491,0
DA:1492,0
DA:1494,0
DA:1495,0
DA:1496,0
DA:1497,0
DA:1498,0
DA:1499,0
DA:1500,0
DA:1503,0
DA:1504,0
DA:1506,0
DA:1512,0
DA:1513,0
DA:1514,0
DA:1515,0
DA:1517,0
DA:1518,0
DA:1520,0
DA:1521,0
DA:1523,0
DA:1524,0
DA:1525,0
DA:1530,0
DA:1531,0
DA:1534,0
DA:1535,0
DA:1536,0
DA:1540,0
DA:1542,0
DA:1546,0
DA:1562,0
DA:1563,0
DA:1564,0
DA:1566,0
DA:1567,0
DA:1569,0
DA:1574,0
DA:1575,0
DA:1576,0
DA:1577,0
DA:1580,0
DA:1581,0
DA:1586,0
DA:1589,0
DA:1592,0
DA:1593,0
DA:1597,0
DA:1599,0
DA:1602,0
DA:1604,0
DA:1608,0
DA:1612,0
DA:1615,0
DA:1617,0
DA:1618,0
DA:1619,0
DA:1620,0
DA:1623,0
DA:1624,0
DA:1628,0
DA:1630,0
DA:1633,0
DA:1637,0
DA:1638,0
DA:1641,0
DA:1642,0
DA:1645,0
DA:1646,0
DA:1648,0
DA:1652,0
DA:1654,0
DA:1657,0
DA:1663,0
DA:1664,0
DA:1665,0
DA:1666,0
DA:1667,0
DA:1668,0
DA:1669,0
DA:1670,0
DA:1672,0
DA:1675,0
DA:1676,0
DA:1677,0
DA:1680,0
DA:1681,0
DA:1684,0
DA:1686,0
DA:1690,0
DA:1692,0
DA:1693,0
DA:1696,0
DA:1705,0
DA:1709,0
DA:1710,0
DA:1711,0
DA:1715,0
DA:1794,0
DA:1797,0
DA:1798,0
DA:1800,0
DA:1801,0
DA:1803,0
DA:1809,0
DA:1810,0
DA:1812,0
DA:1813,0
DA:1814,0
DA:1816,0
DA:1822,0
DA:1828,0
DA:1833,0
DA:1834,0
DA:1840,0
DA:1881,0
DA:1885,0
DA:1886,0
DA:1887,0
DA:1889,0
DA:1892,0
DA:1893,0
DA:1895,0
DA:1898,0
DA:1899,0
DA:1900,0
DA:1902,0
DA:1904,0
DA:1907,0
DA:1908,0
DA:1909,0
DA:1913,0
DA:1914,0
DA:1915,0
DA:1916,0
DA:1922,0
DA:1925,0
DA:1930,0
DA:1938,0
DA:1943,0
DA:1950,0
DA:1952,0
DA:1958,0
DA:1961,0
DA:1964,0
DA:1976,0
DA:1977,0
DA:1978,0
DA:1983,0
DA:1984,0
DA:1990,0
DA:1991,0
DA:1994,0
DA:1995,0
DA:1998,0
DA:1999,0
DA:2002,0
DA:2005,0
DA:2008,0
DA:2011,0
DA:2012,0
DA:2013,0
DA:2015,0
DA:2016,0
DA:2017,0
DA:2018,0
DA:2021,0
DA:2027,0
DA:2028,0
DA:2029,0
DA:2032,0
DA:2038,0
DA:2041,0
DA:2042,0
DA:2044,0
DA:2049,0
DA:2054,0
DA:2059,0
DA:2062,0
DA:2064,0
DA:2069,0
DA:2074,0
DA:2076,0
DA:2079,0
DA:2080,0
DA:2081,0
DA:2085,0
DA:2086,0
DA:2092,0
DA:2093,0
DA:2095,0
DA:2099,0
DA:2100,0
DA:2102,0
DA:2107,0
DA:2118,0
DA:2121,0
DA:2122,0
DA:2126,0
DA:2131,0
DA:2133,0
DA:2136,0
DA:2138,0
DA:2139,0
DA:2143,0
DA:2148,0
DA:2151,0
DA:2152,0
DA:2154,0
DA:2159,0
DA:2162,0
DA:2163,0
DA:2166,0
DA:2167,0
DA:2168,0
DA:2170,0
DA:2175,0
DA:2178,0
DA:2179,0
DA:2180,0
DA:2183,0
DA:2188,0
DA:2190,0
DA:2194,0
DA:2196,0
DA:2197,0
DA:2199,0
[...]
BRDA:11033,1020,1,0
BRDA:11039,1021,0,0
BRDA:11039,1021,1,0
BRDA:11062,1022,0,0
BRDA:11062,1022,1,0
BRDA:11091,1023,0,0
BRDA:11091,1023,1,0
BRDA:11123,1024,0,0
BRDA:11123,1024,1,0
BRDA:11165,1025,0,0
BRDA:11165,1025,1,0
BRDA:11167,1026,0,0
BRDA:11167,1026,1,0
BRDA:11167,1027,0,0
BRDA:11167,1027,1,0
BRDA:11169,1028,0,0
BRDA:11169,1028,1,0
BRDA:11170,1029,0,0
BRDA:11170,1029,1,0
BRDA:11172,1030,0,0
BRDA:11172,1030,1,0
BRDA:11172,1031,0,0
BRDA:11172,1031,1,0
BRDA:11173,1032,0,0
BRDA:11173,1032,1,0
BRDA:11174,1033,0,0
BRDA:11174,1033,1,0
BRDA:11175,1034,0,0
BRDA:11175,1034,1,0
BRDA:11178,1035,0,0
BRDA:11178,1035,1,0
BRDA:11191,1036,0,0
BRDA:11191,1036,1,0
BRDA:11191,1036,2,0
BRDA:11191,1036,3,0
BRDA:11205,1037,0,0
BRDA:11205,1037,1,0
BRDA:11205,1037,2,0
BRDA:11223,1038,0,0
BRDA:11223,1038,1,0
BRDA:11233,1039,0,0
BRDA:11233,1039,1,0
BRDA:11296,1040,0,0
BRDA:11296,1040,1,0
BRDA:11296,1041,0,0
BRDA:11296,1041,1,0
BRDA:11308,1042,0,0
BRDA:11308,1042,1,0
BRDA:11517,1043,0,0
BRDA:11517,1043,1,0
BRDA:11518,1044,0,0
BRDA:11518,1044,1,0
BRDA:11519,1045,0,0
BRDA:11519,1045,1,0
BRDA:11520,1046,0,0
BRDA:11520,1046,1,0
BRDA:11525,1047,0,0
BRDA:11525,1047,1,0
BRDA:11526,1048,0,0
BRDA:11526,1048,1,0
BRDA:11527,1049,0,0
BRDA:11527,1049,1,0
BRDA:11528,1050,0,0
BRDA:11528,1050,1,0
BRDA:11529,1051,0,0
BRDA:11529,1051,1,0
BRDA:11546,1052,0,0
BRDA:11546,1052,1,0
BRDA:11590,1053,0,0
BRDA:11590,1053,1,0
BRDA:11630,1054,0,0
BRDA:11630,1054,1,0
BRDA:11635,1055,0,0
BRDA:11635,1055,1,0
BRDA:11635,1056,0,0
BRDA:11635,1056,1,0
BRDA:11642,1057,0,0
BRDA:11642,1057,1,0
BRDA:11649,1058,0,0
BRDA:11649,1058,1,0
BRDA:11665,1059,0,0
BRDA:11665,1059,1,0
BRDA:11676,1060,0,0
BRDA:11676,1060,1,0
BRDA:11685,1061,0,0
BRDA:11685,1061,1,0
BRDA:11685,1062,0,0
BRDA:11685,1062,1,0
BRDA:11685,1062,2,0
BRDA:11700,1063,0,0
BRDA:11700,1063,1,0
BRDA:11738,1064,0,0
BRDA:11738,1064,1,0
BRDA:11777,1065,0,0
BRDA:11777,1065,1,0
BRDA:11795,1066,0,0
BRDA:11795,1066,1,0
BRDA:11797,1067,0,0
BRDA:11797,1067,1,0
BRDA:11808,1068,0,0
BRDA:11808,1068,1,0
BRDA:11826,1069,0,0
BRDA:11826,1069,1,0
BRDA:11868,1070,0,0
BRDA:11868,1070,1,0
BRDA:11871,1071,0,0
BRDA:11871,1071,1,0
BRDA:11875,1072,0,0
BRDA:11875,1072,1,0
BRDA:11891,1073,0,0
BRDA:11891,1073,1,0
BRDA:11894,1074,0,0
BRDA:11894,1074,1,0
BRDA:11897,1075,0,0
BRDA:11897,1075,1,0
BRDA:11907,1076,0,0
BRDA:11916,1077,0,0
BRDA:11916,1077,1,0
BRDA:12075,1078,0,0
BRDA:12075,1078,1,0
BRDA:12098,1079,0,0
BRDA:12098,1079,1,0
BRDA:12098,1080,0,0
BRDA:12098,1080,1,0
BRDA:12120,1081,0,0
BRDA:12120,1081,1,0
BRDA:12127,1082,0,0
BRDA:12127,1082,1,0
BRDA:12155,1083,0,0
BRDA:12155,1083,1,0
BRDA:12158,1084,0,0
BRDA:12158,1084,1,0
BRDA:12161,1085,0,0
BRDA:12161,1085,1,0
BRDA:12162,1086,0,0
BRDA:12162,1086,1,0
BRDA:12165,1087,0,0
BRDA:12165,1087,1,0
BRDA:12175,1088,0,0
BRDA:12175,1088,1,0
BRDA:12180,1089,0,0
BRDA:12180,1089,1,0
BRDA:12183,1090,0,0
BRDA:12183,1090,1,0
BRDA:12185,1091,0,0
BRDA:12185,1091,1,0
BRDA:12185,1092,0,0
BRDA:12185,1092,1,0
BRDA:12188,1093,0,0
BRDA:12188,1093,1,0
BRDA:12192,1094,0,0
BRDA:12192,1094,1,0
BRDA:12197,1095,0,0
BRDA:12197,1095,1,0
BRDA:12200,1096,0,0
BRDA:12200,1096,1,0
BRDA:12202,1097,0,0
BRDA:12202,1097,1,0
BRDA:12202,1098,0,0
BRDA:12202,1098,1,0
BRDA:12205,1099,0,0
BRDA:12205,1099,1,0
BRDA:12209,1100,0,0
BRDA:12209,1100,1,0
BRDA:12214,1101,0,0
BRDA:12214,1101,1,0
BRDA:12217,1102,0,0
BRDA:12217,1102,1,0
BRDA:12217,1103,0,0
BRDA:12217,1103,1,0
BRDA:12220,1104,0,0
BRDA:12220,1104,1,0
BRDA:12224,1105,0,0
BRDA:12224,1105,1,0
BRDA:12228,1106,0,0
BRDA:12228,1106,1,0
BRDA:12231,1107,0,0
BRDA:12231,1107,1,0
BRDA:12234,1108,0,0
BRDA:12234,1108,1,0
BRDA:12239,1109,0,0
BRDA:12239,1109,1,0
BRDA:12240,1110,0,0
BRDA:12240,1110,1,0
BRDA:12251,1111,0,0
BRDA:12251,1111,1,0
BRDA:12252,1112,0,0
BRDA:12252,1112,1,0
BRDA:12261,1113,0,0
BRDA:12261,1113,1,0
BRDA:12262,1114,0,0
BRDA:12262,1114,1,0
BRDA:12263,1115,0,0
BRDA:12263,1115,1,0
BRDA:12265,1116,0,0
BRDA:12265,1116,1,0
BRDA:12266,1117,0,0
BRDA:12266,1117,1,0
BRDA:12275,1118,0,0
BRDA:12275,1118,1,0
BRDA:12276,1119,0,0
BRDA:12276,1119,1,0
BRDA:12277,1120,0,0
BRDA:12277,1120,1,0
BRDA:12279,1121,0,0
BRDA:12279,1121,1,0
BRDA:12280,1122,0,0
BRDA:12280,1122,1,0
BRDA:12290,1123,0,0
BRDA:12290,1123,1,0
BRDA:12290,1124,0,0
BRDA:12290,1124,1,0
BRDA:12290,1124,2,0
BRDA:12290,1124,3,0
BRDA:12314,1125,0,0
BRDA:12314,1125,1,0
BRDA:12314,1126,0,0
BRDA:12314,1126,1,0
BRDA:12332,1127,0,0
BRDA:12332,1127,1,0
BRDA:12338,1128,0,0
BRDA:12338,1128,1,0
BRDA:12339,1129,0,0
BRDA:12339,1129,1,0
BRDA:12354,1130,0,0
BRDA:12354,1130,1,0
BRDA:12359,1131,0,0
BRDA:12359,1131,1,0
BRDA:12365,1132,0,0
BRDA:12365,1132,1,0
BRDA:12366,1133,0,0
BRDA:12366,1133,1,0
BRDA:12369,1134,0,0
BRDA:12369,1134,1,0
BRDA:12375,1135,0,0
BRDA:12375,1135,1,0
BRDA:12384,1136,0,0
BRDA:12384,1136,1,0
BRDA:12389,1137,0,0
BRDA:12389,1137,1,0
BRDA:12392,1138,0,0
BRDA:12392,1138,1,0
BRDA:12393,1139,0,0
BRDA:12393,1139,1,0
BRDA:12409,1140,0,0
BRDA:12409,1140,1,0
BRDA:12422,1141,0,0
BRDA:12422,1141,1,0
BRDA:12423,1142,0,0
BRDA:12423,1142,1,0
BRDA:12447,1143,0,0
BRDA:12447,1143,1,0
BRDA:12464,1144,0,0
BRDA:12464,1144,1,0
BRDA:12465,1145,0,0
BRDA:12465,1145,1,0
BRDA:12484,1146,0,0
BRDA:12484,1146,1,0
BRDA:12494,1147,0,0
BRDA:12494,1147,1,0
BRDA:12495,1148,0,0
BRDA:12495,1148,1,0
BRDA:12498,1149,0,0
BRDA:12498,1149,1,0
BRDA:12504,1150,0,0
BRDA:12504,1150,1,0
BRDA:12505,1151,0,0
BRDA:12505,1151,1,0
BRDA:12511,1152,0,0
BRDA:12511,1152,1,0
BRDA:12513,1153,0,0
BRDA:12513,1153,1,0
BRDA:12535,1154,0,0
BRDA:12535,1154,1,0
BRDA:12535,1155,0,0
BRDA:12535,1155,1,0
BRDA:12567,1156,0,0
BRDA:12567,1156,1,0
BRDA:12567,1157,0,0
BRDA:12567,1157,1,0
BRDA:12581,1158,0,0
BRDA:12581,1158,1,0
BRDA:12581,1158,2,0
BRDA:12581,1158,3,0
BRDA:12581,1158,4,0
BRDA:12626,1159,0,0
BRDA:12626,1159,1,0
BRDA:12636,1160,0,0
BRDA:12636,1160,1,0
BRDA:12636,1161,0,0
BRDA:12636,1161,1,0
BRDA:12639,1162,0,0
BRDA:12639,1162,1,0
BRDA:12639,1162,2,0
BRDA:12639,1162,3,0
BRDA:12660,1163,0,0
BRDA:12660,1163,1,0
BRDA:12661,1164,0,0
BRDA:12661,1164,1,0
BRDA:12662,1165,0,0
BRDA:12662,1165,1,0
BRDA:12663,1166,0,0
BRDA:12663,1166,1,0
BRDA:12679,1167,0,0
BRDA:12679,1167,1,0
BRF:2435
BRH:0
end_of_record
TN:
SF:/Users/jesper/Projects/JNSystems/kaa-infoportal/homepage/src/services/adminHandler.js
FN:9,(anonymous_1)
FN:9,(anonymous_2)
FN:19,(anonymous_3)
FN:19,_loop
FN:23,(anonymous_5)
FN:26,(anonymous_6)
FN:30,(anonymous_7)
FN:33,(anonymous_8)
FN:33,(anonymous_9)
FN:35,(anonymous_10)
FN:37,(anonymous_11)
FN:40,(anonymous_12)
FN:40,(anonymous_13)
FN:47,(anonymous_14)
FN:50,(anonymous_15)
FN:53,(anonymous_16)
FN:53,(anonymous_17)
FN:60,(anonymous_18)
FN:63,(anonymous_19)
FNF:19
FNH:0
FNDA:0,(anonymous_1)
FNDA:0,(anonymous_2)
FNDA:0,(anonymous_3)
FNDA:0,_loop
FNDA:0,(anonymous_5)
FNDA:0,(anonymous_6)
FNDA:0,(anonymous_7)
FNDA:0,(anonymous_8)
FNDA:0,(anonymous_9)
FNDA:0,(anonymous_10)
FNDA:0,(anonymous_11)
FNDA:0,(anonymous_12)
FNDA:0,(anonymous_13)
FNDA:0,(anonymous_14)
FNDA:0,(anonymous_15)
FNDA:0,(anonymous_16)
FNDA:0,(anonymous_17)
FNDA:0,(anonymous_18)
FNDA:0,(anonymous_19)
DA:2,0
DA:3,0
DA:5,0
DA:9,0
DA:10,0
DA:11,0
DA:12,0
DA:13,0
DA:15,0
DA:16,0
DA:18,0
DA:19,0
DA:20,0
DA:21,0
DA:22,0
DA:24,0
DA:25,0
DA:26,0
DA:29,0
DA:30,0
DA:33,0
DA:34,0
DA:35,0
DA:37,0
DA:40,0
DA:41,0
DA:46,0
DA:48,0
DA:50,0
DA:53,0
DA:54,0
DA:59,0
DA:61,0
DA:63,0
LF:34
LH:0
BRDA:15,0,0,0
BRDA:15,0,1,0
BRDA:16,1,0,0
BRDA:16,1,1,0
BRF:4
BRH:0
end_of_record
TN:
SF:/Users/jesper/Projects/JNSystems/kaa-infoportal/homepage/src/services/facilityHandler.js
FN:9,(anonymous_1)
FN:9,(anonymous_2)
FN:11,(anonymous_3)
FN:13,(anonymous_4)
FN:16,(anonymous_5)
FN:16,(anonymous_6)
FN:18,(anonymous_7)
FN:43,addEvent
FN:57,(anonymous_9)
FN:75,(anonymous_10)
FN:78,(anonymous_11)
FN:94,(anonymous_12)
FN:94,(anonymous_13)
FN:116,parseDate
FNF:14
FNH:0
FNDA:0,(anonymous_1)
FNDA:0,(anonymous_2)
FNDA:0,(anonymous_3)
FNDA:0,(anonymous_4)
FNDA:0,(anonymous_5)
FNDA:0,(anonymous_6)
FNDA:0,(anonymous_7)
FNDA:0,addEvent
FNDA:0,(anonymous_9)
FNDA:0,(anonymous_10)
FNDA:0,(anonymous_11)
FNDA:0,(anonymous_12)
FNDA:0,(anonymous_13)
FNDA:0,parseDate
DA:3,0
DA:5,0
DA:9,0
DA:10,0
DA:11,0
DA:13,0
DA:16,0
DA:17,0
DA:19,0
DA:43,0
DA:44,0
DA:47,0
DA:48,0
DA:49,0
DA:50,0
DA:51,0
DA:52,0
DA:53,0
DA:54,0
DA:55,0
DA:57,0
DA:58,0
DA:59,0
DA:61,0
DA:62,0
DA:64,0
DA:65,0
DA:67,0
DA:68,0
DA:71,0
DA:74,0
DA:75,0
DA:78,0
DA:79,0
DA:81,0
DA:82,0
DA:85,0
DA:86,0
DA:89,0
DA:91,0
DA:94,0
DA:95,0
DA:97,0
DA:98,0
DA:99,0
DA:100,0
DA:101,0
DA:106,0
DA:116,0
DA:117,0
DA:119,0
DA:120,0
DA:121,0
DA:122,0
DA:123,0
DA:124,0
DA:126,0
DA:127,0
DA:128,0
DA:129,0
DA:130,0
DA:132,0
LF:62
LH:0
BRDA:58,0,0,0
BRDA:58,0,1,0
BRDA:61,1,0,0
BRDA:61,1,1,0
BRDA:64,2,0,0
BRDA:64,2,1,0
BRDA:67,3,0,0
BRDA:67,3,1,0
BRDA:81,4,0,0
BRDA:81,4,1,0
BRDA:85,5,0,0
BRDA:85,5,1,0
BRDA:97,6,0,0
BRDA:97,6,1,0
BRDA:98,7,0,0
BRDA:98,7,1,0
BRDA:99,8,0,0
BRDA:99,8,1,0
BRDA:117,9,0,0
BRDA:117,9,1,0
BRDA:126,10,0,0
BRDA:126,10,1,0
BRDA:127,11,0,0
BRDA:127,11,1,0
BRDA:128,12,0,0
BRDA:128,12,1,0
BRDA:129,13,0,0
BRDA:129,13,1,0
BRDA:130,14,0,0
BRDA:130,14,1,0
BRF:30
BRH:0
end_of_record
TN:
SF:/Users/jesper/Projects/JNSystems/kaa-infoportal/homepage/src/services/httpService.js
FN:22,(anonymous_1)
FN:22,(anonymous_2)
FN:29,(anonymous_3)
FN:32,(anonymous_4)
FN:35,(anonymous_5)
FN:35,(anonymous_6)
FN:44,(anonymous_7)
FN:47,(anonymous_8)
FN:50,(anonymous_9)
FN:50,(anonymous_10)
FN:53,cbResolve
FN:57,cbReject
FN:84,(anonymous_13)
FN:91,tryRequesting
FN:95,(anonymous_15)
FN:98,(anonymous_16)
FN:105,(anonymous_17)
FNF:17
FNH:0
FNDA:0,(anonymous_1)
FNDA:0,(anonymous_2)
FNDA:0,(anonymous_3)
FNDA:0,(anonymous_4)
FNDA:0,(anonymous_5)
FNDA:0,(anonymous_6)
FNDA:0,(anonymous_7)
FNDA:0,(anonymous_8)
FNDA:0,(anonymous_9)
FNDA:0,(anonymous_10)
FNDA:0,cbResolve
FNDA:0,cbReject
FNDA:0,(anonymous_13)
FNDA:0,tryRequesting
FNDA:0,(anonymous_15)
FNDA:0,(anonymous_16)
FNDA:0,(anonymous_17)
DA:2,0
DA:3,0
DA:4,0
DA:6,0
DA:7,0
DA:17,0
DA:18,0
DA:19,0
DA:22,0
DA:23,0
DA:24,0
DA:25,0
DA:27,0
DA:28,0
DA:30,0
DA:32,0
DA:35,0
DA:36,0
DA:37,0
DA:38,0
DA:40,0
DA:41,0
DA:43,0
DA:45,0
DA:47,0
DA:50,0
DA:51,0
DA:53,0
DA:54,0
DA:55,0
DA:57,0
DA:58,0
DA:61,0
DA:63,0
DA:64,0
DA:66,0
DA:67,0
DA:68,0
DA:69,0
DA:70,0
DA:72,0
DA:73,0
DA:75,0
DA:78,0
DA:79,0
DA:82,0
DA:84,0
DA:85,0
DA:86,0
DA:91,0
DA:92,0
DA:94,0
DA:96,0
DA:99,0
DA:100,0
DA:101,0
DA:103,0
DA:105,0
DA:106,0
LF:59
LH:0
BRDA:17,0,0,0
BRDA:17,0,1,0
BRDA:23,1,0,0
BRDA:23,1,1,0
BRDA:36,2,0,0
BRDA:36,2,1,0
BRDA:41,3,0,0
BRDA:41,3,1,0
BRDA:41,3,2,0
BRDA:61,4,0,0
BRDA:61,4,1,0
BRDA:63,5,0,0
BRDA:63,5,1,0
BRDA:64,6,0,0
BRDA:64,6,1,0
BRDA:67,7,0,0
BRDA:67,7,1,0
BRDA:68,8,0,0
BRDA:68,8,1,0
BRDA:69,9,0,0
BRDA:69,9,1,0
BRDA:70,10,0,0
BRDA:70,10,1,0
BRDA:72,11,0,0
BRDA:72,11,1,0
BRDA:78,12,0,0
BRDA:78,12,1,0
BRDA:85,13,0,0
BRDA:85,13,1,0
BRDA:99,14,0,0
BRDA:99,14,1,0
BRDA:99,15,0,0
BRDA:99,15,1,0
BRF:33
BRH:0
end_of_record
TN:
SF:/Users/jesper/Projects/JNSystems/kaa-infoportal/homepage/src/services/kaaDashboardHandler.js
FNF:0
FNH:0
DA:1,0
DA:2,0
DA:3,0
DA:6,0
DA:10,0
DA:11,0
DA:12,0
DA:20,0
DA:21,0
LF:9
LH:0
BRDA:10,0,0,0
BRDA:10,0,1,0
BRDA:10,1,0,0
BRDA:10,1,1,0
BRDA:21,2,0,0
BRDA:21,2,1,0
BRF:6
BRH:0
end_of_record
TN:
SF:/Users/jesper/Projects/JNSystems/kaa-infoportal/homepage/src/services/maintenanceHandler.js
FN:8,(anonymous_1)
FN:8,(anonymous_2)
FN:13,(anonymous_3)
FN:15,(anonymous_4)
FNF:4
FNH:0
FNDA:0,(anonymous_1)
FNDA:0,(anonymous_2)
FNDA:0,(anonymous_3)
FNDA:0,(anonymous_4)
DA:2,0
DA:4,0
DA:8,0
DA:9,0
DA:10,0
DA:12,0
DA:14,0
DA:15,0
LF:8
LH:0
BRF:0
BRH:0
end_of_record
TN:
SF:/Users/jesper/Projects/JNSystems/kaa-infoportal/homepage/src/services/reportHandler.js
FN:11,(anonymous_1)
FN:11,(anonymous_2)
FN:15,(anonymous_3)
FN:23,(anonymous_4)
FN:26,(anonymous_5)
FN:26,(anonymous_6)
FN:30,(anonymous_7)
FN:34,(anonymous_8)
FN:37,(anonymous_9)
FN:37,(anonymous_10)
FN:45,(anonymous_11)
FN:49,(anonymous_12)
FN:52,capitalize
FNF:13
FNH:0
FNDA:0,(anonymous_1)
FNDA:0,(anonymous_2)
FNDA:0,(anonymous_3)
FNDA:0,(anonymous_4)
FNDA:0,(anonymous_5)
FNDA:0,(anonymous_6)
FNDA:0,(anonymous_7)
FNDA:0,(anonymous_8)
FNDA:0,(anonymous_9)
FNDA:0,(anonymous_10)
FNDA:0,(anonymous_11)
FNDA:0,(anonymous_12)
FNDA:0,capitalize
DA:2,0
DA:6,0
DA:11,0
DA:12,0
DA:14,0
DA:16,0
DA:17,0
DA:18,0
DA:19,0
DA:21,0
DA:23,0
DA:26,0
DA:27,0
DA:29,0
DA:31,0
DA:32,0
DA:34,0
DA:37,0
DA:38,0
DA:39,0
DA:41,0
DA:42,0
DA:44,0
DA:46,0
DA:47,0
DA:49,0
DA:52,0
DA:53,0
DA:54,0
DA:55,0
DA:56,0
DA:57,0
LF:32
LH:0
BRDA:38,0,0,0
BRDA:38,0,1,0
BRDA:39,1,0,0
BRDA:39,1,1,0
BRDA:54,2,0,0
BRDA:54,2,1,0
BRF:6
BRH:0
end_of_record
TN:
SF:/Users/jesper/Projects/JNSystems/kaa-infoportal/homepage/src/services/socketService.js
FN:18,(anonymous_1)
FN:19,(anonymous_2)
FN:21,(anonymous_3)
FN:27,(anonymous_4)
FN:31,emit
FN:34,on
FN:43,(anonymous_7)
FN:47,(anonymous_8)
FN:49,(anonymous_9)
FN:49,(anonymous_10)
FN:70,(anonymous_11)
FN:78,(anonymous_12)
FN:80,(anonymous_13)
FN:87,(anonymous_14)
FN:87,(anonymous_15)
FN:107,(anonymous_16)
FN:115,(anonymous_17)
FN:117,(anonymous_18)
FN:124,(anonymous_19)
FN:124,(anonymous_20)
FN:126,(anonymous_21)
FN:134,(anonymous_22)
FN:135,(anonymous_23)
FNF:23
FNH:0
FNDA:0,(anonymous_1)
FNDA:0,(anonymous_2)
FNDA:0,(anonymous_3)
FNDA:0,(anonymous_4)
FNDA:0,emit
FNDA:0,on
FNDA:0,(anonymous_7)
FNDA:0,(anonymous_8)
FNDA:0,(anonymous_9)
FNDA:0,(anonymous_10)
FNDA:0,(anonymous_11)
FNDA:0,(anonymous_12)
FNDA:0,(anonymous_13)
FNDA:0,(anonymous_14)
FNDA:0,(anonymous_15)
FNDA:0,(anonymous_16)
FNDA:0,(anonymous_17)
FNDA:0,(anonymous_18)
FNDA:0,(anonymous_19)
FNDA:0,(anonymous_20)
FNDA:0,(anonymous_21)
FNDA:0,(anonymous_22)
FNDA:0,(anonymous_23)
DA:1,0
DA:2,0
DA:4,0
DA:6,0
DA:14,0
DA:15,0
DA:18,0
DA:19,0
DA:21,0
DA:22,0
DA:23,0
DA:24,0
DA:27,0
DA:28,0
DA:29,0
DA:30,0
DA:32,0
DA:35,0
DA:39,0
DA:43,0
DA:44,0
DA:47,0
DA:49,0
DA:50,0
DA:51,0
DA:52,0
DA:53,0
DA:54,0
DA:55,0
DA:57,0
DA:58,0
DA:59,0
DA:60,0
DA:61,0
DA:63,0
DA:64,0
DA:65,0
DA:66,0
DA:69,0
DA:71,0
DA:72,0
DA:74,0
DA:75,0
DA:78,0
DA:80,0
DA:81,0
DA:82,0
DA:87,0
DA:88,0
DA:89,0
DA:90,0
DA:91,0
DA:92,0
DA:94,0
DA:95,0
DA:96,0
DA:97,0
DA:98,0
DA:100,0
DA:101,0
DA:102,0
DA:103,0
DA:106,0
DA:108,0
DA:109,0
DA:111,0
DA:112,0
DA:115,0
DA:117,0
DA:118,0
DA:119,0
DA:124,0
DA:125,0
DA:126,0
DA:127,0
DA:128,0
DA:130,0
DA:134,0
DA:135,0
DA:136,0
LF:80
LH:0
BRDA:14,0,0,0
BRDA:14,0,1,0
BRDA:14,1,0,0
BRDA:14,1,1,0
BRDA:21,2,0,0
BRDA:21,2,1,0
BRDA:21,3,0,0
BRDA:21,3,1,0
BRDA:23,4,0,0
BRDA:23,4,1,0
BRDA:28,5,0,0
BRDA:28,5,1,0
BRDA:28,6,0,0
BRDA:28,6,1,0
BRDA:50,7,0,0
BRDA:50,7,1,0
BRDA:57,8,0,0
BRDA:57,8,1,0
BRDA:58,9,0,0
BRDA:58,9,1,0
BRDA:60,10,0,0
BRDA:60,10,1,0
BRDA:63,11,0,0
BRDA:63,11,1,0
BRDA:65,12,0,0
BRDA:65,12,1,0
BRDA:71,13,0,0
BRDA:71,13,1,0
BRDA:81,14,0,0
BRDA:81,14,1,0
BRDA:94,15,0,0
BRDA:94,15,1,0
BRDA:95,16,0,0
BRDA:95,16,1,0
BRDA:97,17,0,0
BRDA:97,17,1,0
BRDA:100,18,0,0
BRDA:100,18,1,0
BRDA:102,19,0,0
BRDA:102,19,1,0
BRDA:108,20,0,0
BRDA:108,20,1,0
BRDA:118,21,0,0
BRDA:118,21,1,0
BRDA:127,22,0,0
BRDA:127,22,1,0
BRF:46
BRH:0
end_of_record
TN:
SF:/Users/jesper/Projects/JNSystems/kaa-infoportal/homepage/src/services/userHandler.js
FN:8,(anonymous_1)
FN:8,(anonymous_2)
FN:10,(anonymous_3)
FN:12,(anonymous_4)
FN:15,(anonymous_5)
FN:15,(anonymous_6)
FN:22,(anonymous_7)
FN:25,(anonymous_8)
FN:28,(anonymous_9)
FN:28,(anonymous_10)
FN:30,(anonymous_11)
FN:36,(anonymous_12)
FN:39,(anonymous_13)
FN:39,(anonymous_14)
FN:41,(anonymous_15)
FN:47,(anonymous_16)
FN:50,(anonymous_17)
FN:50,(anonymous_18)
FN:52,(anonymous_19)
FN:63,(anonymous_20)
FN:66,(anonymous_21)
FN:66,(anonymous_22)
FN:68,(anonymous_23)
FN:70,(anonymous_24)
FN:83,(anonymous_25)
FN:92,(anonymous_26)
FN:95,(anonymous_27)
FN:95,(anonymous_28)
FN:98,(anonymous_29)
FN:99,(anonymous_30)
FN:110,(anonymous_31)
FN:111,(anonymous_32)
FN:114,(anonymous_33)
FN:114,(anonymous_34)
FN:121,(anonymous_35)
FN:124,(anonymous_36)
FN:127,(anonymous_37)
FN:127,(anonymous_38)
FN:134,(anonymous_39)
FN:137,(anonymous_40)
FN:140,(anonymous_41)
FN:140,(anonymous_42)
FN:156,(anonymous_43)
FN:158,(anonymous_44)
FN:164,(anonymous_45)
FN:164,(anonymous_46)
FN:166,(anonymous_47)
FN:177,(anonymous_48)
FN:180,(anonymous_49)
FN:180,(anonymous_50)
FN:182,(anonymous_51)
FN:192,(anonymous_52)
FN:195,(anonymous_53)
FN:195,(anonymous_54)
FN:203,(anonymous_55)
FN:206,(anonymous_56)
FN:209,(anonymous_57)
FN:209,(anonymous_58)
FN:217,(anonymous_59)
FN:220,(anonymous_60)
FN:223,(anonymous_61)
FN:223,(anonymous_62)
FN:228,(anonymous_63)
FN:229,(anonymous_64)
FN:232,(anonymous_65)
FN:232,(anonymous_66)
FN:239,(anonymous_67)
FN:240,(anonymous_68)
FN:243,(anonymous_69)
FN:243,(anonymous_70)
FN:245,(anonymous_71)
FN:260,(anonymous_72)
FN:264,(anonymous_73)
FN:264,(anonymous_74)
FN:271,(anonymous_75)
FN:272,(anonymous_76)
FN:275,(anonymous_77)
FN:275,(anonymous_78)
FN:277,(anonymous_79)
FN:280,(anonymous_80)
FN:283,(anonymous_81)
FN:283,(anonymous_82)
FN:288,(anonymous_83)
FN:289,(anonymous_84)
FNF:84
FNH:0
FNDA:0,(anonymous_1)
FNDA:0,(anonymous_2)
FNDA:0,(anonymous_3)
FNDA:0,(anonymous_4)
FNDA:0,(anonymous_5)
FNDA:0,(anonymous_6)
FNDA:0,(anonymous_7)
FNDA:0,(anonymous_8)
FNDA:0,(anonymous_9)
FNDA:0,(anonymous_10)
FNDA:0,(anonymous_11)
FNDA:0,(anonymous_12)
FNDA:0,(anonymous_13)
FNDA:0,(anonymous_14)
FNDA:0,(anonymous_15)
FNDA:0,(anonymous_16)
FNDA:0,(anonymous_17)
FNDA:0,(anonymous_18)
FNDA:0,(anonymous_19)
FNDA:0,(anonymous_20)
FNDA:0,(anonymous_21)
FNDA:0,(anonymous_22)
FNDA:0,(anonymous_23)
FNDA:0,(anonymous_24)
FNDA:0,(anonymous_25)
FNDA:0,(anonymous_26)
FNDA:0,(anonymous_27)
FNDA:0,(anonymous_28)
FNDA:0,(anonymous_29)
FNDA:0,(anonymous_30)
FNDA:0,(anonymous_31)
FNDA:0,(anonymous_32)
FNDA:0,(anonymous_33)
FNDA:0,(anonymous_34)
FNDA:0,(anonymous_35)
FNDA:0,(anonymous_36)
FNDA:0,(anonymous_37)
FNDA:0,(anonymous_38)
FNDA:0,(anonymous_39)
FNDA:0,(anonymous_40)
FNDA:0,(anonymous_41)
FNDA:0,(anonymous_42)
FNDA:0,(anonymous_43)
FNDA:0,(anonymous_44)
FNDA:0,(anonymous_45)
FNDA:0,(anonymous_46)
FNDA:0,(anonymous_47)
FNDA:0,(anonymous_48)
FNDA:0,(anonymous_49)
FNDA:0,(anonymous_50)
FNDA:0,(anonymous_51)
FNDA:0,(anonymous_52)
FNDA:0,(anonymous_53)
FNDA:0,(anonymous_54)
FNDA:0,(anonymous_55)
FNDA:0,(anonymous_56)
FNDA:0,(anonymous_57)
FNDA:0,(anonymous_58)
FNDA:0,(anonymous_59)
FNDA:0,(anonymous_60)
FNDA:0,(anonymous_61)
FNDA:0,(anonymous_62)
FNDA:0,(anonymous_63)
FNDA:0,(anonymous_64)
FNDA:0,(anonymous_65)
FNDA:0,(anonymous_66)
FNDA:0,(anonymous_67)
FNDA:0,(anonymous_68)
FNDA:0,(anonymous_69)
FNDA:0,(anonymous_70)
FNDA:0,(anonymous_71)
FNDA:0,(anonymous_72)
FNDA:0,(anonymous_73)
FNDA:0,(anonymous_74)
FNDA:0,(anonymous_75)
FNDA:0,(anonymous_76)
FNDA:0,(anonymous_77)
FNDA:0,(anonymous_78)
FNDA:0,(anonymous_79)
FNDA:0,(anonymous_80)
FNDA:0,(anonymous_81)
FNDA:0,(anonymous_82)
FNDA:0,(anonymous_83)
FNDA:0,(anonymous_84)
DA:2,0
DA:4,0
DA:8,0
DA:9,0
DA:11,0
DA:12,0
DA:15,0
DA:16,0
DA:21,0
DA:23,0
DA:25,0
DA:28,0
DA:29,0
DA:31,0
DA:32,0
DA:33,0
DA:35,0
DA:36,0
DA:39,0
DA:40,0
DA:42,0
DA:43,0
DA:44,0
DA:46,0
DA:47,0
DA:50,0
DA:51,0
DA:53,0
DA:54,0
DA:55,0
DA:62,0
DA:63,0
DA:66,0
DA:67,0
DA:69,0
DA:70,0
DA:71,0
DA:82,0
DA:83,0
DA:84,0
DA:85,0
DA:86,0
DA:88,0
DA:91,0
DA:92,0
DA:95,0
DA:96,0
DA:97,0
DA:98,0
DA:99,0
DA:100,0
DA:104,0
DA:109,0
DA:110,0
DA:111,0
DA:114,0
DA:115,0
DA:120,0
DA:122,0
DA:124,0
DA:127,0
DA:128,0
DA:133,0
DA:135,0
DA:137,0
DA:140,0
DA:141,0
DA:142,0
DA:143,0
DA:146,0
DA:155,0
DA:157,0
DA:159,0
DA:160,0
DA:164,0
DA:165,0
DA:167,0
DA:168,0
DA:169,0
DA:176,0
DA:177,0
DA:180,0
DA:181,0
DA:183,0
DA:184,0
DA:185,0
DA:186,0
DA:191,0
DA:192,0
DA:195,0
DA:196,0
DA:201,0
DA:204,0
DA:206,0
DA:209,0
DA:210,0
DA:215,0
DA:218,0
DA:220,0
DA:223,0
DA:224,0
DA:225,0
DA:227,0
DA:228,0
DA:229,0
DA:232,0
DA:233,0
DA:238,0
DA:239,0
DA:240,0
DA:243,0
DA:244,0
DA:246,0
DA:247,0
DA:248,0
DA:249,0
DA:251,0
DA:252,0
DA:258,0
DA:260,0
DA:264,0
DA:265,0
DA:270,0
DA:271,0
DA:272,0
DA:275,0
DA:276,0
DA:278,0
DA:280,0
DA:283,0
DA:284,0
DA:285,0
DA:287,0
DA:288,0
DA:289,0
LF:135
LH:0
BRDA:85,0,0,0
BRDA:85,0,1,0
BRDA:141,1,0,0
BRDA:141,1,1,0
BRDA:283,2,0,0
BRDA:283,2,1,0
BRDA:283,3,0,0
BRDA:283,3,1,0
BRF:8
BRH:0
end_of_record
